src/components/common/BulkPermanentDeleteDialog.tsx(31,6): error TS2375: Type '{ open: boolean; onOpenChange: (open: boolean) => void; type: "permanent"; bulk: true; selectedCount: number; title: string | undefined; description: string | undefined; onConfirm: () => void; isPending: boolean; }' is not assignable to type 'DeleteDialogProps' with 'exactOptionalPropertyTypes: true'. Consider adding 'undefined' to the types of the target's properties.
  Types of property 'title' are incompatible.
    Type 'string | undefined' is not assignable to type 'string'.
      Type 'undefined' is not assignable to type 'string'.
src/components/common/BulkSoftDeleteDialog.tsx(36,6): error TS2375: Type '{ open: boolean; onOpenChange: (open: boolean) => void; type: "soft"; bulk: true; selectedCount: number; title: string | undefined; description: string | undefined; onConfirm: (endDate?: string | null | undefined) => void; isPending: boolean; }' is not assignable to type 'DeleteDialogProps' with 'exactOptionalPropertyTypes: true'. Consider adding 'undefined' to the types of the target's properties.
  Types of property 'title' are incompatible.
    Type 'string | undefined' is not assignable to type 'string'.
      Type 'undefined' is not assignable to type 'string'.
src/components/common/DeleteDialog.tsx(107,50): error TS2345: Argument of type 'string | undefined' is not assignable to parameter of type 'string | (() => string)'.
  Type 'undefined' is not assignable to type 'string | (() => string)'.
src/components/common/DeleteDialog.tsx(113,18): error TS2345: Argument of type 'string | undefined' is not assignable to parameter of type 'SetStateAction<string>'.
  Type 'undefined' is not assignable to type 'SetStateAction<string>'.
src/components/common/SoftDeleteDialog.tsx(37,6): error TS2375: Type '{ open: boolean; onOpenChange: (open: boolean) => void; type: "soft"; bulk: false; title: string; description: string; onConfirm: (endDate?: string | null | undefined) => void; isPending: boolean; onSwitchToPermanent: (() => void) | undefined; }' is not assignable to type 'DeleteDialogProps' with 'exactOptionalPropertyTypes: true'. Consider adding 'undefined' to the types of the target's properties.
  Types of property 'onSwitchToPermanent' are incompatible.
    Type '(() => void) | undefined' is not assignable to type '() => void'.
      Type 'undefined' is not assignable to type '() => void'.
src/components/ui/context-menu.tsx(94,4): error TS2375: Type '{ children: (ReactNode | Element)[]; key?: Key | null | undefined; property?: string | undefined; is?: string | undefined; slot?: string | undefined; style?: CSSProperties | undefined; ... 278 more ...; checked: CheckedState | undefined; }' is not assignable to type 'ContextMenuCheckboxItemProps' with 'exactOptionalPropertyTypes: true'. Consider adding 'undefined' to the types of the target's properties.
  Types of property 'checked' are incompatible.
    Type 'CheckedState | undefined' is not assignable to type 'CheckedState'.
      Type 'undefined' is not assignable to type 'CheckedState'.
src/components/ui/display/dropdown-menu.tsx(95,4): error TS2375: Type '{ children: (ReactNode | Element)[]; key?: Key | null | undefined; property?: string | undefined; is?: string | undefined; slot?: string | undefined; style?: CSSProperties | undefined; ... 278 more ...; checked: CheckedState | undefined; }' is not assignable to type 'DropdownMenuCheckboxItemProps' with 'exactOptionalPropertyTypes: true'. Consider adding 'undefined' to the types of the target's properties.
  Types of property 'checked' are incompatible.
    Type 'CheckedState | undefined' is not assignable to type 'CheckedState'.
      Type 'undefined' is not assignable to type 'CheckedState'.
src/components/ui/form/SearchableSelect.test.tsx(99,23): error TS2532: Object is possibly 'undefined'.
src/components/ui/form/SearchableSelect.tsx(225,8): error TS2375: Type '{ isOpen: boolean; disabled: boolean; value: string | undefined; selectedOptionLabel: string | undefined; placeholder: string; inputRef: RefObject<HTMLInputElement | null>; searchTerm: string; setSearchTerm: Dispatch<...>; onOpen: () => void; onClear: (e: MouseEvent<...>) => void; }' is not assignable to type '{ isOpen: boolean; disabled: boolean; value?: string; selectedOptionLabel?: string; placeholder: string; inputRef: RefObject<HTMLInputElement | null>; searchTerm: string; setSearchTerm: (v: string) => void; onOpen: () => void; onClear: (e: MouseEvent<...>) => void; }' with 'exactOptionalPropertyTypes: true'. Consider adding 'undefined' to the types of the target's properties.
  Types of property 'value' are incompatible.
    Type 'string | undefined' is not assignable to type 'string'.
      Type 'undefined' is not assignable to type 'string'.
src/components/ui/form/SearchableSelect.tsx(240,12): error TS2375: Type '{ options: SelectOption[]; selectedValue: string | undefined; onSelect: (optionValue: string) => void; }' is not assignable to type '{ options: SelectOption[]; selectedValue?: string; onSelect: (value: string) => void; }' with 'exactOptionalPropertyTypes: true'. Consider adding 'undefined' to the types of the target's properties.
  Types of property 'selectedValue' are incompatible.
    Type 'string | undefined' is not assignable to type 'string'.
      Type 'undefined' is not assignable to type 'string'.
src/contexts/SystemSettingsContext.tsx(70,32): error TS2345: Argument of type 'string | undefined' is not assignable to parameter of type 'string'.
  Type 'undefined' is not assignable to type 'string'.
src/features/adjustments/pages/AdjustmentsListPage.tsx(52,68): error TS2379: Argument of type '{ lot_id: number | undefined; adjustment_type: AdjustmentType | undefined; }' is not assignable to parameter of type 'AdjustmentsListParams' with 'exactOptionalPropertyTypes: true'. Consider adding 'undefined' to the types of the target's properties.
  Types of property 'lot_id' are incompatible.
    Type 'number | undefined' is not assignable to type 'number'.
      Type 'undefined' is not assignable to type 'number'.
src/features/admin/components/PageVisibilityEditor.tsx(50,56): error TS2538: Type 'undefined' cannot be used as an index type.
src/features/admin/components/SeedSimulateDialog/hooks/useSimulationForm.test.ts(74,58): error TS2538: Type 'undefined' cannot be used as an index type.
src/features/admin/components/SeedSimulateDialog/hooks/useSimulationForm.test.ts(77,46): error TS2345: Argument of type 'string | undefined' is not assignable to parameter of type 'string'.
  Type 'undefined' is not assignable to type 'string'.
src/features/admin/components/SeedSimulateDialog/hooks/useSimulationForm.ts(15,13): error TS2345: Argument of type '(prev: SimulateSeedRequest) => { profile: null; warehouses: number | undefined; random_seed?: number | null; customers?: number | null; suppliers?: number | null; ... 10 more ...; case_mix?: Record<...> | null; } | { ...; }' is not assignable to parameter of type 'SetStateAction<SimulateSeedRequest>'.
  Type '(prev: SimulateSeedRequest) => { profile: null; warehouses: number | undefined; random_seed?: number | null; customers?: number | null; suppliers?: number | null; ... 10 more ...; case_mix?: Record<...> | null; } | { ...; }' is not assignable to type '(prevState: SimulateSeedRequest) => SimulateSeedRequest'.
    Type '{ profile: null; warehouses: number | undefined; random_seed?: number | null; customers?: number | null; suppliers?: number | null; products?: number | null; lots?: number | null; orders?: number | null; ... 7 more ...; case_mix?: Record<...> | null; } | { ...; }' is not assignable to type 'SimulateSeedRequest' with 'exactOptionalPropertyTypes: true'. Consider adding 'undefined' to the types of the target's properties.
      Type '{ profile: null; warehouses: number | undefined; random_seed?: number | null; customers?: number | null; suppliers?: number | null; products?: number | null; lots?: number | null; orders?: number | null; ... 7 more ...; case_mix?: Record<string, number> | null; }' is not assignable to type 'SimulateSeedRequest' with 'exactOptionalPropertyTypes: true'. Consider adding 'undefined' to the types of the target's properties.
        Types of property 'warehouses' are incompatible.
          Type 'number | undefined' is not assignable to type 'number'.
            Type 'undefined' is not assignable to type 'number'.
src/features/admin/components/system-settings/DiagnosticsSection.tsx(205,61): error TS2304: Cannot find name 'SchemaCheckIssue'.
src/features/allocations/api.ts(44,39): error TS2379: Argument of type '{ supplier_item_id: number; warehouse_id: number | undefined; }' is not assignable to parameter of type '{ supplier_item_id: number; warehouse_id?: number; min_quantity?: number; }' with 'exactOptionalPropertyTypes: true'. Consider adding 'undefined' to the types of the target's properties.
  Types of property 'warehouse_id' are incompatible.
    Type 'number | undefined' is not assignable to type 'number'.
      Type 'undefined' is not assignable to type 'number'.
src/features/allocations/components/allocation-list/line-based/AllocationListContent.tsx(97,15): error TS2322: Type 'LineWithOrderInfo | GroupedOrder | undefined' is not assignable to type 'LineWithOrderInfo | GroupedOrder'.
  Type 'undefined' is not assignable to type 'LineWithOrderInfo | GroupedOrder'.
src/features/allocations/components/allocation-list/line-based/helpers.ts(16,5): error TS2322: Type 'string | undefined' is not assignable to type 'string'.
  Type 'undefined' is not assignable to type 'string'.
src/features/allocations/components/allocation-list/line-based/LineItem.tsx(59,14): error TS2375: Type '{ order: OrderWithLinesResponse; line: OrderLine; customerName: string; productName: string; deliveryPlaceName: string | undefined; }' is not assignable to type 'AllocationRowContainerProps' with 'exactOptionalPropertyTypes: true'. Consider adding 'undefined' to the types of the target's properties.
  Types of property 'deliveryPlaceName' are incompatible.
    Type 'string | undefined' is not assignable to type 'string'.
      Type 'undefined' is not assignable to type 'string'.
src/features/allocations/components/allocation-list/line-based/OrderGroupLineItem.tsx(51,12): error TS2375: Type '{ order: OrderWithLinesResponse; line: OrderLine; customerName: string; productName: string; deliveryPlaceName: string | undefined; }' is not assignable to type 'AllocationRowContainerProps' with 'exactOptionalPropertyTypes: true'. Consider adding 'undefined' to the types of the target's properties.
  Types of property 'deliveryPlaceName' are incompatible.
    Type 'string | undefined' is not assignable to type 'string'.
      Type 'undefined' is not assignable to type 'string'.
src/features/allocations/components/lots/AllocationRowContainer.tsx(55,5): error TS2769: No overload matches this call.
  Overload 1 of 2, '(predicate: (value: { lot_id: number; lot_number: string; available_quantity: number; expiry_date: string | null | undefined; product_code: string; warehouse_code: string; free_qty: number; current_quantity: number; ... 6 more ...; external_unit: null; }, index: number, array: { ...; }[]) => value is { ...; }, thisArg?: any): { ...; }[]', gave the following error.
    Argument of type '(lot: { is_expired?: boolean; expiry_date?: string | null; }) => boolean' is not assignable to parameter of type '(value: { lot_id: number; lot_number: string; available_quantity: number; expiry_date: string | null | undefined; product_code: string; warehouse_code: string; free_qty: number; current_quantity: number; ... 6 more ...; external_unit: null; }, index: number, array: { ...; }[]) => value is { ...; }'.
      Types of parameters 'lot' and 'value' are incompatible.
        Type '{ lot_id: number; lot_number: string; available_quantity: number; expiry_date: string | null | undefined; product_code: string; warehouse_code: string; free_qty: number; current_quantity: number; ... 6 more ...; external_unit: null; }' is not assignable to type '{ is_expired?: boolean; expiry_date?: string | null; }' with 'exactOptionalPropertyTypes: true'. Consider adding 'undefined' to the types of the target's properties.
          Types of property 'expiry_date' are incompatible.
            Type 'string | null | undefined' is not assignable to type 'string | null'.
              Type 'undefined' is not assignable to type 'string | null'.
  Overload 2 of 2, '(predicate: (value: { lot_id: number; lot_number: string; available_quantity: number; expiry_date: string | null | undefined; product_code: string; warehouse_code: string; free_qty: number; current_quantity: number; ... 6 more ...; external_unit: null; }, index: number, array: { ...; }[]) => unknown, thisArg?: any): { ...; }[]', gave the following error.
    Argument of type '(lot: { is_expired?: boolean; expiry_date?: string | null; }) => boolean' is not assignable to parameter of type '(value: { lot_id: number; lot_number: string; available_quantity: number; expiry_date: string | null | undefined; product_code: string; warehouse_code: string; free_qty: number; current_quantity: number; ... 6 more ...; external_unit: null; }, index: number, array: { ...; }[]) => unknown'.
      Types of parameters 'lot' and 'value' are incompatible.
        Type '{ lot_id: number; lot_number: string; available_quantity: number; expiry_date: string | null | undefined; product_code: string; warehouse_code: string; free_qty: number; current_quantity: number; ... 6 more ...; external_unit: null; }' is not assignable to type '{ is_expired?: boolean; expiry_date?: string | null; }' with 'exactOptionalPropertyTypes: true'. Consider adding 'undefined' to the types of the target's properties.
          Types of property 'expiry_date' are incompatible.
            Type 'string | null | undefined' is not assignable to type 'string | null'.
              Type 'undefined' is not assignable to type 'string | null'.
src/features/allocations/components/lots/AllocationRowContainer.tsx(89,7): error TS2322: Type '{ lot_id: number; lot_number: string; available_quantity: number; expiry_date: string | null | undefined; product_code: string; warehouse_code: string; free_qty: number; current_quantity: number; ... 6 more ...; external_unit: null; }[]' is not assignable to type 'CandidateLotItem[]'.
  Type '{ lot_id: number; lot_number: string; available_quantity: number; expiry_date: string | null | undefined; product_code: string; warehouse_code: string; free_qty: number; current_quantity: number; ... 6 more ...; external_unit: null; }' is not assignable to type 'CandidateLotItem' with 'exactOptionalPropertyTypes: true'. Consider adding 'undefined' to the types of the target's properties.
    Types of property 'expiry_date' are incompatible.
      Type 'string | null | undefined' is not assignable to type 'string | null'.
        Type 'undefined' is not assignable to type 'string | null'.
src/features/allocations/components/lots/hooks/useForecastData.ts(14,20): error TS2379: Argument of type '{ customer_id: number | undefined; delivery_place_id: number | undefined; supplier_item_id: number | undefined; limit: number; }' is not assignable to parameter of type '{ skip?: number; limit?: number; customer_id?: number | null; delivery_place_id?: number | null; supplier_item_id?: number | null; }' with 'exactOptionalPropertyTypes: true'. Consider adding 'undefined' to the types of the target's properties.
  Types of property 'customer_id' are incompatible.
    Type 'number | undefined' is not assignable to type 'number | null'.
      Type 'undefined' is not assignable to type 'number | null'.
src/features/allocations/components/lots/LotAllocationHeader.tsx(92,6): error TS2375: Type '{ orderNumber: string; productCode: string; productName: string; deliveryDate: string; orderUnit: string; inventoryUnit: string; orderQuantity: number; isComplete: boolean; justSaved: false; ... 19 more ...; lineStatus?: string | null; }' is not assignable to type 'LotAllocationHeaderViewProps' with 'exactOptionalPropertyTypes: true'. Consider adding 'undefined' to the types of the target's properties.
  Types of property 'supplierName' are incompatible.
    Type 'string | undefined' is not assignable to type 'string'.
      Type 'undefined' is not assignable to type 'string'.
src/features/allocations/components/lots/LotAllocationList.tsx(36,33): error TS2532: Object is possibly 'undefined'.
src/features/allocations/components/lots/LotAllocationPanel.tsx(196,12): error TS2375: Type '{ order: OrderWithLinesResponse | undefined; orderLine: OrderLine; customerName: string; productName: string; deliveryPlaceName: string; requiredQty: number; ... 11 more ...; lineStatus: string; }' is not assignable to type 'LotAllocationHeaderProps' with 'exactOptionalPropertyTypes: true'. Consider adding 'undefined' to the types of the target's properties.
  Types of property 'order' are incompatible.
    Type 'OrderWithLinesResponse | undefined' is not assignable to type 'OrderWithLinesResponse'.
      Type 'undefined' is not assignable to type 'OrderWithLinesResponse'.
        Type 'undefined' is not assignable to type 'Omit<{ customer_id: number; order_date: string; id: number; status: string; created_at: string; updated_at: string; ocr_source_filename?: string | null; cancel_reason?: string | null; locked_by_user_id?: number | null; locked_by_user_name?: string | null; locked_at?: string | null; lock_expires_at?: string | null; l...'.
src/features/allocations/components/orders/OrderLinesPane.tsx(113,6): error TS2375: Type '{ displayLines: OrderLineDisplay[]; orderLinesCount: number; renderInlineLots: boolean; inlineLotContent: ((line: OrderLine) => ReactNode) | undefined; onLineClick: (line: OrderLine) => void; isLoading: boolean; error: Error | null; }' is not assignable to type 'OrderLinesPaneViewProps' with 'exactOptionalPropertyTypes: true'. Consider adding 'undefined' to the types of the target's properties.
  Types of property 'inlineLotContent' are incompatible.
    Type '((line: OrderLine) => ReactNode) | undefined' is not assignable to type '(line: OrderLine) => ReactNode'.
      Type 'undefined' is not assignable to type '(line: OrderLine) => ReactNode'.
src/features/allocations/components/shared/WarehouseAllocationModal.tsx(62,5): error TS2532: Object is possibly 'undefined'.
src/features/allocations/components/shared/WarehouseAllocationModal.tsx(68,5): error TS2532: Object is possibly 'undefined'.
src/features/allocations/hooks/useAutoAllocateHandler.test.ts(159,21): error TS2532: Object is possibly 'undefined'.
src/features/allocations/utils/orderLineUtils.ts(34,35): error TS2532: Object is possibly 'undefined'.
src/features/allocations/utils/orderLineUtils.ts(35,12): error TS2532: Object is possibly 'undefined'.
src/features/assignments/components/SupplierFilterSet.tsx(91,8): error TS2375: Type '{ className: string | undefined; }' is not assignable to type 'SupplierAssignmentWarningProps' with 'exactOptionalPropertyTypes: true'. Consider adding 'undefined' to the types of the target's properties.
  Types of property 'className' are incompatible.
    Type 'string | undefined' is not assignable to type 'string'.
      Type 'undefined' is not assignable to type 'string'.
src/features/auth/permissions/rbac.test.ts(77,27): error TS2345: Argument of type 'string | undefined' is not assignable to parameter of type 'string'.
  Type 'undefined' is not assignable to type 'string'.
src/features/batch-jobs/hooks/useBatchJobsPage.ts(48,20): error TS2379: Argument of type '{ status: string | undefined; }' is not assignable to parameter of type 'BatchJobsListParams' with 'exactOptionalPropertyTypes: true'. Consider adding 'undefined' to the types of the target's properties.
  Types of property 'status' are incompatible.
    Type 'string | undefined' is not assignable to type 'string'.
      Type 'undefined' is not assignable to type 'string'.
src/features/business-rules/pages/BusinessRulesPage.tsx(34,24): error TS2379: Argument of type '{ is_active: boolean | undefined; rule_type: string | undefined; }' is not assignable to parameter of type 'BusinessRulesListParams' with 'exactOptionalPropertyTypes: true'. Consider adding 'undefined' to the types of the target's properties.
  Types of property 'rule_type' are incompatible.
    Type 'string | undefined' is not assignable to type 'string'.
      Type 'undefined' is not assignable to type 'string'.
src/features/calendar/components/CompanyCalendarCard.tsx(75,41): error TS18048: 'holidayRangeStart' is possibly 'undefined'.
src/features/calendar/components/CompanyCalendarCard.tsx(75,81): error TS18048: 'holidayRangeEnd' is possibly 'undefined'.
src/features/calendar/components/DeliveryCalendarCard.tsx(68,41): error TS18048: 'holidayRangeStart' is possibly 'undefined'.
src/features/calendar/components/DeliveryCalendarCard.tsx(68,81): error TS18048: 'holidayRangeEnd' is possibly 'undefined'.
src/features/calendar/components/HolidayCalendarCard.tsx(76,40): error TS18048: 'holidayRangeStart' is possibly 'undefined'.
src/features/calendar/components/HolidayCalendarCard.tsx(76,79): error TS18048: 'holidayRangeEnd' is possibly 'undefined'.
src/features/customer-items/components/CustomerItemFormBasicSection.tsx(64,16): error TS2375: Type '{ options: Option[]; value: string | undefined; onChange: (value: string) => void; placeholder: string; disabled: boolean; }' is not assignable to type 'SearchableSelectProps' with 'exactOptionalPropertyTypes: true'. Consider adding 'undefined' to the types of the target's properties.
  Types of property 'value' are incompatible.
    Type 'string | undefined' is not assignable to type 'string'.
      Type 'undefined' is not assignable to type 'string'.
src/features/customer-items/components/CustomerItemFormBasicSection.tsx(114,16): error TS2375: Type '{ options: Option[]; value: string | undefined; onChange: (value: string) => void; placeholder: string; disabled: boolean; }' is not assignable to type 'SearchableSelectProps' with 'exactOptionalPropertyTypes: true'. Consider adding 'undefined' to the types of the target's properties.
  Types of property 'value' are incompatible.
    Type 'string | undefined' is not assignable to type 'string'.
      Type 'undefined' is not assignable to type 'string'.
src/features/customer-items/components/CustomerItemsTable.tsx(34,21): error TS18048: 'today' is possibly 'undefined'.
src/features/customer-items/components/CustomerItemsTable.tsx(290,8): error TS2375: Type '{ data: CustomerItem[]; columns: Column<CustomerItem>[]; selectable: boolean; selectedIds: (string | number)[] | undefined; onSelectionChange: (ids: (string | number)[]) => void; ... 5 more ...; emptyMessage: string; }' is not assignable to type 'DataTableProps<CustomerItem>' with 'exactOptionalPropertyTypes: true'. Consider adding 'undefined' to the types of the target's properties.
  Types of property 'selectedIds' are incompatible.
    Type '(string | number)[] | undefined' is not assignable to type '(string | number)[]'.
      Type 'undefined' is not assignable to type '(string | number)[]'.
src/features/customer-items/components/CustomerItemTable.tsx(131,6): error TS2375: Type '{ item: CustomerItem; onDelete: (id: number) => void; onEdit: ((item: CustomerItem) => void) | undefined; isDeleting: boolean; }' is not assignable to type '{ item: CustomerItem; onDelete: (id: number) => void; onEdit?: (item: CustomerItem) => void; isDeleting: boolean; }' with 'exactOptionalPropertyTypes: true'. Consider adding 'undefined' to the types of the target's properties.
  Types of property 'onEdit' are incompatible.
    Type '((item: CustomerItem) => void) | undefined' is not assignable to type '(item: CustomerItem) => void'.
      Type 'undefined' is not assignable to type '(item: CustomerItem) => void'.
src/features/dashboard/components/Dashboard.tsx(27,19): error TS2375: Type '{ date: DateRange | undefined; onDateChange: Dispatch<SetStateAction<DateRange | undefined>>; }' is not assignable to type 'DateRangePickerProps' with 'exactOptionalPropertyTypes: true'. Consider adding 'undefined' to the types of the target's properties.
  Types of property 'date' are incompatible.
    Type 'DateRange | undefined' is not assignable to type 'DateRange'.
      Type 'undefined' is not assignable to type 'DateRange'.
src/features/dashboard/components/WarehouseDistributionChart.tsx(90,18): error TS2375: Type '{ key: string; fill: "#3b82f6" | "#10b981" | "#f59e0b" | "#06b6d4" | "#8b5cf6" | "#ec4899" | undefined; }' is not assignable to type 'Props' with 'exactOptionalPropertyTypes: true'. Consider adding 'undefined' to the types of the target's properties.
  Types of property 'fill' are incompatible.
    Type 'string | undefined' is not assignable to type 'string'.
      Type 'undefined' is not assignable to type 'string'.
src/features/debug-db/components/DbObjectDetail.tsx(279,14): error TS2375: Type '{ data: { __rowIndex: number; }[]; columns: Column<Record<string, unknown>>[]; sort: SortConfig | undefined; onSortChange: (sort?: SortConfig | undefined) => void; isLoading: boolean; emptyMessage: string; getRowId: (row: { ...; }) => number; rowActions: (row: { ...; }) => Element; }' is not assignable to type 'DataTableProps<{ __rowIndex: number; }>' with 'exactOptionalPropertyTypes: true'. Consider adding 'undefined' to the types of the target's properties.
  Types of property 'sort' are incompatible.
    Type 'SortConfig | undefined' is not assignable to type 'SortConfig'.
      Type 'undefined' is not assignable to type 'SortConfig'.
src/features/delivery-places/components/DeliveryPlaceForm.tsx(83,14): error TS2379: Argument of type '{ jiku_code: string; jiku_match_pattern: string | undefined; delivery_place_code: string; delivery_place_name: string; customer_id: number; short_name?: string | undefined; }' is not assignable to parameter of type '{ delivery_place_code: string; delivery_place_name: string; customer_id: number; jiku_code: string; short_name?: string | undefined; jiku_match_pattern?: string | undefined; } & { jiku_code: string; jiku_match_pattern?: string; }' with 'exactOptionalPropertyTypes: true'. Consider adding 'undefined' to the types of the target's properties.
  Type '{ jiku_code: string; jiku_match_pattern: string | undefined; delivery_place_code: string; delivery_place_name: string; customer_id: number; short_name?: string | undefined; }' is not assignable to type '{ jiku_code: string; jiku_match_pattern?: string; }' with 'exactOptionalPropertyTypes: true'. Consider adding 'undefined' to the types of the target's properties.
    Types of property 'jiku_match_pattern' are incompatible.
      Type 'string | undefined' is not assignable to type 'string'.
        Type 'undefined' is not assignable to type 'string'.
src/features/delivery-places/components/DeliveryPlacesTable.tsx(27,21): error TS18048: 'today' is possibly 'undefined'.
src/features/delivery-places/hooks/useDeliveryPlacesPageState.ts(192,9): error TS2379: Argument of type '{ id: number; version: number; endDate: string | undefined; }' is not assignable to parameter of type '{ id: number; version: number; endDate?: string; }' with 'exactOptionalPropertyTypes: true'. Consider adding 'undefined' to the types of the target's properties.
  Types of property 'endDate' are incompatible.
    Type 'string | undefined' is not assignable to type 'string'.
      Type 'undefined' is not assignable to type 'string'.
src/features/forecasts/components/ForecastDetailCard/ForecastCardHeader.tsx(38,10): error TS2375: Type '{ targetMonthLabel: string; customerDisplay: string; productName: string; productCode: string | null | undefined; deliveryPlaceDisplay: string; onToggle: (() => void) | undefined; }' is not assignable to type 'ForecastCardHeaderInfoProps' with 'exactOptionalPropertyTypes: true'. Consider adding 'undefined' to the types of the target's properties.
  Types of property 'onToggle' are incompatible.
    Type '(() => void) | undefined' is not assignable to type '() => void'.
      Type 'undefined' is not assignable to type '() => void'.
src/features/forecasts/components/ForecastDetailCard/ForecastCardHeader.tsx(47,10): error TS2375: Type '{ onAutoAllocate: (() => void) | undefined; onRegenerateSuggestions: (() => void) | undefined; onClearSuggestions: (() => void) | undefined; onDelete: ((forecastId: number) => void) | undefined; firstForecastId: number | undefined; isOpen: boolean; }' is not assignable to type 'ForecastCardHeaderActionsProps' with 'exactOptionalPropertyTypes: true'. Consider adding 'undefined' to the types of the target's properties.
  Types of property 'onDelete' are incompatible.
    Type '((forecastId: number) => void) | undefined' is not assignable to type '(forecastId: number) => void'.
      Type 'undefined' is not assignable to type '(forecastId: number) => void'.
src/features/forecasts/components/ForecastDetailCard/ForecastDailyGrid.tsx(41,14): error TS2375: Type '{ key: string; date: Date; quantity: number | undefined; forecastId: number | undefined; isToday: boolean; isPast: boolean; hoveredDate: string | null | undefined; onDateHover: ((date: string | null) => void) | undefined; onUpdateQuantity: ((forecastId: number, newQuantity: number) => Promise<...>) | undefined; onCr...' is not assignable to type 'DayCellProps' with 'exactOptionalPropertyTypes: true'. Consider adding 'undefined' to the types of the target's properties.
  Types of property 'hoveredDate' are incompatible.
    Type 'string | null | undefined' is not assignable to type 'string | null'.
      Type 'undefined' is not assignable to type 'string | null'.
src/features/forecasts/components/ForecastDetailCard/ForecastDetailCard.tsx(134,8): error TS2375: Type '{ targetMonthLabel: string; customerDisplay: string; productName: string; productCode: string | null | undefined; deliveryPlaceDisplay: string; groupKey: string; isActive: boolean; isOpen: boolean; ... 6 more ...; firstForecastId: number | undefined; }' is not assignable to type 'ForecastCardHeaderProps' with 'exactOptionalPropertyTypes: true'. Consider adding 'undefined' to the types of the target's properties.
  Types of property 'onToggle' are incompatible.
    Type '(() => void) | undefined' is not assignable to type '() => void'.
      Type 'undefined' is not assignable to type '() => void'.
src/features/forecasts/components/ForecastDetailCard/OrderAllocationInline.tsx(148,9): error TS2322: Type '{ lot_id: number; lot_number: string; available_quantity: number; expiry_date: string | null | undefined; product_code: string; warehouse_code: string; free_qty: number; current_quantity: number; ... 6 more ...; external_unit: null; }[]' is not assignable to type 'CandidateLotItem[]'.
  Type '{ lot_id: number; lot_number: string; available_quantity: number; expiry_date: string | null | undefined; product_code: string; warehouse_code: string; free_qty: number; current_quantity: number; ... 6 more ...; external_unit: null; }' is not assignable to type 'CandidateLotItem' with 'exactOptionalPropertyTypes: true'. Consider adding 'undefined' to the types of the target's properties.
    Types of property 'expiry_date' are incompatible.
      Type 'string | null | undefined' is not assignable to type 'string | null'.
        Type 'undefined' is not assignable to type 'string | null'.
src/features/forecasts/components/ForecastDetailCard/RelatedOrdersSection.tsx(140,6): error TS2375: Type '{ order: OrderWithLinesResponse; targetProductGroupId: number; targetDeliveryPlaceId: number; logic: { allocationsByLine: AllocationsByLine; ... 9 more ...; isOverAllocated: (lineId: number) => boolean; }; hoveredDate: string | ... 1 more ... | undefined; onDateHover: ((date: string | null) => void) | undefined; }' is not assignable to type 'OrderSummaryRowProps' with 'exactOptionalPropertyTypes: true'. Consider adding 'undefined' to the types of the target's properties.
  Types of property 'hoveredDate' are incompatible.
    Type 'string | null | undefined' is not assignable to type 'string | null'.
      Type 'undefined' is not assignable to type 'string | null'.
src/features/forecasts/components/ForecastDetailCard/RelatedOrdersSection.tsx(192,14): error TS2375: Type '{ key: number; order: { customer_id: number; order_date: string; id: number; status: string; created_at: string; updated_at: string; ocr_source_filename?: string | null; cancel_reason?: string | null; ... 4 more ...; lines?: { ...; }[]; }; targetProductGroupId: number; targetDeliveryPlaceId: number; hoveredDate: str...' is not assignable to type '{ order: OrderWithLinesResponse; targetProductGroupId: number; targetDeliveryPlaceId: number; hoveredDate?: string | null; onDateHover?: (date: string | null) => void; }' with 'exactOptionalPropertyTypes: true'. Consider adding 'undefined' to the types of the target's properties.
  Types of property 'hoveredDate' are incompatible.
    Type 'string | null | undefined' is not assignable to type 'string | null'.
      Type 'undefined' is not assignable to type 'string | null'.
src/features/forecasts/components/ForecastListCard.tsx(23,10): error TS2375: Type '{ group: { group_key: { customer_id: number; delivery_place_id: number; supplier_item_id: number; customer_code?: string | null; customer_name?: string | null; delivery_place_code?: string | null; delivery_place_name?: string | null; product_code?: string | null; product_name?: string | null; }; forecasts?: { ...; }...' is not assignable to type 'ForecastDetailCardProps' with 'exactOptionalPropertyTypes: true'. Consider adding 'undefined' to the types of the target's properties.
  Types of property 'isFocused' are incompatible.
    Type 'boolean | undefined' is not assignable to type 'boolean'.
      Type 'undefined' is not assignable to type 'boolean'.
src/features/forecasts/hooks/useSAPRegistration.ts(26,20): error TS18048: 'result' is possibly 'undefined'.
src/features/forecasts/hooks/useSAPRegistration.ts(27,23): error TS18048: 'result' is possibly 'undefined'.
src/features/forecasts/pages/ForecastListPage.tsx(49,72): error TS2379: Argument of type '{ customer_id: number | undefined; delivery_place_id: number | undefined; supplier_item_id: number | undefined; }' is not assignable to parameter of type '{ skip?: number; limit?: number; customer_id?: number | null; delivery_place_id?: number | null; supplier_item_id?: number | null; }' with 'exactOptionalPropertyTypes: true'. Consider adding 'undefined' to the types of the target's properties.
  Types of property 'customer_id' are incompatible.
    Type 'number | undefined' is not assignable to type 'number | null'.
      Type 'undefined' is not assignable to type 'number | null'.
src/features/help/pages/FlowMapHelpPage.tsx(278,51): error TS2375: Type '{ label: string | undefined; }' is not assignable to type '{ label?: string; }' with 'exactOptionalPropertyTypes: true'. Consider adding 'undefined' to the types of the target's properties.
  Types of property 'label' are incompatible.
    Type 'string | undefined' is not assignable to type 'string'.
      Type 'undefined' is not assignable to type 'string'.
src/features/inbound-plans/components/InboundPlanEditDialog.tsx(55,18): error TS2345: Argument of type '{ planned_arrival_date: string | undefined; notes: string; }' is not assignable to parameter of type '{ planned_arrival_date: string; notes?: string | undefined; } | { planned_arrival_date?: string; notes?: string | undefined; } | ResetAction<{ planned_arrival_date: string; notes?: string | undefined; }> | undefined'.
  Type '{ planned_arrival_date: string | undefined; notes: string; }' is not assignable to type '{ planned_arrival_date?: string; notes?: string | undefined; }' with 'exactOptionalPropertyTypes: true'. Consider adding 'undefined' to the types of the target's properties.
    Types of property 'planned_arrival_date' are incompatible.
      Type 'string | undefined' is not assignable to type 'string'.
        Type 'undefined' is not assignable to type 'string'.
src/features/inbound-plans/hooks/useInboundPlanDetail.ts(82,40): error TS2379: Argument of type '{ planned_arrival_date: string; notes: string | undefined; }' is not assignable to parameter of type 'UpdateInboundPlanRequest' with 'exactOptionalPropertyTypes: true'. Consider adding 'undefined' to the types of the target's properties.
  Types of property 'notes' are incompatible.
    Type 'string | undefined' is not assignable to type 'string'.
      Type 'undefined' is not assignable to type 'string'.
src/features/inbound-plans/pages/InboundPlanDetailPage.tsx(95,9): error TS2322: Type '(data: { planned_arrival_date: string; notes?: string; }) => Promise<void>' is not assignable to type '(data: { planned_arrival_date: string; notes?: string | undefined; }) => Promise<void>'.
  Types of parameters 'data' and 'data' are incompatible.
    Type '{ planned_arrival_date: string; notes?: string | undefined; }' is not assignable to type '{ planned_arrival_date: string; notes?: string; }' with 'exactOptionalPropertyTypes: true'. Consider adding 'undefined' to the types of the target's properties.
      Types of property 'notes' are incompatible.
        Type 'string | undefined' is not assignable to type 'string'.
          Type 'undefined' is not assignable to type 'string'.
src/features/inbound-plans/pages/InboundPlansListPage.tsx(43,3): error TS2375: Type '{ supplier_id: number | undefined; supplier_item_id: number | undefined; status: "cancelled" | "received" | "planned" | "partially_received" | undefined; date_from: string | undefined; date_to: string | undefined; prioritize_assigned: true | undefined; }' is not assignable to type 'InboundPlansListParams' with 'exactOptionalPropertyTypes: true'. Consider adding 'undefined' to the types of the target's properties.
  Types of property 'supplier_id' are incompatible.
    Type 'number | undefined' is not assignable to type 'number'.
      Type 'undefined' is not assignable to type 'number'.
src/features/inbound-plans/pages/InboundPlansListPage.tsx(164,8): error TS2375: Type '{ plans: InboundPlan[] | undefined; isLoading: boolean; isError: boolean; filters: InboundPlansFilters; onFilterChange: Dispatch<SetStateAction<InboundPlansFilters>>; ... 4 more ...; onToggleFilter: (enabled: boolean) => void; }' is not assignable to type 'InboundPlansListProps' with 'exactOptionalPropertyTypes: true'. Consider adding 'undefined' to the types of the target's properties.
  Types of property 'plans' are incompatible.
    Type 'InboundPlan[] | undefined' is not assignable to type 'InboundPlan[]'.
      Type 'undefined' is not assignable to type 'InboundPlan[]'.
src/features/intake-history/components/IntakeHistoryCalendar.tsx(241,81): error TS2379: Argument of type '{ year: number; month: number; supplier_id: number | undefined; warehouse_id: number | undefined; supplier_item_id: number | undefined; }' is not assignable to parameter of type '{ year: number; month: number; warehouse_id?: number; supplier_item_id?: number; supplier_id?: number; }' with 'exactOptionalPropertyTypes: true'. Consider adding 'undefined' to the types of the target's properties.
  Types of property 'warehouse_id' are incompatible.
    Type 'number | undefined' is not assignable to type 'number'.
      Type 'undefined' is not assignable to type 'number'.
src/features/intake-history/components/IntakeHistoryList.tsx(42,73): error TS2379: Argument of type '{ supplier_id: number | undefined; warehouse_id: number | undefined; supplier_item_id: number | undefined; search: string | undefined; start_date: string | undefined; end_date: string | undefined; skip: number; limit: number; }' is not assignable to parameter of type 'IntakeHistoryListParams' with 'exactOptionalPropertyTypes: true'. Consider adding 'undefined' to the types of the target's properties.
  Types of property 'supplier_id' are incompatible.
    Type 'number | undefined' is not assignable to type 'number'.
      Type 'undefined' is not assignable to type 'number'.
src/features/inventory/components/AdhocLotCreateForm.test.tsx(144,22): error TS2345: Argument of type 'HTMLElement | undefined' is not assignable to parameter of type 'Element | Node | Document | Window'.
  Type 'undefined' is not assignable to type 'Element | Node | Document | Window'.
src/features/inventory/components/AdhocLotCreateForm.tsx(124,11): error TS2375: Type '{ lot_number: string; supplier_item_id: number; warehouse_id: number; origin_type: "adhoc" | "sample" | "safety_stock"; origin_reference: string | undefined; supplier_code: string | undefined; ... 4 more ...; shipping_date: string | undefined; }' is not assignable to type 'AdhocLotCreateData' with 'exactOptionalPropertyTypes: true'. Consider adding 'undefined' to the types of the target's properties.
  Types of property 'supplier_code' are incompatible.
    Type 'string | undefined' is not assignable to type 'string'.
      Type 'undefined' is not assignable to type 'string'.
src/features/inventory/components/adhocLotCreateSchema.ts(54,3): error TS2322: Type 'string | undefined' is not assignable to type 'string'.
  Type 'undefined' is not assignable to type 'string'.
src/features/inventory/components/excel-view/subcomponents/DateGrid.tsx(341,18): error TS2375: Type '{ key: string; date: string; lotId: number; dest: DestinationRowData; currentValue: number; isConfirmed: false; onQtyChange: ((lotId: number, dpId: number, date: string, value: number) => void) | undefined; comment: string | undefined; onCommentChange: ((lotId: number, dpId: number, date: string, comment: string | n...' is not assignable to type 'CellProps' with 'exactOptionalPropertyTypes: true'. Consider adding 'undefined' to the types of the target's properties.
  Types of property 'onQtyChange' are incompatible.
    Type '((lotId: number, dpId: number, date: string, value: number) => void) | undefined' is not assignable to type '(lotId: number, dpId: number, date: string, value: number) => void'.
      Type 'undefined' is not assignable to type '(lotId: number, dpId: number, date: string, value: number) => void'.
src/features/inventory/components/excel-view/subcomponents/LotInfoGroups.tsx(37,8): error TS2375: Type '{ lotInfo: LotInfo; isEditing: boolean | undefined; onChange: (field: string, value: string) => void; warehouseName: string | undefined; warehouseCode: string | undefined; }' is not assignable to type '{ lotInfo: LotInfo; isEditing?: boolean; onChange: (field: string, value: string) => void; warehouseName?: string; warehouseCode?: string; }' with 'exactOptionalPropertyTypes: true'. Consider adding 'undefined' to the types of the target's properties.
  Types of property 'isEditing' are incompatible.
    Type 'boolean | undefined' is not assignable to type 'boolean'.
      Type 'undefined' is not assignable to type 'boolean'.
src/features/inventory/components/InventoryByProductTable.tsx(118,6): error TS2375: Type '{ data: InventoryByProductResponse[]; columns: Column<InventoryByProductResponse>[]; getRowId: (row: InventoryByProductResponse) => number; onRowClick: ((row: InventoryByProductResponse) => void) | undefined; rowActions: ((row: InventoryByProductResponse) => Element) | undefined; emptyMessage: string; }' is not assignable to type 'DataTableProps<InventoryByProductResponse>' with 'exactOptionalPropertyTypes: true'. Consider adding 'undefined' to the types of the target's properties.
  Types of property 'onRowClick' are incompatible.
    Type '((row: InventoryByProductResponse) => void) | undefined' is not assignable to type '(row: InventoryByProductResponse) => void'.
      Type 'undefined' is not assignable to type '(row: InventoryByProductResponse) => void'.
src/features/inventory/components/InventoryBySupplierTable.tsx(104,6): error TS2375: Type '{ data: InventoryBySupplierResponse[]; columns: Column<InventoryBySupplierResponse>[]; getRowId: (row: InventoryBySupplierResponse) => number; onRowClick: ((row: InventoryBySupplierResponse) => void) | undefined; rowActions: ((row: InventoryBySupplierResponse) => Element) | undefined; emptyMessage: string; }' is not assignable to type 'DataTableProps<InventoryBySupplierResponse>' with 'exactOptionalPropertyTypes: true'. Consider adding 'undefined' to the types of the target's properties.
  Types of property 'onRowClick' are incompatible.
    Type '((row: InventoryBySupplierResponse) => void) | undefined' is not assignable to type '(row: InventoryBySupplierResponse) => void'.
      Type 'undefined' is not assignable to type '(row: InventoryBySupplierResponse) => void'.
src/features/inventory/components/InventoryByWarehouseTable.tsx(100,6): error TS2375: Type '{ data: InventoryByWarehouseResponse[]; columns: Column<InventoryByWarehouseResponse>[]; getRowId: (row: InventoryByWarehouseResponse) => number; onRowClick: ((row: InventoryByWarehouseResponse) => void) | undefined; rowActions: ((row: InventoryByWarehouseResponse) => Element) | undefined; emptyMessage: string; }' is not assignable to type 'DataTableProps<InventoryByWarehouseResponse>' with 'exactOptionalPropertyTypes: true'. Consider adding 'undefined' to the types of the target's properties.
  Types of property 'onRowClick' are incompatible.
    Type '((row: InventoryByWarehouseResponse) => void) | undefined' is not assignable to type '(row: InventoryByWarehouseResponse) => void'.
      Type 'undefined' is not assignable to type '(row: InventoryByWarehouseResponse) => void'.
src/features/inventory/components/InventoryLotList.tsx(155,12): error TS2375: Type '{ lot: LotUI; warehouseNameFallback: string | null | undefined; onEdit: (lot: LotUI) => void; onUnlock: (lot: LotUI) => void; onLock: (lot: LotUI) => void; onWithdraw: (lot: LotUI) => void; onHistory: (lot: LotUI) => void; onArchive: ((lot: LotUI) => void) | undefined; onUnarchive: ((lot: LotUI) => void) | undefined...' is not assignable to type 'InventoryLotActionsProps' with 'exactOptionalPropertyTypes: true'. Consider adding 'undefined' to the types of the target's properties.
  Types of property 'warehouseNameFallback' are incompatible.
    Type 'string | null | undefined' is not assignable to type 'string | null'.
      Type 'undefined' is not assignable to type 'string | null'.
src/features/inventory/components/InventoryTable.tsx(104,6): error TS2375: Type '{ lots: LotUI[]; isLoading: boolean; warehouseNameFallback: string | null | undefined; onEdit: (lot: LotUI) => void; onUnlock: (lot: LotUI) => Promise<void>; ... 4 more ...; onUnarchive: (lot: LotUI) => Promise<...>; }' is not assignable to type 'InventoryLotListProps' with 'exactOptionalPropertyTypes: true'. Consider adding 'undefined' to the types of the target's properties.
  Types of property 'warehouseNameFallback' are incompatible.
    Type 'string | null | undefined' is not assignable to type 'string | null'.
      Type 'undefined' is not assignable to type 'string | null'.
src/features/inventory/components/InventoryTable.tsx(123,8): error TS2375: Type '{ data: InventoryItem[]; columns: Column<InventoryItem>[]; getRowId: (item: InventoryItem) => string; onRowClick: ((item: InventoryItem) => void) | undefined; ... 8 more ...; scrollAreaHeight: string; }' is not assignable to type 'DataTableProps<InventoryItem>' with 'exactOptionalPropertyTypes: true'. Consider adding 'undefined' to the types of the target's properties.
  Types of property 'onRowClick' are incompatible.
    Type '((item: InventoryItem) => void) | undefined' is not assignable to type '(row: InventoryItem) => void'.
      Type 'undefined' is not assignable to type '(row: InventoryItem) => void'.
src/features/inventory/components/InventoryTableDialogs.tsx(51,45): error TS2379: Argument of type '{ id: number; reason: string; quantity: number | undefined; }' is not assignable to parameter of type '{ id: number; reason: string; quantity?: number; }' with 'exactOptionalPropertyTypes: true'. Consider adding 'undefined' to the types of the target's properties.
  Types of property 'quantity' are incompatible.
    Type 'number | undefined' is not assignable to type 'number'.
      Type 'undefined' is not assignable to type 'number'.
src/features/inventory/components/LotCreateForm.tsx(41,11): error TS2375: Type '{ lot_number: string; product_code: string; supplier_code: string; delivery_place_code: string | undefined; delivery_place_name: string | undefined; quantity: number; lot_unit: string; receipt_date: string; expiry_date: string | undefined; origin_reference: string | undefined; }' is not assignable to type 'LotCreateData' with 'exactOptionalPropertyTypes: true'. Consider adding 'undefined' to the types of the target's properties.
  Types of property 'delivery_place_code' are incompatible.
    Type 'string | undefined' is not assignable to type 'string'.
      Type 'undefined' is not assignable to type 'string'.
src/features/inventory/components/LotDialogs.tsx(66,55): error TS2379: Argument of type '{ id: number; reason: string; quantity: number | undefined; }' is not assignable to parameter of type '{ id: number; reason: string; quantity?: number; }' with 'exactOptionalPropertyTypes: true'. Consider adding 'undefined' to the types of the target's properties.
  Types of property 'quantity' are incompatible.
    Type 'number | undefined' is not assignable to type 'number'.
      Type 'undefined' is not assignable to type 'number'.
src/features/inventory/components/LotEditForm.tsx(46,11): error TS2375: Type '{ lot_unit: string; receipt_date: string; expiry_date: string | undefined; }' is not assignable to type 'LotUpdateData' with 'exactOptionalPropertyTypes: true'. Consider adding 'undefined' to the types of the target's properties.
  Types of property 'expiry_date' are incompatible.
    Type 'string | undefined' is not assignable to type 'string'.
      Type 'undefined' is not assignable to type 'string'.
src/features/inventory/components/LotGroupedView.tsx(46,16): error TS2375: Type '{ data: LotUI[]; columns: Column<LotUI>[]; sort: { column: string; direction: "desc" | "asc"; } | undefined; isLoading: boolean; emptyMessage: string; getRowClassName: (lot: LotUI) => string; }' is not assignable to type 'DataTableProps<LotUI>' with 'exactOptionalPropertyTypes: true'. Consider adding 'undefined' to the types of the target's properties.
  Types of property 'sort' are incompatible.
    Type '{ column: string; direction: "desc" | "asc"; } | undefined' is not assignable to type 'SortConfig'.
      Type 'undefined' is not assignable to type 'SortConfig'.
src/features/inventory/components/LotSearchPanel.tsx(25,51): error TS2379: Argument of type '{ q: string; page: number; size: number; sort_by: string; sort_order: "desc" | "asc"; status: string | undefined; with_stock: false | undefined; }' is not assignable to parameter of type 'LotSearchParams' with 'exactOptionalPropertyTypes: true'. Consider adding 'undefined' to the types of the target's properties.
  Types of property 'status' are incompatible.
    Type 'string | undefined' is not assignable to type 'string'.
      Type 'undefined' is not assignable to type 'string'.
src/features/inventory/components/LotTable.tsx(89,8): error TS2375: Type '{ data: LotUI[]; columns: Column<LotUI>[]; sort: { column: string; direction: "desc" | "asc"; } | undefined; onSortChange: (sort: SortConfig) => void | undefined; ... 7 more ...; emptyMessage: string; }' is not assignable to type 'DataTableProps<LotUI>' with 'exactOptionalPropertyTypes: true'. Consider adding 'undefined' to the types of the target's properties.
  Types of property 'sort' are incompatible.
    Type '{ column: string; direction: "desc" | "asc"; } | undefined' is not assignable to type 'SortConfig'.
      Type 'undefined' is not assignable to type 'SortConfig'.
src/features/inventory/components/SmartLotSplitDialog.tsx(76,7): error TS2532: Object is possibly 'undefined'.
src/features/inventory/components/SmartLotSplitDialog.tsx(77,7): error TS2532: Object is possibly 'undefined'.
src/features/inventory/components/WithdrawalHistoryTab.tsx(50,55): error TS2379: Argument of type '{ skip: number; limit: number; withdrawal_type: WithdrawalType | undefined; search: string | undefined; }' is not assignable to parameter of type 'WithdrawalListParams' with 'exactOptionalPropertyTypes: true'. Consider adding 'undefined' to the types of the target's properties.
  Types of property 'withdrawal_type' are incompatible.
    Type 'WithdrawalType | undefined' is not assignable to type 'WithdrawalType'.
      Type 'undefined' is not assignable to type 'WithdrawalType'.
src/features/inventory/hooks/useInventoryTableLogic.ts(16,11): error TS2322: Type 'number | undefined' is not assignable to type 'number'.
  Type 'undefined' is not assignable to type 'number'.
src/features/inventory/hooks/useInventoryTableLogic.ts(16,22): error TS2322: Type 'number | undefined' is not assignable to type 'number'.
  Type 'undefined' is not assignable to type 'number'.
src/features/inventory/hooks/useLotColumns.tsx(103,5): error TS2322: Type 'Column<LotUI> | undefined' is not assignable to type 'Column<LotUI>'.
  Type 'undefined' is not assignable to type 'Column<LotUI>'.
src/features/inventory/pages/AdhocLotCreatePage.tsx(92,17): error TS2379: Argument of type '{ lot_number: string; supplier_item_id: number; warehouse_id: number; supplier_code: string | undefined; received_date: string; expiry_date: string | undefined; current_quantity: number; ... 8 more ...; inspection_status: string; }' is not assignable to parameter of type '{ lot_number: string; order_no?: string | null; supplier_item_id: number; warehouse_id: number; supplier_id?: number | null; expected_lot_id?: number | null; received_date: string; expiry_date?: string | null; ... 21 more ...; warehouse_code?: string | null; }' with 'exactOptionalPropertyTypes: true'. Consider adding 'undefined' to the types of the target's properties.
  Types of property 'expiry_date' are incompatible.
    Type 'string | undefined' is not assignable to type 'string | null'.
      Type 'undefined' is not assignable to type 'string | null'.
src/features/inventory/pages/LotDetailPage.tsx(177,10): error TS2375: Type '{ title: string; subtitle: string | undefined; actions: Element; }' is not assignable to type 'PageHeaderProps' with 'exactOptionalPropertyTypes: true'. Consider adding 'undefined' to the types of the target's properties.
  Types of property 'subtitle' are incompatible.
    Type 'string | undefined' is not assignable to type 'string'.
      Type 'undefined' is not assignable to type 'string'.
src/features/inventory/state/atoms.ts(43,67): error TS2769: No overload matches this call.
  Overload 1 of 5, '(read: Read<LotsQueryParams, never>): Atom<LotsQueryParams>', gave the following error.
    Argument of type '(get: Getter) => { with_stock: true | undefined; product_code: string | undefined; delivery_place_code: string | undefined; }' is not assignable to parameter of type 'Read<LotsQueryParams, never>'.
      Type '{ with_stock: true | undefined; product_code: string | undefined; delivery_place_code: string | undefined; }' is not assignable to type 'LotsQueryParams' with 'exactOptionalPropertyTypes: true'. Consider adding 'undefined' to the types of the target's properties.
        Type '{ with_stock: true | undefined; product_code: string | undefined; delivery_place_code: string | undefined; }' is not assignable to type 'LotsGetParams' with 'exactOptionalPropertyTypes: true'. Consider adding 'undefined' to the types of the target's properties.
          Types of property 'product_code' are incompatible.
            Type 'string | undefined' is not assignable to type 'string | null'.
              Type 'undefined' is not assignable to type 'string | null'.
  Overload 2 of 5, '(initialValue: LotsQueryParams): PrimitiveAtom<LotsQueryParams> & WithInitialValue<LotsQueryParams>', gave the following error.
    Type '(get: Getter) => { with_stock: true | undefined; product_code: string | undefined; delivery_place_code: string | undefined; }' has no properties in common with type 'LotsQueryParams'.
src/features/makers/components/MakerDialogs.tsx(43,13): error TS2322: Type '(data: { maker_code: string; maker_name: string; display_name?: string | null; short_name?: string | null; notes?: string | null; }) => void' is not assignable to type '(data: { maker_code: string; maker_name: string; display_name?: string | null | undefined; short_name?: string | null | undefined; notes?: string | null | undefined; }) => void'.
  Types of parameters 'data' and 'data' are incompatible.
    Type '{ maker_code: string; maker_name: string; display_name?: string | null | undefined; short_name?: string | null | undefined; notes?: string | null | undefined; }' is not assignable to type '{ maker_code: string; maker_name: string; display_name?: string | null; short_name?: string | null; notes?: string | null; }' with 'exactOptionalPropertyTypes: true'. Consider adding 'undefined' to the types of the target's properties.
      Types of property 'display_name' are incompatible.
        Type 'string | null | undefined' is not assignable to type 'string | null'.
          Type 'undefined' is not assignable to type 'string | null'.
src/features/makers/components/MakerDialogs.tsx(61,15): error TS2322: Type '(data: MakerUpdateInput) => void' is not assignable to type '(data: { maker_code: string; maker_name: string; display_name?: string | null | undefined; short_name?: string | null | undefined; notes?: string | null | undefined; }) => void'.
  Types of parameters 'data' and 'data' are incompatible.
    Type '{ maker_code: string; maker_name: string; display_name?: string | null | undefined; short_name?: string | null | undefined; notes?: string | null | undefined; }' is not assignable to type 'MakerUpdateInput' with 'exactOptionalPropertyTypes: true'. Consider adding 'undefined' to the types of the target's properties.
      Types of property 'short_name' are incompatible.
        Type 'string | null | undefined' is not assignable to type 'string | null'.
          Type 'undefined' is not assignable to type 'string | null'.
src/features/makers/pages/MakersPage.tsx(24,22): error TS6133: 'sorted' is declared but its value is never read.
src/features/material-order-forecasts/components/ForecastTable.tsx(221,6): error TS2375: Type '{ data: { id: number; target_month: string; customer_item_id?: number | null; warehouse_id?: number | null; maker_id?: number | null; material_code?: string | null; unit?: string | null; ... 20 more ...; updated_at: string; }[]; ... 4 more ...; emptyMessage: string; }' is not assignable to type 'DataTableProps<{ id: number; target_month: string; customer_item_id?: number | null; warehouse_id?: number | null; maker_id?: number | null; material_code?: string | null; unit?: string | null; warehouse_code?: string | null; ... 19 more ...; updated_at: string; }>' with 'exactOptionalPropertyTypes: true'. Consider adding 'undefined' to the types of the target's properties.
  Types of property 'isLoading' are incompatible.
    Type 'boolean | undefined' is not assignable to type 'boolean'.
      Type 'undefined' is not assignable to type 'boolean'.
src/features/material-order-forecasts/pages/MaterialOrderForecastsPage.tsx(89,82): error TS2379: Argument of type '{ target_month: string; maker_code: string | undefined; }' is not assignable to parameter of type 'GetForecastsParams' with 'exactOptionalPropertyTypes: true'. Consider adding 'undefined' to the types of the target's properties.
  Types of property 'maker_code' are incompatible.
    Type 'string | undefined' is not assignable to type 'string'.
      Type 'undefined' is not assignable to type 'string'.
src/features/ocr-results/hooks/useOcrData.ts(15,44): error TS2379: Argument of type '{ task_date: string | undefined; }' is not assignable to parameter of type 'OcrResultListParams' with 'exactOptionalPropertyTypes: true'. Consider adding 'undefined' to the types of the target's properties.
  Types of property 'task_date' are incompatible.
    Type 'string | undefined' is not assignable to type 'string'.
      Type 'undefined' is not assignable to type 'string'.
src/features/ocr-results/hooks/useOcrData.ts(19,33): error TS2379: Argument of type '{ task_date: string | undefined; status: string | undefined; has_error: true | undefined; }' is not assignable to parameter of type 'OcrResultListParams' with 'exactOptionalPropertyTypes: true'. Consider adding 'undefined' to the types of the target's properties.
  Types of property 'task_date' are incompatible.
    Type 'string | undefined' is not assignable to type 'string'.
      Type 'undefined' is not assignable to type 'string'.
src/features/ocr-results/hooks/useOcrExportOperations.ts(39,39): error TS2379: Argument of type '{ task_date: string | undefined; status: string | undefined; has_error: true | undefined; ids: number[] | undefined; }' is not assignable to parameter of type '{ task_date?: string; status?: string; has_error?: boolean; ids?: number[]; }' with 'exactOptionalPropertyTypes: true'. Consider adding 'undefined' to the types of the target's properties.
  Types of property 'task_date' are incompatible.
    Type 'string | undefined' is not assignable to type 'string'.
      Type 'undefined' is not assignable to type 'string'.
src/features/ocr-results/pages/OcrResultsListPage.tsx(235,12): error TS2375: Type '{ dataTotal: number | undefined; errorCount: number; selectedCount: number; }' is not assignable to type '{ dataTotal?: number; errorCount: number; selectedCount: number; }' with 'exactOptionalPropertyTypes: true'. Consider adding 'undefined' to the types of the target's properties.
  Types of property 'dataTotal' are incompatible.
    Type 'number | undefined' is not assignable to type 'number'.
      Type 'undefined' is not assignable to type 'number'.
src/features/orders/components/allocation/ForecastSection.tsx(19,20): error TS2379: Argument of type '{ supplier_item_id: number | undefined; customer_id: number | undefined; }' is not assignable to parameter of type '{ skip?: number; limit?: number; customer_id?: number | null; delivery_place_id?: number | null; supplier_item_id?: number | null; }' with 'exactOptionalPropertyTypes: true'. Consider adding 'undefined' to the types of the target's properties.
  Types of property 'customer_id' are incompatible.
    Type 'number | undefined' is not assignable to type 'number | null'.
      Type 'undefined' is not assignable to type 'number | null'.
src/features/orders/components/display/OrderCard.tsx(125,8): error TS2375: Type '{ displayCode: string; order: OrderWithLinesResponse; onReMatch: (() => void) | undefined; }' is not assignable to type 'OrderCardHeaderProps' with 'exactOptionalPropertyTypes: true'. Consider adding 'undefined' to the types of the target's properties.
  Types of property 'onReMatch' are incompatible.
    Type '(() => void) | undefined' is not assignable to type '() => void'.
      Type 'undefined' is not assignable to type '() => void'.
src/features/orders/components/display/OrderCard.tsx(127,8): error TS2375: Type '{ lines: OrderLine[] | undefined; onSelectLine: ((orderLineId: number) => void) | undefined; }' is not assignable to type 'OrderLinesTableProps' with 'exactOptionalPropertyTypes: true'. Consider adding 'undefined' to the types of the target's properties.
  Types of property 'onSelectLine' are incompatible.
    Type '((orderLineId: number) => void) | undefined' is not assignable to type '(orderLineId: number) => void'.
      Type 'undefined' is not assignable to type '(orderLineId: number) => void'.
src/features/orders/components/OrderLineColumns.tsx(78,39): error TS18048: 'todayStr' is possibly 'undefined'.
src/features/orders/components/OrderLineColumns.tsx(294,39): error TS18048: 'todayStr' is possibly 'undefined'.
src/features/orders/components/warehouse/WarehouseSelector.tsx(19,25): error TS2345: Argument of type 'string | undefined' is not assignable to parameter of type 'string'.
  Type 'undefined' is not assignable to type 'string'.
src/features/orders/hooks/useOrderLineAllocation.ts(92,26): error TS2345: Argument of type '{ lot_id: number; lot_number: string; available_quantity: number; expiry_date: string | null | undefined; product_code: string; warehouse_code: string; free_qty: number; current_quantity: number; ... 6 more ...; external_unit: null; }[]' is not assignable to parameter of type 'SetStateAction<CandidateLotItem[]>'.
  Type '{ lot_id: number; lot_number: string; available_quantity: number; expiry_date: string | null | undefined; product_code: string; warehouse_code: string; free_qty: number; current_quantity: number; ... 6 more ...; external_unit: null; }[]' is not assignable to type 'CandidateLotItem[]'.
    Type '{ lot_id: number; lot_number: string; available_quantity: number; expiry_date: string | null | undefined; product_code: string; warehouse_code: string; free_qty: number; current_quantity: number; ... 6 more ...; external_unit: null; }' is not assignable to type 'CandidateLotItem' with 'exactOptionalPropertyTypes: true'. Consider adding 'undefined' to the types of the target's properties.
      Types of property 'expiry_date' are incompatible.
        Type 'string | null | undefined' is not assignable to type 'string | null'.
          Type 'undefined' is not assignable to type 'string | null'.
src/features/orders/hooks/useOrderLines.ts(23,21): error TS2379: Argument of type '{ customer_code: string | undefined; status: string | undefined; product_code: string | undefined; order_type: string | undefined; }' is not assignable to parameter of type '{ skip?: number; limit?: number; status?: string | null; customer_code?: string | null; date_from?: string | null; date_to?: string | null; order_type?: string | null; prioritize_assigned?: boolean; } & { ...; }' with 'exactOptionalPropertyTypes: true'. Consider adding 'undefined' to the types of the target's properties.
  Type '{ customer_code: string | undefined; status: string | undefined; product_code: string | undefined; order_type: string | undefined; }' is not assignable to type '{ skip?: number; limit?: number; status?: string | null; customer_code?: string | null; date_from?: string | null; date_to?: string | null; order_type?: string | null; prioritize_assigned?: boolean; }' with 'exactOptionalPropertyTypes: true'. Consider adding 'undefined' to the types of the target's properties.
    Types of property 'status' are incompatible.
      Type 'string | undefined' is not assignable to type 'string | null'.
        Type 'undefined' is not assignable to type 'string | null'.
src/features/orders/hooks/useOrdersListLogic.ts(67,36): error TS18048: 'todayStr' is possibly 'undefined'.
src/features/orders/hooks/useOrdersListLogic.ts(102,21): error TS2379: Argument of type '{ customer_code: string | undefined; status: string | undefined; order_type: string | undefined; }' is not assignable to parameter of type '{ customer_code?: string; status?: string; product_code?: string; order_type?: string; }' with 'exactOptionalPropertyTypes: true'. Consider adding 'undefined' to the types of the target's properties.
  Types of property 'customer_code' are incompatible.
    Type 'string | undefined' is not assignable to type 'string'.
      Type 'undefined' is not assignable to type 'string'.
src/features/reports/components/MonthlyReportPage.tsx(152,28): error TS2532: Object is possibly 'undefined'.
src/features/reports/components/MonthlyReportPage.tsx(158,30): error TS2532: Object is possibly 'undefined'.
src/features/rpa/material-delivery-note/components/MaterialDeliveryRunProgress.tsx(145,14): error TS2375: Type '{ status: string | undefined; runState: { isSucceeded: boolean; isFailed: boolean; isRunning: boolean; }; }' is not assignable to type '{ status?: string; runState: { isSucceeded: boolean; isFailed: boolean; isRunning: boolean; }; }' with 'exactOptionalPropertyTypes: true'. Consider adding 'undefined' to the types of the target's properties.
  Types of property 'status' are incompatible.
    Type 'string | undefined' is not assignable to type 'string'.
      Type 'undefined' is not assignable to type 'string'.
src/features/rpa/material-delivery-note/pages/RunDetailPage.tsx(253,12): error TS2375: Type '{ value: number; indicatorClassName: string | undefined; }' is not assignable to type '{ indicatorClassName?: string; }' with 'exactOptionalPropertyTypes: true'. Consider adding 'undefined' to the types of the target's properties.
  Types of property 'indicatorClassName' are incompatible.
    Type 'string | undefined' is not assignable to type 'string'.
      Type 'undefined' is not assignable to type 'string'.
src/features/rpa/material-delivery-note/utils/grouping.ts(152,82): error TS18048: 'groupItems' is possibly 'undefined'.
src/features/rpa/material-delivery-note/utils/grouping.ts(153,31): error TS2345: Argument of type 'RpaRunItem[] | undefined' is not assignable to parameter of type 'RpaRunItem[]'.
  Type 'undefined' is not assignable to type 'RpaRunItem[]'.
src/features/rpa/material-delivery-note/utils/run-steps.ts(39,55): error TS2532: Object is possibly 'undefined'.
src/features/rpa/smartread/components/SmartReadCsvTable.tsx(28,49): error TS2769: No overload matches this call.
  Overload 1 of 2, '(o: {}): string[]', gave the following error.
    Argument of type 'Record<string, unknown> | undefined' is not assignable to parameter of type '{}'.
      Type 'undefined' is not assignable to type '{}'.
  Overload 2 of 2, '(o: object): string[]', gave the following error.
    Argument of type 'Record<string, unknown> | undefined' is not assignable to parameter of type 'object'.
      Type 'undefined' is not assignable to type 'object'.
src/features/rpa/smartread/components/SmartReadManagedTaskList.tsx(194,14): error TS2375: Type '{ tasks: SmartReadTaskDetail[]; onToggleSkipToday: (taskId: string, currentValue: boolean) => Promise<void>; updatingTaskId: string | null; selectedTaskId: string | ... 1 more ... | undefined; onSelectTask: ((taskId: string) => void) | undefined; }' is not assignable to type 'TaskTableProps' with 'exactOptionalPropertyTypes: true'. Consider adding 'undefined' to the types of the target's properties.
  Types of property 'selectedTaskId' are incompatible.
    Type 'string | null | undefined' is not assignable to type 'string | null'.
      Type 'undefined' is not assignable to type 'string | null'.
src/features/rpa/smartread/components/SmartReadSavedDataList.tsx(75,19): error TS2532: Object is possibly 'undefined'.
src/features/rpa/smartread/components/SmartReadSettingsModal.test.tsx(55,48): error TS2769: No overload matches this call.
  The last overload gave the following error.
    Argument of type '{ onValueChange: ((value: string) => void) | undefined; value: string | undefined; }' is not assignable to parameter of type 'Partial<SelectTriggerProps> & Attributes' with 'exactOptionalPropertyTypes: true'. Consider adding 'undefined' to the types of the target's properties.
      Type '{ onValueChange: ((value: string) => void) | undefined; value: string | undefined; }' is not assignable to type 'Partial<SelectTriggerProps>' with 'exactOptionalPropertyTypes: true'. Consider adding 'undefined' to the types of the target's properties.
        Types of property 'value' are incompatible.
          Type 'string | undefined' is not assignable to type 'string | (readonly string[] & string)'.
            Type 'undefined' is not assignable to type 'string | (readonly string[] & string)'.
src/features/rpa/smartread/components/SmartReadSettingsModal.test.tsx(160,21): error TS2345: Argument of type 'HTMLButtonElement | undefined' is not assignable to parameter of type 'Element | Node | Document | Window'.
  Type 'undefined' is not assignable to type 'Element | Node | Document | Window'.
src/features/rpa/smartread/components/SmartReadSettingsModal.tsx(164,9): error TS2375: Type '{ template_ids: string | null; aggregation_type: string | null; watch_dir: string | null; export_dir: string | null; input_exts: string | null; description: string | null; name: string; ... 4 more ...; api_key?: string | undefined; }' is not assignable to type 'SmartReadConfigUpdate' with 'exactOptionalPropertyTypes: true'. Consider adding 'undefined' to the types of the target's properties.
  Types of property 'api_key' are incompatible.
    Type 'string | undefined' is not assignable to type 'string'.
      Type 'undefined' is not assignable to type 'string'.
src/features/rpa/smartread/db/export-cache.ts(176,13): error TS2375: Type '{ id: string; config_id: number; task_id: string; export_id: string; wide_data: SmartReadRow[]; long_data: SmartReadRow[]; errors: TransformError[]; ... 4 more ...; saved_to_db: boolean; }' is not assignable to type 'CachedExport' with 'exactOptionalPropertyTypes: true'. Consider adding 'undefined' to the types of the target's properties.
  Types of property 'task_date' are incompatible.
    Type 'string | undefined' is not assignable to type 'string'.
      Type 'undefined' is not assignable to type 'string'.
src/features/rpa/smartread/hooks/download-helpers.ts(28,31): error TS2769: No overload matches this call.
  Overload 1 of 2, '(o: {}): string[]', gave the following error.
    Argument of type 'Record<string, unknown> | undefined' is not assignable to parameter of type '{}'.
      Type 'undefined' is not assignable to type '{}'.
  Overload 2 of 2, '(o: object): string[]', gave the following error.
    Argument of type 'Record<string, unknown> | undefined' is not assignable to parameter of type 'object'.
      Type 'undefined' is not assignable to type 'object'.
src/features/rpa/smartread/hooks/export-hooks.ts(129,49): error TS2379: Argument of type '{ configId: number; taskId: string; exportId: string; saveToDb: boolean; taskDate: string | undefined; }' is not assignable to parameter of type '{ configId: number; taskId: string; exportId: string; saveToDb?: boolean; taskDate?: string; }' with 'exactOptionalPropertyTypes: true'. Consider adding 'undefined' to the types of the target's properties.
  Types of property 'taskDate' are incompatible.
    Type 'string | undefined' is not assignable to type 'string'.
      Type 'undefined' is not assignable to type 'string'.
src/features/rpa/smartread/hooks/export-hooks.ts(146,31): error TS2379: Argument of type '{ config_id: number; task_id: string; export_id: string; wide_data: Record<string, unknown>[]; long_data: SmartReadRow[]; errors: ValidationError[]; filename: string | null; task_date: string | undefined; saved_to_db: boolean; }' is not assignable to parameter of type '{ config_id: number; task_id: string; export_id: string; wide_data: SmartReadRow[]; long_data: SmartReadRow[]; errors: TransformError[]; filename: string | null; task_date?: string; data_version?: number; saved_to_db?: boolean; }' with 'exactOptionalPropertyTypes: true'. Consider adding 'undefined' to the types of the target's properties.
  Types of property 'task_date' are incompatible.
    Type 'string | undefined' is not assignable to type 'string'.
      Type 'undefined' is not assignable to type 'string'.
src/features/rpa/smartread/hooks/sync-hooks.ts(136,27): error TS2379: Argument of type '{ config_id: number; task_id: string; export_id: string; wide_data: Record<string, unknown>[]; long_data: Record<string, unknown>[]; errors: SmartReadValidationError[]; filename: string | null; task_date: string | undefined; data_version: number | undefined; saved_to_db: true; }' is not assignable to parameter of type '{ config_id: number; task_id: string; export_id: string; wide_data: SmartReadRow[]; long_data: SmartReadRow[]; errors: TransformError[]; filename: string | null; task_date?: string; data_version?: number; saved_to_db?: boolean; }' with 'exactOptionalPropertyTypes: true'. Consider adding 'undefined' to the types of the target's properties.
  Types of property 'task_date' are incompatible.
    Type 'string | undefined' is not assignable to type 'string'.
      Type 'undefined' is not assignable to type 'string'.
src/features/rpa/smartread/hooks/sync-hooks.ts(237,13): error TS2375: Type '{ wide_data: never[]; long_data: never[]; errors: never[]; filename: null; data_version: null; source: "server"; state: "PENDING"; message: string; requests_status: { total: number; completed: number; running: number; failed: number; } | undefined; }' is not assignable to type 'SyncResult' with 'exactOptionalPropertyTypes: true'. Consider adding 'undefined' to the types of the target's properties.
  Types of property 'requests_status' are incompatible.
    Type '{ total: number; completed: number; running: number; failed: number; } | undefined' is not assignable to type '{ total: number; completed: number; running: number; failed: number; }'.
      Type 'undefined' is not assignable to type '{ total: number; completed: number; running: number; failed: number; }'.
src/features/rpa/smartread/state.ts(145,3): error TS2769: No overload matches this call.
  Overload 1 of 2, '(key: string, initialValue: SmartReadTaskFilters, storage: AsyncStorage<SmartReadTaskFilters>, options?: { getOnInit?: boolean; } | undefined): WritableAtom<...>', gave the following error.
    Argument of type '{ state: undefined; excludeSkipped: false; dateFrom: undefined; dateTo: undefined; }' is not assignable to parameter of type 'SmartReadTaskFilters' with 'exactOptionalPropertyTypes: true'. Consider adding 'undefined' to the types of the target's properties.
      Types of property 'state' are incompatible.
        Type 'undefined' is not assignable to type 'string'.
  Overload 2 of 2, '(key: string, initialValue: SmartReadTaskFilters, storage?: SyncStorage<SmartReadTaskFilters> | undefined, options?: { ...; } | undefined): WritableAtom<...>', gave the following error.
    Argument of type '{ state: undefined; excludeSkipped: false; dateFrom: undefined; dateTo: undefined; }' is not assignable to parameter of type 'SmartReadTaskFilters' with 'exactOptionalPropertyTypes: true'. Consider adding 'undefined' to the types of the target's properties.
      Types of property 'state' are incompatible.
        Type 'undefined' is not assignable to type 'string'.
src/features/shipping-master/components/ShippingMasterEditDialog.tsx(165,22): error TS2345: Argument of type 'string | undefined' is not assignable to parameter of type 'string'.
  Type 'undefined' is not assignable to type 'string'.
src/features/shipping-master/components/ShippingMasterTable.tsx(33,47): error TS2379: Argument of type '{ onEdit: ((row: ShippingMasterCurated) => void) | undefined; onDelete: ((row: ShippingMasterCurated) => void) | undefined; }' is not assignable to parameter of type 'ShippingMasterColumnsOptions' with 'exactOptionalPropertyTypes: true'. Consider adding 'undefined' to the types of the target's properties.
  Types of property 'onEdit' are incompatible.
    Type '((row: { customer_code: string; material_code: string; jiku_code: string; jiku_match_pattern?: string | null; warehouse_code?: string | null; customer_name?: string | null; delivery_note_product_name?: string | null; ... 22 more ...; version: number; }) => void) | undefined' is not assignable to type '(row: { customer_code: string; material_code: string; jiku_code: string; jiku_match_pattern?: string | null; warehouse_code?: string | null; customer_name?: string | null; delivery_note_product_name?: string | null; ... 22 more ...; version: number; }) => void'.
      Type 'undefined' is not assignable to type '(row: { customer_code: string; material_code: string; jiku_code: string; jiku_match_pattern?: string | null; warehouse_code?: string | null; customer_name?: string | null; delivery_note_product_name?: string | null; ... 22 more ...; version: number; }) => void'.
src/features/shipping-master/components/ShippingMasterTable.tsx(36,6): error TS2375: Type '{ data: { customer_code: string; material_code: string; jiku_code: string; jiku_match_pattern?: string | null; warehouse_code?: string | null; customer_name?: string | null; delivery_note_product_name?: string | null; ... 22 more ...; version: number; }[]; columns: Column<...>[]; isLoading: boolean | undefined; empt...' is not assignable to type 'DataTableProps<{ customer_code: string; material_code: string; jiku_code: string; jiku_match_pattern?: string | null; warehouse_code?: string | null; customer_name?: string | null; delivery_note_product_name?: string | null; ... 22 more ...; version: number; }>' with 'exactOptionalPropertyTypes: true'. Consider adding 'undefined' to the types of the target's properties.
  Types of property 'isLoading' are incompatible.
    Type 'boolean | undefined' is not assignable to type 'boolean'.
      Type 'undefined' is not assignable to type 'boolean'.
src/features/shipping-master/pages/ShippingMasterListPage.tsx(41,30): error TS2379: Argument of type '{ customer_code: string | undefined; material_code: string | undefined; jiku_code: string | undefined; }' is not assignable to parameter of type 'ShippingMasterListParams' with 'exactOptionalPropertyTypes: true'. Consider adding 'undefined' to the types of the target's properties.
  Types of property 'customer_code' are incompatible.
    Type 'string | undefined' is not assignable to type 'string'.
      Type 'undefined' is not assignable to type 'string'.
src/features/supplier-products/components/SupplierProductForm.tsx(97,16): error TS2375: Type '{ children: Element[]; value: string | undefined; onValueChange: (v: string) => void; disabled: boolean; }' is not assignable to type '{ value?: string; defaultValue?: string; onValueChange?(value: string): void; }' with 'exactOptionalPropertyTypes: true'. Consider adding 'undefined' to the types of the target's properties.
  Types of property 'value' are incompatible.
    Type 'string | undefined' is not assignable to type 'string'.
      Type 'undefined' is not assignable to type 'string'.
src/features/supplier-products/components/SupplierProductsTable.tsx(27,21): error TS18048: 'today' is possibly 'undefined'.
src/features/supplier-products/hooks/useSupplierProductsPageState.ts(189,9): error TS2379: Argument of type '{ id: number; version: number; endDate: string | undefined; }' is not assignable to parameter of type '{ id: string | number; version: number; endDate?: string; }' with 'exactOptionalPropertyTypes: true'. Consider adding 'undefined' to the types of the target's properties.
  Types of property 'endDate' are incompatible.
    Type 'string | undefined' is not assignable to type 'string'.
      Type 'undefined' is not assignable to type 'string'.
src/features/suppliers/components/SupplierDetailDialog.tsx(96,11): error TS2379: Argument of type '{ id: string; version: number; endDate: string | undefined; }' is not assignable to parameter of type '{ id: string | number; version: number; endDate?: string; }' with 'exactOptionalPropertyTypes: true'. Consider adding 'undefined' to the types of the target's properties.
  Types of property 'endDate' are incompatible.
    Type 'string | undefined' is not assignable to type 'string'.
      Type 'undefined' is not assignable to type 'string'.
src/features/suppliers/components/SupplierTableColumns.tsx(14,21): error TS18048: 'today' is possibly 'undefined'.
src/features/uom-conversions/components/UomConversionsTable.tsx(17,21): error TS18048: 'today' is possibly 'undefined'.
src/features/uom-conversions/hooks/useUomConversionsPageState.ts(161,9): error TS2379: Argument of type '{ id: number; version: number; endDate: string | undefined; }' is not assignable to parameter of type '{ id: string | number; version: number; endDate?: string; }' with 'exactOptionalPropertyTypes: true'. Consider adding 'undefined' to the types of the target's properties.
  Types of property 'endDate' are incompatible.
    Type 'string | undefined' is not assignable to type 'string'.
      Type 'undefined' is not assignable to type 'string'.
src/features/uom-conversions/utils/uom-conversion-csv.ts(50,38): error TS2375: Type '{ error: string | undefined; }' is not assignable to type '{ row?: UomConversionBulkRow; error?: string; }' with 'exactOptionalPropertyTypes: true'. Consider adding 'undefined' to the types of the target's properties.
  Types of property 'error' are incompatible.
    Type 'string | undefined' is not assignable to type 'string'.
      Type 'undefined' is not assignable to type 'string'.
src/features/users/components/UserEditForm.tsx(56,11): error TS2375: Type '{ email: string; display_name: string; is_active: boolean; password: string | undefined; }' is not assignable to type 'UpdateUserRequest' with 'exactOptionalPropertyTypes: true'. Consider adding 'undefined' to the types of the target's properties.
  Types of property 'password' are incompatible.
    Type 'string | undefined' is not assignable to type 'string'.
      Type 'undefined' is not assignable to type 'string'.
src/features/users/pages/UsersListPage.tsx(41,56): error TS2379: Argument of type '{ is_active: boolean | undefined; }' is not assignable to parameter of type 'UsersListParams' with 'exactOptionalPropertyTypes: true'. Consider adding 'undefined' to the types of the target's properties.
  Types of property 'is_active' are incompatible.
    Type 'boolean | undefined' is not assignable to type 'boolean'.
      Type 'undefined' is not assignable to type 'boolean'.
src/features/warehouses/components/WarehouseDetailDialog.tsx(84,11): error TS2379: Argument of type '{ id: string; version: number; endDate: string | undefined; }' is not assignable to parameter of type '{ id: string | number; version: number; endDate?: string; }' with 'exactOptionalPropertyTypes: true'. Consider adding 'undefined' to the types of the target's properties.
  Types of property 'endDate' are incompatible.
    Type 'string | undefined' is not assignable to type 'string'.
      Type 'undefined' is not assignable to type 'string'.
src/features/warehouses/pages/columns.tsx(23,21): error TS18048: 'today' is possibly 'undefined'.
src/features/withdrawals/components/QuickMappingSetupDialog.tsx(142,60): error TS2532: Object is possibly 'undefined'.
src/features/withdrawals/components/QuickWithdrawalDialog.test.tsx(96,92): error TS2769: No overload matches this call.
  The last overload gave the following error.
    Argument of type '{ value: string | undefined; }' is not assignable to parameter of type 'Partial<SelectTriggerProps> & Attributes' with 'exactOptionalPropertyTypes: true'. Consider adding 'undefined' to the types of the target's properties.
      Type '{ value: string | undefined; }' is not assignable to type 'Partial<SelectTriggerProps>' with 'exactOptionalPropertyTypes: true'. Consider adding 'undefined' to the types of the target's properties.
        Types of property 'value' are incompatible.
          Type 'string | undefined' is not assignable to type 'string'.
            Type 'undefined' is not assignable to type 'string'.
src/features/withdrawals/components/QuickWithdrawalDialog.test.tsx(129,46): error TS2769: No overload matches this call.
  The last overload gave the following error.
    Argument of type '{ onSelect: ((value: string) => void) | undefined; }' is not assignable to parameter of type 'Partial<SelectItemProps> & Attributes' with 'exactOptionalPropertyTypes: true'. Consider adding 'undefined' to the types of the target's properties.
      Type '{ onSelect: ((value: string) => void) | undefined; }' is not assignable to type 'Partial<SelectItemProps>' with 'exactOptionalPropertyTypes: true'. Consider adding 'undefined' to the types of the target's properties.
        Types of property 'onSelect' are incompatible.
          Type '((value: string) => void) | undefined' is not assignable to type '(value: string) => void'.
            Type 'undefined' is not assignable to type '(value: string) => void'.
src/features/withdrawals/components/WithdrawalCalendar.tsx(122,10): error TS2375: Type '{ day: Date; stat: DailyStat; warehouseName: string | undefined; }' is not assignable to type '{ day: Date; stat: DailyStat; warehouseName?: string; }' with 'exactOptionalPropertyTypes: true'. Consider adding 'undefined' to the types of the target's properties.
  Types of property 'warehouseName' are incompatible.
    Type 'string | undefined' is not assignable to type 'string'.
      Type 'undefined' is not assignable to type 'string'.
src/features/withdrawals/components/WithdrawalCalendar.tsx(388,16): error TS2375: Type '{ key: string; day: Date; stat: DailyStat | undefined; isCurrentMonth: boolean; isToday: boolean; isHovered: boolean; showWithdrawButton: boolean; warehouseName: string | undefined; onHover: Dispatch<...>; onDateClick: (date: Date) => void | undefined; }' is not assignable to type 'CalendarDayProps' with 'exactOptionalPropertyTypes: true'. Consider adding 'undefined' to the types of the target's properties.
  Types of property 'warehouseName' are incompatible.
    Type 'string | undefined' is not assignable to type 'string'.
      Type 'undefined' is not assignable to type 'string'.
src/features/withdrawals/components/WithdrawalFormFiltered.tsx(46,40): error TS2379: Argument of type '{ preselectedLot: LotUI | null | undefined; lots: LotUI[]; onSubmit: (data: WithdrawalCreateRequest) => Promise<void>; }' is not assignable to parameter of type 'UseWithdrawalFormStateProps' with 'exactOptionalPropertyTypes: true'. Consider adding 'undefined' to the types of the target's properties.
  Types of property 'preselectedLot' are incompatible.
    Type 'LotUI | null | undefined' is not assignable to type 'LotUI | null'.
      Type 'undefined' is not assignable to type 'LotUI | null'.
src/features/withdrawals/components/WithdrawalFormFiltered.tsx(68,8): error TS2375: Type '{ preselectedLot: LotUI | null | undefined; filteredLots: LotUI[]; selectedLotId: number; availableQuantity: number; isLoading: boolean; error: string | undefined; onLotChange: (id: number) => void; }' is not assignable to type 'LotSelectorProps' with 'exactOptionalPropertyTypes: true'. Consider adding 'undefined' to the types of the target's properties.
  Types of property 'preselectedLot' are incompatible.
    Type 'LotUI | null | undefined' is not assignable to type 'LotUI | null'.
      Type 'undefined' is not assignable to type 'LotUI | null'.
src/features/withdrawals/components/withdrawalFormSchema.ts(43,3): error TS2322: Type 'string | undefined' is not assignable to type 'string'.
  Type 'undefined' is not assignable to type 'string'.
src/features/withdrawals/pages/WithdrawalCreatePage.tsx(70,12): error TS2375: Type '{ preselectedLot: LotUI | undefined; lots: LotUI[]; isLoadingLots: boolean; onSubmit: (data: WithdrawalCreateRequest) => Promise<void>; onCancel: () => void; isSubmitting: boolean; }' is not assignable to type 'WithdrawalFormFilteredProps' with 'exactOptionalPropertyTypes: true'. Consider adding 'undefined' to the types of the target's properties.
  Types of property 'preselectedLot' are incompatible.
    Type 'LotUI | undefined' is not assignable to type 'LotUI | null'.
      Type 'undefined' is not assignable to type 'LotUI | null'.
src/features/withdrawals/pages/WithdrawalsListPage.tsx(56,55): error TS2379: Argument of type '{ skip: number; limit: number; withdrawal_type: WithdrawalType | undefined; search: string | undefined; }' is not assignable to parameter of type 'WithdrawalListParams' with 'exactOptionalPropertyTypes: true'. Consider adding 'undefined' to the types of the target's properties.
  Types of property 'withdrawal_type' are incompatible.
    Type 'WithdrawalType | undefined' is not assignable to type 'WithdrawalType'.
      Type 'undefined' is not assignable to type 'WithdrawalType'.
src/mocks/handlers/lot-handlers.ts(89,5): error TS2375: Type '{ updated_at: string; created_at?: string; lot_number?: string | null; order_no?: string | null; supplier_item_id?: number; warehouse_id?: number; supplier_id?: number | null; expected_lot_id?: number | null; ... 41 more ...; lot_no?: string | null; }' is not assignable to type 'LotResponse' with 'exactOptionalPropertyTypes: true'. Consider adding 'undefined' to the types of the target's properties.
  Type '{ updated_at: string; created_at?: string; lot_number?: string | null; order_no?: string | null; supplier_item_id?: number; warehouse_id?: number; supplier_id?: number | null; expected_lot_id?: number | null; ... 41 more ...; lot_no?: string | null; }' is not assignable to type '{ created_at: string; updated_at?: string | null; lot_number?: string | null; order_no?: string | null; supplier_item_id: number; warehouse_id: number; supplier_id?: number | null; expected_lot_id?: number | null; ... 36 more ...; mapping_status?: string | null; }' with 'exactOptionalPropertyTypes: true'. Consider adding 'undefined' to the types of the target's properties.
    Property 'created_at' is optional in type '{ updated_at: string; created_at?: string; lot_number?: string | null; order_no?: string | null; supplier_item_id?: number; warehouse_id?: number; supplier_id?: number | null; expected_lot_id?: number | null; ... 41 more ...; lot_no?: string | null; }' but required in type '{ created_at: string; updated_at?: string | null; lot_number?: string | null; order_no?: string | null; supplier_item_id: number; warehouse_id: number; supplier_id?: number | null; expected_lot_id?: number | null; ... 36 more ...; mapping_status?: string | null; }'.
src/mocks/handlers/order-handlers.ts(83,5): error TS2375: Type '{ status: string; updated_at: string; id?: number; created_at?: string; order_date?: string; customer_id?: number; ocr_source_filename?: string | null; cancel_reason?: string | null; locked_by_user_id?: number | null; ... 16 more ...; lines?: OrderLine[]; }' is not assignable to type 'OrderWithLinesResponse' with 'exactOptionalPropertyTypes: true'. Consider adding 'undefined' to the types of the target's properties.
  Type '{ status: string; updated_at: string; id?: number; created_at?: string; order_date?: string; customer_id?: number; ocr_source_filename?: string | null; cancel_reason?: string | null; locked_by_user_id?: number | null; ... 16 more ...; lines?: OrderLine[]; }' is not assignable to type 'Omit<{ customer_id: number; order_date: string; id: number; status: string; created_at: string; updated_at: string; ocr_source_filename?: string | null; cancel_reason?: string | null; locked_by_user_id?: number | null; locked_by_user_name?: string | null; locked_at?: string | null; lock_expires_at?: string | null; l...' with 'exactOptionalPropertyTypes: true'. Consider adding 'undefined' to the types of the target's properties.
    Property 'id' is optional in type '{ status: string; updated_at: string; id?: number; created_at?: string; order_date?: string; customer_id?: number; ocr_source_filename?: string | null; cancel_reason?: string | null; locked_by_user_id?: number | null; ... 16 more ...; lines?: OrderLine[]; }' but required in type 'Omit<{ customer_id: number; order_date: string; id: number; status: string; created_at: string; updated_at: string; ocr_source_filename?: string | null; cancel_reason?: string | null; locked_by_user_id?: number | null; locked_by_user_name?: string | null; locked_at?: string | null; lock_expires_at?: string | null; l...'.
src/services/error-logger.ts(53,11): error TS2375: Type '{ timestamp: string; level: "error" | "info" | "warning"; source: string; message: string; stack: string | undefined; context: Record<string, unknown> | undefined; userAgent: string; url: string; }' is not assignable to type 'ErrorLogEntry' with 'exactOptionalPropertyTypes: true'. Consider adding 'undefined' to the types of the target's properties.
  Types of property 'stack' are incompatible.
    Type 'string | undefined' is not assignable to type 'string'.
      Type 'undefined' is not assignable to type 'string'.
src/shared/components/data/DataTable.test.tsx(77,21): error TS2345: Argument of type 'HTMLElement | undefined' is not assignable to parameter of type 'Element | Node | Document | Window'.
  Type 'undefined' is not assignable to type 'Element | Node | Document | Window'.
src/shared/components/data/DataTable/DataTableHeader.tsx(112,14): error TS2375: Type '{ key: string; header: Header<T, unknown>; dense: boolean | undefined; }' is not assignable to type 'HeaderCellProps<T>' with 'exactOptionalPropertyTypes: true'. Consider adding 'undefined' to the types of the target's properties.
  Types of property 'dense' are incompatible.
    Type 'boolean | undefined' is not assignable to type 'boolean'.
      Type 'undefined' is not assignable to type 'boolean'.
src/shared/components/data/filter-fields/SelectFilterField.tsx(43,8): error TS2375: Type '{ children: Element[]; value: string; onValueChange: (value: string) => void; disabled: boolean | undefined; }' is not assignable to type 'SelectSharedProps' with 'exactOptionalPropertyTypes: true'. Consider adding 'undefined' to the types of the target's properties.
  Types of property 'disabled' are incompatible.
    Type 'boolean | undefined' is not assignable to type 'boolean'.
      Type 'undefined' is not assignable to type 'boolean'.
src/shared/components/data/FilterContainer.tsx(195,6): error TS2375: Type '{ children: ReactNode; searchValue: string; onSearchChange: ((value: string) => void) | undefined; searchPlaceholder: string; onReset: (() => void) | undefined; collapsible: false; className: string | undefined; hideSearch: boolean; }' is not assignable to type 'FilterContainerProps' with 'exactOptionalPropertyTypes: true'. Consider adding 'undefined' to the types of the target's properties.
  Types of property 'onSearchChange' are incompatible.
    Type '((value: string) => void) | undefined' is not assignable to type '(value: string) => void'.
      Type 'undefined' is not assignable to type '(value: string) => void'.
src/shared/components/layout/MasterDialogContainer.tsx(7,8): error TS2459: Module '"@/features/masters/components/MasterImportDialog"' declares 'TemplateGroup' locally, but it is not exported.
