src/components/common/BulkPermanentDeleteDialog.tsx(31,6): error TS2375: Type '{ open: boolean; onOpenChange: (open: boolean) => void; type: "permanent"; bulk: true; selectedCount: number; title: string | undefined; description: string | undefined; onConfirm: () => void; isPending: boolean; }' is not assignable to type 'DeleteDialogProps' with 'exactOptionalPropertyTypes: true'. Consider adding 'undefined' to the types of the target's properties.
  Types of property 'title' are incompatible.
    Type 'string | undefined' is not assignable to type 'string'.
      Type 'undefined' is not assignable to type 'string'.
src/components/common/BulkSoftDeleteDialog.tsx(36,6): error TS2375: Type '{ open: boolean; onOpenChange: (open: boolean) => void; type: "soft"; bulk: true; selectedCount: number; title: string | undefined; description: string | undefined; onConfirm: (endDate?: string | null | undefined) => void; isPending: boolean; }' is not assignable to type 'DeleteDialogProps' with 'exactOptionalPropertyTypes: true'. Consider adding 'undefined' to the types of the target's properties.
  Types of property 'title' are incompatible.
    Type 'string | undefined' is not assignable to type 'string'.
      Type 'undefined' is not assignable to type 'string'.
src/components/common/DeleteDialog.tsx(107,50): error TS2345: Argument of type 'string | undefined' is not assignable to parameter of type 'string | (() => string)'.
  Type 'undefined' is not assignable to type 'string | (() => string)'.
src/components/common/DeleteDialog.tsx(113,18): error TS2345: Argument of type 'string | undefined' is not assignable to parameter of type 'SetStateAction<string>'.
  Type 'undefined' is not assignable to type 'SetStateAction<string>'.
src/components/common/SoftDeleteDialog.tsx(37,6): error TS2375: Type '{ open: boolean; onOpenChange: (open: boolean) => void; type: "soft"; bulk: false; title: string; description: string; onConfirm: (endDate?: string | null | undefined) => void; isPending: boolean; onSwitchToPermanent: (() => void) | undefined; }' is not assignable to type 'DeleteDialogProps' with 'exactOptionalPropertyTypes: true'. Consider adding 'undefined' to the types of the target's properties.
  Types of property 'onSwitchToPermanent' are incompatible.
    Type '(() => void) | undefined' is not assignable to type '() => void'.
      Type 'undefined' is not assignable to type '() => void'.
src/components/ui/context-menu.tsx(94,4): error TS2375: Type '{ children: (ReactNode | Element)[]; key?: Key | null | undefined; property?: string | undefined; is?: string | undefined; slot?: string | undefined; style?: CSSProperties | undefined; ... 278 more ...; checked: CheckedState | undefined; }' is not assignable to type 'ContextMenuCheckboxItemProps' with 'exactOptionalPropertyTypes: true'. Consider adding 'undefined' to the types of the target's properties.
  Types of property 'checked' are incompatible.
    Type 'CheckedState | undefined' is not assignable to type 'CheckedState'.
      Type 'undefined' is not assignable to type 'CheckedState'.
src/components/ui/date-range-picker.tsx(106,24): error TS2345: Argument of type 'number | undefined' is not assignable to parameter of type 'number'.
  Type 'undefined' is not assignable to type 'number'.
src/components/ui/date-range-picker.tsx(111,22): error TS2345: Argument of type 'number | undefined' is not assignable to parameter of type 'number'.
  Type 'undefined' is not assignable to type 'number'.
src/components/ui/date-range-picker.tsx(124,54): error TS2345: Argument of type 'number | undefined' is not assignable to parameter of type 'number'.
  Type 'undefined' is not assignable to type 'number'.
src/components/ui/date-range-picker.tsx(125,48): error TS2345: Argument of type 'number | undefined' is not assignable to parameter of type 'number'.
  Type 'undefined' is not assignable to type 'number'.
src/components/ui/date-range-picker.tsx(152,8): error TS2375: Type '{ initialFocus: true; mode: "range"; defaultMonth: Date | undefined; selected: DateRange | undefined; onSelect: (date: DateRange | undefined) => void; numberOfMonths: number; }' is not assignable to type 'IntrinsicAttributes & DayPickerProps' with 'exactOptionalPropertyTypes: true'. Consider adding 'undefined' to the types of the target's properties.
  Type '{ initialFocus: true; mode: "range"; defaultMonth: Date | undefined; selected: DateRange | undefined; onSelect: (date: DateRange | undefined) => void; numberOfMonths: number; }' is not assignable to type '(IntrinsicAttributes & PropsBase & PropsRange) | (IntrinsicAttributes & PropsBase & PropsRangeRequired)' with 'exactOptionalPropertyTypes: true'. Consider adding 'undefined' to the types of the target's properties.
    Type '{ initialFocus: true; mode: "range"; defaultMonth: Date | undefined; selected: DateRange | undefined; onSelect: (date: DateRange | undefined) => void; numberOfMonths: number; }' is not assignable to type 'PropsBase' with 'exactOptionalPropertyTypes: true'. Consider adding 'undefined' to the types of the target's properties.
      Types of property 'defaultMonth' are incompatible.
        Type 'Date | undefined' is not assignable to type 'Date'.
          Type 'undefined' is not assignable to type 'Date'.
src/components/ui/date-range-picker.tsx(162,12): error TS2375: Type '{ date: DateRange | undefined; }' is not assignable to type '{ date?: DateRange; }' with 'exactOptionalPropertyTypes: true'. Consider adding 'undefined' to the types of the target's properties.
  Types of property 'date' are incompatible.
    Type 'DateRange | undefined' is not assignable to type 'DateRange'.
      Type 'undefined' is not assignable to type 'DateRange'.
src/components/ui/date-range-picker.tsx(202,14): error TS2375: Type '{ date: DateRange | undefined; }' is not assignable to type '{ date?: DateRange; }' with 'exactOptionalPropertyTypes: true'. Consider adding 'undefined' to the types of the target's properties.
  Types of property 'date' are incompatible.
    Type 'DateRange | undefined' is not assignable to type 'DateRange'.
      Type 'undefined' is not assignable to type 'DateRange'.
src/components/ui/date-range-picker.tsx(205,10): error TS2375: Type '{ date: DateRange | undefined; startTime: string; endTime: string; onTimeChange: (type: "end" | "start", timeValue: string) => void; onSelectDate: (newDate: DateRange | undefined) => void; }' is not assignable to type '{ date?: DateRange; startTime: string; endTime: string; onTimeChange: (type: "end" | "start", value: string) => void; onSelectDate: (date: DateRange | undefined) => void; }' with 'exactOptionalPropertyTypes: true'. Consider adding 'undefined' to the types of the target's properties.
  Types of property 'date' are incompatible.
    Type 'DateRange | undefined' is not assignable to type 'DateRange'.
      Type 'undefined' is not assignable to type 'DateRange'.
src/components/ui/date-time-picker.tsx(31,15): error TS2345: Argument of type 'number | undefined' is not assignable to parameter of type 'number'.
  Type 'undefined' is not assignable to type 'number'.
src/components/ui/date-time-picker.tsx(31,31): error TS2345: Argument of type 'number | undefined' is not assignable to parameter of type 'number'.
  Type 'undefined' is not assignable to type 'number'.
src/components/ui/date-time-picker.tsx(34,22): error TS2345: Argument of type 'number | undefined' is not assignable to parameter of type 'number'.
  Type 'undefined' is not assignable to type 'number'.
src/components/ui/date-time-picker.tsx(46,22): error TS2345: Argument of type 'number | undefined' is not assignable to parameter of type 'number'.
  Type 'undefined' is not assignable to type 'number'.
src/components/ui/display/dropdown-menu.tsx(95,4): error TS2375: Type '{ children: (ReactNode | Element)[]; key?: Key | null | undefined; property?: string | undefined; is?: string | undefined; slot?: string | undefined; style?: CSSProperties | undefined; ... 278 more ...; checked: CheckedState | undefined; }' is not assignable to type 'DropdownMenuCheckboxItemProps' with 'exactOptionalPropertyTypes: true'. Consider adding 'undefined' to the types of the target's properties.
  Types of property 'checked' are incompatible.
    Type 'CheckedState | undefined' is not assignable to type 'CheckedState'.
      Type 'undefined' is not assignable to type 'CheckedState'.
src/components/ui/form/SearchableSelect.test.tsx(99,23): error TS2532: Object is possibly 'undefined'.
src/components/ui/form/SearchableSelect.tsx(225,8): error TS2375: Type '{ isOpen: boolean; disabled: boolean; value: string | undefined; selectedOptionLabel: string | undefined; placeholder: string; inputRef: RefObject<HTMLInputElement | null>; searchTerm: string; setSearchTerm: Dispatch<...>; onOpen: () => void; onClear: (e: MouseEvent<...>) => void; }' is not assignable to type '{ isOpen: boolean; disabled: boolean; value?: string; selectedOptionLabel?: string; placeholder: string; inputRef: RefObject<HTMLInputElement | null>; searchTerm: string; setSearchTerm: (v: string) => void; onOpen: () => void; onClear: (e: MouseEvent<...>) => void; }' with 'exactOptionalPropertyTypes: true'. Consider adding 'undefined' to the types of the target's properties.
  Types of property 'value' are incompatible.
    Type 'string | undefined' is not assignable to type 'string'.
      Type 'undefined' is not assignable to type 'string'.
src/components/ui/form/SearchableSelect.tsx(240,12): error TS2375: Type '{ options: SelectOption[]; selectedValue: string | undefined; onSelect: (optionValue: string) => void; }' is not assignable to type '{ options: SelectOption[]; selectedValue?: string; onSelect: (value: string) => void; }' with 'exactOptionalPropertyTypes: true'. Consider adding 'undefined' to the types of the target's properties.
  Types of property 'selectedValue' are incompatible.
    Type 'string | undefined' is not assignable to type 'string'.
      Type 'undefined' is not assignable to type 'string'.
src/contexts/SystemSettingsContext.tsx(70,32): error TS2345: Argument of type 'string | undefined' is not assignable to parameter of type 'string'.
  Type 'undefined' is not assignable to type 'string'.
src/factories/lot-factory.ts(30,5): error TS2322: Type 'string | undefined' is not assignable to type 'string'.
  Type 'undefined' is not assignable to type 'string'.
src/factories/lot-factory.ts(108,20): error TS2379: Argument of type '{ created_at?: string; updated_at?: string | null; lot_number?: string | null; order_no?: string | null; supplier_item_id?: number; warehouse_id?: number; supplier_id?: number | null; ... 42 more ...; lot_no?: string | null; }' is not assignable to parameter of type 'Partial<LotResponse>' with 'exactOptionalPropertyTypes: true'. Consider adding 'undefined' to the types of the target's properties.
  Types of property 'expiry_date' are incompatible.
    Type 'string | null | undefined' is not assignable to type 'string | null'.
      Type 'undefined' is not assignable to type 'string | null'.
src/factories/lot-factory.ts(121,20): error TS2379: Argument of type '{ created_at?: string; updated_at?: string | null; lot_number?: string | null; order_no?: string | null; supplier_item_id?: number; warehouse_id?: number; supplier_id?: number | null; ... 42 more ...; lot_no?: string | null; }' is not assignable to parameter of type 'Partial<LotResponse>' with 'exactOptionalPropertyTypes: true'. Consider adding 'undefined' to the types of the target's properties.
  Types of property 'expiry_date' are incompatible.
    Type 'string | null | undefined' is not assignable to type 'string | null'.
      Type 'undefined' is not assignable to type 'string | null'.
src/factories/order-factory.ts(33,3): error TS2322: Type 'string | undefined' is not assignable to type 'string'.
  Type 'undefined' is not assignable to type 'string'.
src/factories/order-factory.ts(57,5): error TS2322: Type 'string | undefined' is not assignable to type 'string'.
  Type 'undefined' is not assignable to type 'string'.
src/factories/order-factory.ts(100,3): error TS2375: Type '{ id: number; order_id: number; version: number; supplier_item_id: number; delivery_place_id: number; order_quantity: string; allocated_quantity: string; unit: string; delivery_date: string; ... 14 more ...; customer_name: string | undefined; }' is not assignable to type 'OrderLineFactoryResult' with 'exactOptionalPropertyTypes: true'. Consider adding 'undefined' to the types of the target's properties.
  Type '{ id: number; order_id: number; version: number; supplier_item_id: number; delivery_place_id: number; order_quantity: string; allocated_quantity: string; unit: string; delivery_date: string; ... 14 more ...; customer_name: string | undefined; }' is not assignable to type '{ supplier_item_id?: number | null; delivery_date: string; order_quantity: string; unit: string; converted_quantity?: string | null; delivery_place_id: number; order_type: string; forecast_id?: number | null; ... 28 more ...; allocated_quantity: string; }' with 'exactOptionalPropertyTypes: true'. Consider adding 'undefined' to the types of the target's properties.
    Types of property 'customer_name' are incompatible.
      Type 'string | undefined' is not assignable to type 'string | null'.
        Type 'undefined' is not assignable to type 'string | null'.
src/factories/order-factory.ts(150,21): error TS2345: Argument of type '{ customer_code: string | undefined; customer_name: string | undefined; supplier_item_id?: number | null; delivery_date: string; order_quantity: string; unit: string; converted_quantity?: string | null; ... 41 more ...; order_status?: string | null; } | { ...; }' is not assignable to parameter of type 'Partial<OrderLineFactoryResult> | undefined'.
  Type '{ customer_code: string | undefined; customer_name: string | undefined; supplier_item_id?: number | null; delivery_date: string; order_quantity: string; unit: string; converted_quantity?: string | null; ... 41 more ...; order_status?: string | null; }' is not assignable to type 'Partial<OrderLineFactoryResult>' with 'exactOptionalPropertyTypes: true'. Consider adding 'undefined' to the types of the target's properties.
    Types of property 'customer_name' are incompatible.
      Type 'string | undefined' is not assignable to type 'string | null'.
        Type 'undefined' is not assignable to type 'string | null'.
src/features/adjustments/pages/AdjustmentsListPage.tsx(52,68): error TS2379: Argument of type '{ lot_id: number | undefined; adjustment_type: AdjustmentType | undefined; }' is not assignable to parameter of type 'AdjustmentsListParams' with 'exactOptionalPropertyTypes: true'. Consider adding 'undefined' to the types of the target's properties.
  Types of property 'lot_id' are incompatible.
    Type 'number | undefined' is not assignable to type 'number'.
      Type 'undefined' is not assignable to type 'number'.
src/features/admin/components/PageVisibilityEditor.tsx(50,56): error TS2538: Type 'undefined' cannot be used as an index type.
src/features/admin/components/SeedSimulateDialog/hooks/useSimulationForm.test.ts(74,58): error TS2538: Type 'undefined' cannot be used as an index type.
src/features/admin/components/SeedSimulateDialog/hooks/useSimulationForm.test.ts(77,46): error TS2345: Argument of type 'string | undefined' is not assignable to parameter of type 'string'.
  Type 'undefined' is not assignable to type 'string'.
src/features/admin/components/SeedSimulateDialog/hooks/useSimulationForm.ts(15,13): error TS2345: Argument of type '(prev: SimulateSeedRequest) => { profile: null; warehouses: number | undefined; random_seed?: number | null; customers?: number | null; suppliers?: number | null; ... 10 more ...; case_mix?: Record<...> | null; } | { ...; }' is not assignable to parameter of type 'SetStateAction<SimulateSeedRequest>'.
  Type '(prev: SimulateSeedRequest) => { profile: null; warehouses: number | undefined; random_seed?: number | null; customers?: number | null; suppliers?: number | null; ... 10 more ...; case_mix?: Record<...> | null; } | { ...; }' is not assignable to type '(prevState: SimulateSeedRequest) => SimulateSeedRequest'.
    Type '{ profile: null; warehouses: number | undefined; random_seed?: number | null; customers?: number | null; suppliers?: number | null; products?: number | null; lots?: number | null; orders?: number | null; ... 7 more ...; case_mix?: Record<...> | null; } | { ...; }' is not assignable to type 'SimulateSeedRequest' with 'exactOptionalPropertyTypes: true'. Consider adding 'undefined' to the types of the target's properties.
      Type '{ profile: null; warehouses: number | undefined; random_seed?: number | null; customers?: number | null; suppliers?: number | null; products?: number | null; lots?: number | null; orders?: number | null; ... 7 more ...; case_mix?: Record<string, number> | null; }' is not assignable to type 'SimulateSeedRequest' with 'exactOptionalPropertyTypes: true'. Consider adding 'undefined' to the types of the target's properties.
        Types of property 'warehouses' are incompatible.
          Type 'number | undefined' is not assignable to type 'number'.
            Type 'undefined' is not assignable to type 'number'.
src/features/admin/components/system-settings/DiagnosticsSection.tsx(205,61): error TS2304: Cannot find name 'SchemaCheckIssue'.
src/features/allocations/api.ts(44,39): error TS2379: Argument of type '{ supplier_item_id: number; warehouse_id: number | undefined; }' is not assignable to parameter of type '{ supplier_item_id: number; warehouse_id?: number; min_quantity?: number; }' with 'exactOptionalPropertyTypes: true'. Consider adding 'undefined' to the types of the target's properties.
  Types of property 'warehouse_id' are incompatible.
    Type 'number | undefined' is not assignable to type 'number'.
      Type 'undefined' is not assignable to type 'number'.
src/features/allocations/components/allocation-list/line-based/AllocationListContent.tsx(97,15): error TS2322: Type 'LineWithOrderInfo | GroupedOrder | undefined' is not assignable to type 'LineWithOrderInfo | GroupedOrder'.
  Type 'undefined' is not assignable to type 'LineWithOrderInfo | GroupedOrder'.
src/features/allocations/components/allocation-list/line-based/helpers.ts(16,5): error TS2322: Type 'string | undefined' is not assignable to type 'string'.
  Type 'undefined' is not assignable to type 'string'.
src/features/allocations/components/allocation-list/line-based/LineItem.tsx(59,14): error TS2375: Type '{ order: OrderWithLinesResponse; line: OrderLine; customerName: string; productName: string; deliveryPlaceName: string | undefined; }' is not assignable to type 'AllocationRowContainerProps' with 'exactOptionalPropertyTypes: true'. Consider adding 'undefined' to the types of the target's properties.
  Types of property 'deliveryPlaceName' are incompatible.
    Type 'string | undefined' is not assignable to type 'string'.
      Type 'undefined' is not assignable to type 'string'.
src/features/allocations/components/allocation-list/line-based/OrderGroupLineItem.tsx(51,12): error TS2375: Type '{ order: OrderWithLinesResponse; line: OrderLine; customerName: string; productName: string; deliveryPlaceName: string | undefined; }' is not assignable to type 'AllocationRowContainerProps' with 'exactOptionalPropertyTypes: true'. Consider adding 'undefined' to the types of the target's properties.
  Types of property 'deliveryPlaceName' are incompatible.
    Type 'string | undefined' is not assignable to type 'string'.
      Type 'undefined' is not assignable to type 'string'.
src/features/allocations/components/lots/AllocationRowContainer.tsx(55,5): error TS2769: No overload matches this call.
  Overload 1 of 2, '(predicate: (value: { lot_id: number; lot_number: string; available_quantity: number; expiry_date: string | null | undefined; product_code: string; warehouse_code: string; free_qty: number; current_quantity: number; ... 6 more ...; external_unit: null; }, index: number, array: { ...; }[]) => value is { ...; }, thisArg?: any): { ...; }[]', gave the following error.
    Argument of type '(lot: { is_expired?: boolean; expiry_date?: string | null; }) => boolean' is not assignable to parameter of type '(value: { lot_id: number; lot_number: string; available_quantity: number; expiry_date: string | null | undefined; product_code: string; warehouse_code: string; free_qty: number; current_quantity: number; ... 6 more ...; external_unit: null; }, index: number, array: { ...; }[]) => value is { ...; }'.
      Types of parameters 'lot' and 'value' are incompatible.
        Type '{ lot_id: number; lot_number: string; available_quantity: number; expiry_date: string | null | undefined; product_code: string; warehouse_code: string; free_qty: number; current_quantity: number; ... 6 more ...; external_unit: null; }' is not assignable to type '{ is_expired?: boolean; expiry_date?: string | null; }' with 'exactOptionalPropertyTypes: true'. Consider adding 'undefined' to the types of the target's properties.
          Types of property 'expiry_date' are incompatible.
            Type 'string | null | undefined' is not assignable to type 'string | null'.
              Type 'undefined' is not assignable to type 'string | null'.
  Overload 2 of 2, '(predicate: (value: { lot_id: number; lot_number: string; available_quantity: number; expiry_date: string | null | undefined; product_code: string; warehouse_code: string; free_qty: number; current_quantity: number; ... 6 more ...; external_unit: null; }, index: number, array: { ...; }[]) => unknown, thisArg?: any): { ...; }[]', gave the following error.
    Argument of type '(lot: { is_expired?: boolean; expiry_date?: string | null; }) => boolean' is not assignable to parameter of type '(value: { lot_id: number; lot_number: string; available_quantity: number; expiry_date: string | null | undefined; product_code: string; warehouse_code: string; free_qty: number; current_quantity: number; ... 6 more ...; external_unit: null; }, index: number, array: { ...; }[]) => unknown'.
      Types of parameters 'lot' and 'value' are incompatible.
        Type '{ lot_id: number; lot_number: string; available_quantity: number; expiry_date: string | null | undefined; product_code: string; warehouse_code: string; free_qty: number; current_quantity: number; ... 6 more ...; external_unit: null; }' is not assignable to type '{ is_expired?: boolean; expiry_date?: string | null; }' with 'exactOptionalPropertyTypes: true'. Consider adding 'undefined' to the types of the target's properties.
          Types of property 'expiry_date' are incompatible.
            Type 'string | null | undefined' is not assignable to type 'string | null'.
              Type 'undefined' is not assignable to type 'string | null'.
src/features/allocations/components/lots/AllocationRowContainer.tsx(89,7): error TS2322: Type '{ lot_id: number; lot_number: string; available_quantity: number; expiry_date: string | null | undefined; product_code: string; warehouse_code: string; free_qty: number; current_quantity: number; ... 6 more ...; external_unit: null; }[]' is not assignable to type 'CandidateLotItem[]'.
  Type '{ lot_id: number; lot_number: string; available_quantity: number; expiry_date: string | null | undefined; product_code: string; warehouse_code: string; free_qty: number; current_quantity: number; ... 6 more ...; external_unit: null; }' is not assignable to type 'CandidateLotItem' with 'exactOptionalPropertyTypes: true'. Consider adding 'undefined' to the types of the target's properties.
    Types of property 'expiry_date' are incompatible.
      Type 'string | null | undefined' is not assignable to type 'string | null'.
        Type 'undefined' is not assignable to type 'string | null'.
src/features/allocations/components/lots/hooks/useForecastData.ts(14,20): error TS2379: Argument of type '{ customer_id: number | undefined; delivery_place_id: number | undefined; supplier_item_id: number | undefined; limit: number; }' is not assignable to parameter of type '{ skip?: number; limit?: number; customer_id?: number | null; delivery_place_id?: number | null; supplier_item_id?: number | null; }' with 'exactOptionalPropertyTypes: true'. Consider adding 'undefined' to the types of the target's properties.
  Types of property 'customer_id' are incompatible.
    Type 'number | undefined' is not assignable to type 'number | null'.
      Type 'undefined' is not assignable to type 'number | null'.
src/features/allocations/components/lots/LotAllocationHeader.tsx(92,6): error TS2375: Type '{ orderNumber: string; productCode: string; productName: string; deliveryDate: string; orderUnit: string; inventoryUnit: string; orderQuantity: number; isComplete: boolean; justSaved: false; ... 19 more ...; lineStatus?: string | null; }' is not assignable to type 'LotAllocationHeaderViewProps' with 'exactOptionalPropertyTypes: true'. Consider adding 'undefined' to the types of the target's properties.
  Types of property 'supplierName' are incompatible.
    Type 'string | undefined' is not assignable to type 'string'.
      Type 'undefined' is not assignable to type 'string'.
src/features/allocations/components/lots/LotAllocationHeaderView.tsx(63,54): error TS2379: Argument of type '{ isOverAllocated: boolean; isComplete: boolean; totalAllocated: number; remainingQty: number; justSaved: boolean; canSave: false; lineStatus: string | null | undefined; }' is not assignable to parameter of type 'AllocationStatusBadgeProps' with 'exactOptionalPropertyTypes: true'. Consider adding 'undefined' to the types of the target's properties.
  Types of property 'lineStatus' are incompatible.
    Type 'string | null | undefined' is not assignable to type 'string | null'.
      Type 'undefined' is not assignable to type 'string | null'.
src/features/allocations/components/lots/LotAllocationHeaderView.tsx(98,12): error TS2375: Type '{ supplierName: string | undefined; deliveryPlaceName: string; deliveryDate: string; }' is not assignable to type 'OrderContextSectionProps' with 'exactOptionalPropertyTypes: true'. Consider adding 'undefined' to the types of the target's properties.
  Types of property 'supplierName' are incompatible.
    Type 'string | undefined' is not assignable to type 'string'.
      Type 'undefined' is not assignable to type 'string'.
src/features/allocations/components/lots/LotAllocationHeaderView.tsx(105,14): error TS2375: Type '{ required: number; allocated: number; hardAllocated: number | undefined; softAllocated: number | undefined; unit: string; }' is not assignable to type 'QuantityProgressSectionProps' with 'exactOptionalPropertyTypes: true'. Consider adding 'undefined' to the types of the target's properties.
  Types of property 'hardAllocated' are incompatible.
    Type 'number | undefined' is not assignable to type 'number'.
      Type 'undefined' is not assignable to type 'number'.
src/features/allocations/components/lots/LotAllocationList.tsx(36,33): error TS2532: Object is possibly 'undefined'.
src/features/allocations/components/lots/LotAllocationPanel.tsx(196,12): error TS2375: Type '{ order: OrderWithLinesResponse | undefined; orderLine: OrderLine; customerName: string; productName: string; deliveryPlaceName: string; requiredQty: number; ... 11 more ...; lineStatus: string; }' is not assignable to type 'LotAllocationHeaderProps' with 'exactOptionalPropertyTypes: true'. Consider adding 'undefined' to the types of the target's properties.
  Types of property 'order' are incompatible.
    Type 'OrderWithLinesResponse | undefined' is not assignable to type 'OrderWithLinesResponse'.
      Type 'undefined' is not assignable to type 'OrderWithLinesResponse'.
        Type 'undefined' is not assignable to type 'Omit<{ customer_id: number; order_date: string; id: number; status: string; created_at: string; updated_at: string; ocr_source_filename?: string | null; cancel_reason?: string | null; locked_by_user_id?: number | null; locked_by_user_name?: string | null; locked_at?: string | null; lock_expires_at?: string | null; l...'.
src/features/allocations/components/orders/OrderLinesPane.tsx(113,6): error TS2375: Type '{ displayLines: OrderLineDisplay[]; orderLinesCount: number; renderInlineLots: boolean; inlineLotContent: ((line: OrderLine) => ReactNode) | undefined; onLineClick: (line: OrderLine) => void; isLoading: boolean; error: Error | null; }' is not assignable to type 'OrderLinesPaneViewProps' with 'exactOptionalPropertyTypes: true'. Consider adding 'undefined' to the types of the target's properties.
  Types of property 'inlineLotContent' are incompatible.
    Type '((line: OrderLine) => ReactNode) | undefined' is not assignable to type '(line: OrderLine) => ReactNode'.
      Type 'undefined' is not assignable to type '(line: OrderLine) => ReactNode'.
src/features/allocations/components/shared/WarehouseAllocationModal.tsx(62,5): error TS2532: Object is possibly 'undefined'.
src/features/allocations/components/shared/WarehouseAllocationModal.tsx(68,5): error TS2532: Object is possibly 'undefined'.
src/features/allocations/hooks/useAutoAllocateHandler.test.ts(159,21): error TS2532: Object is possibly 'undefined'.
src/features/allocations/utils/allocationCalculations.test.ts(95,40): error TS2379: Argument of type '{ order_quantity: string; product_internal_unit: undefined; product_qty_per_internal_unit: undefined; }' is not assignable to parameter of type 'Partial<OrderLine>' with 'exactOptionalPropertyTypes: true'. Consider adding 'undefined' to the types of the target's properties.
  Types of property 'product_internal_unit' are incompatible.
    Type 'undefined' is not assignable to type 'string | null'.
src/features/allocations/utils/allocationCalculations.test.ts(104,40): error TS2379: Argument of type '{ order_quantity: undefined; quantity: string; product_internal_unit: undefined; }' is not assignable to parameter of type 'Partial<OrderLine>' with 'exactOptionalPropertyTypes: true'. Consider adding 'undefined' to the types of the target's properties.
  Types of property 'order_quantity' are incompatible.
    Type 'undefined' is not assignable to type 'string'.
src/features/allocations/utils/allocationCalculations.test.ts(128,40): error TS2379: Argument of type '{ allocated_qty: undefined; allocated_quantity: string; }' is not assignable to parameter of type 'Partial<OrderLine>' with 'exactOptionalPropertyTypes: true'. Consider adding 'undefined' to the types of the target's properties.
  Types of property 'allocated_qty' are incompatible.
    Type 'undefined' is not assignable to type 'string | number | null'.
src/features/allocations/utils/allocationCalculations.test.ts(136,40): error TS2379: Argument of type '{ allocated_qty: undefined; allocated_quantity: undefined; }' is not assignable to parameter of type 'Partial<OrderLine>' with 'exactOptionalPropertyTypes: true'. Consider adding 'undefined' to the types of the target's properties.
  Types of property 'allocated_quantity' are incompatible.
    Type 'undefined' is not assignable to type 'string'.
src/features/allocations/utils/allocationCalculations.test.ts(151,42): error TS2379: Argument of type '{ available_quantity: undefined; }' is not assignable to parameter of type 'Partial<CandidateLotItem>' with 'exactOptionalPropertyTypes: true'. Consider adding 'undefined' to the types of the target's properties.
  Types of property 'available_quantity' are incompatible.
    Type 'undefined' is not assignable to type 'number'.
src/features/allocations/utils/allocationCalculations.test.ts(163,40): error TS2379: Argument of type '{ order_id: undefined; }' is not assignable to parameter of type 'Partial<OrderLine>' with 'exactOptionalPropertyTypes: true'. Consider adding 'undefined' to the types of the target's properties.
  Types of property 'order_id' are incompatible.
    Type 'undefined' is not assignable to type 'number'.
src/features/allocations/utils/orderLineUtils.ts(34,35): error TS2532: Object is possibly 'undefined'.
src/features/allocations/utils/orderLineUtils.ts(35,12): error TS2532: Object is possibly 'undefined'.
src/features/assignments/components/SupplierFilterSet.tsx(91,8): error TS2375: Type '{ className: string | undefined; }' is not assignable to type 'SupplierAssignmentWarningProps' with 'exactOptionalPropertyTypes: true'. Consider adding 'undefined' to the types of the target's properties.
  Types of property 'className' are incompatible.
    Type 'string | undefined' is not assignable to type 'string'.
      Type 'undefined' is not assignable to type 'string'.
src/features/auth/permissions/rbac.test.ts(77,27): error TS2345: Argument of type 'string | undefined' is not assignable to parameter of type 'string'.
  Type 'undefined' is not assignable to type 'string'.
src/features/auth/permissions/validate-features.test.ts(27,12): error TS18048: 'FEATURE_CONFIG.inventory' is possibly 'undefined'.
src/features/auth/permissions/validate-features.test.ts(28,21): error TS18048: 'FEATURE_CONFIG.inventory' is possibly 'undefined'.
src/features/auth/permissions/validate-features.test.ts(33,12): error TS2532: Object is possibly 'undefined'.
src/features/auth/permissions/validate-features.test.ts(34,20): error TS2532: Object is possibly 'undefined'.
src/features/batch-jobs/hooks/useBatchJobsPage.ts(48,20): error TS2379: Argument of type '{ status: string | undefined; }' is not assignable to parameter of type 'BatchJobsListParams' with 'exactOptionalPropertyTypes: true'. Consider adding 'undefined' to the types of the target's properties.
  Types of property 'status' are incompatible.
    Type 'string | undefined' is not assignable to type 'string'.
      Type 'undefined' is not assignable to type 'string'.
src/features/business-rules/pages/BusinessRulesPage.tsx(34,24): error TS2379: Argument of type '{ is_active: boolean | undefined; rule_type: string | undefined; }' is not assignable to parameter of type 'BusinessRulesListParams' with 'exactOptionalPropertyTypes: true'. Consider adding 'undefined' to the types of the target's properties.
  Types of property 'rule_type' are incompatible.
    Type 'string | undefined' is not assignable to type 'string'.
      Type 'undefined' is not assignable to type 'string'.
src/features/calendar/components/CompanyCalendarCard.tsx(75,41): error TS18048: 'holidayRangeStart' is possibly 'undefined'.
src/features/calendar/components/CompanyCalendarCard.tsx(75,81): error TS18048: 'holidayRangeEnd' is possibly 'undefined'.
src/features/calendar/components/DeliveryCalendarCard.tsx(68,41): error TS18048: 'holidayRangeStart' is possibly 'undefined'.
src/features/calendar/components/DeliveryCalendarCard.tsx(68,81): error TS18048: 'holidayRangeEnd' is possibly 'undefined'.
src/features/calendar/components/HolidayCalendarCard.tsx(76,40): error TS18048: 'holidayRangeStart' is possibly 'undefined'.
src/features/calendar/components/HolidayCalendarCard.tsx(76,79): error TS18048: 'holidayRangeEnd' is possibly 'undefined'.
src/features/customer-items/components/CustomerItemFormBasicSection.tsx(64,16): error TS2375: Type '{ options: Option[]; value: string | undefined; onChange: (value: string) => void; placeholder: string; disabled: boolean; }' is not assignable to type 'SearchableSelectProps' with 'exactOptionalPropertyTypes: true'. Consider adding 'undefined' to the types of the target's properties.
  Types of property 'value' are incompatible.
    Type 'string | undefined' is not assignable to type 'string'.
      Type 'undefined' is not assignable to type 'string'.
src/features/customer-items/components/CustomerItemFormBasicSection.tsx(114,16): error TS2375: Type '{ options: Option[]; value: string | undefined; onChange: (value: string) => void; placeholder: string; disabled: boolean; }' is not assignable to type 'SearchableSelectProps' with 'exactOptionalPropertyTypes: true'. Consider adding 'undefined' to the types of the target's properties.
  Types of property 'value' are incompatible.
    Type 'string | undefined' is not assignable to type 'string'.
      Type 'undefined' is not assignable to type 'string'.
src/features/customer-items/components/CustomerItemsTable.tsx(34,21): error TS18048: 'today' is possibly 'undefined'.
src/features/customer-items/components/CustomerItemsTable.tsx(290,8): error TS2375: Type '{ data: CustomerItem[]; columns: Column<CustomerItem>[]; selectable: boolean; selectedIds: (string | number)[] | undefined; onSelectionChange: (ids: (string | number)[]) => void; ... 5 more ...; emptyMessage: string; }' is not assignable to type 'DataTableProps<CustomerItem>' with 'exactOptionalPropertyTypes: true'. Consider adding 'undefined' to the types of the target's properties.
  Types of property 'selectedIds' are incompatible.
    Type '(string | number)[] | undefined' is not assignable to type '(string | number)[]'.
      Type 'undefined' is not assignable to type '(string | number)[]'.
src/features/customer-items/components/CustomerItemTable.tsx(131,6): error TS2375: Type '{ item: CustomerItem; onDelete: (id: number) => void; onEdit: ((item: CustomerItem) => void) | undefined; isDeleting: boolean; }' is not assignable to type '{ item: CustomerItem; onDelete: (id: number) => void; onEdit?: (item: CustomerItem) => void; isDeleting: boolean; }' with 'exactOptionalPropertyTypes: true'. Consider adding 'undefined' to the types of the target's properties.
  Types of property 'onEdit' are incompatible.
    Type '((item: CustomerItem) => void) | undefined' is not assignable to type '(item: CustomerItem) => void'.
      Type 'undefined' is not assignable to type '(item: CustomerItem) => void'.
src/features/customer-items/hooks/useCustomerItemsPage.ts(68,68): error TS2379: Argument of type '{ customer_id: number | undefined; include_inactive: boolean; }' is not assignable to parameter of type 'CustomerItemsListParams' with 'exactOptionalPropertyTypes: true'. Consider adding 'undefined' to the types of the target's properties.
  Types of property 'customer_id' are incompatible.
    Type 'number | undefined' is not assignable to type 'number'.
      Type 'undefined' is not assignable to type 'number'.
src/features/customer-items/hooks/useCustomerItemsPage.ts(117,9): error TS2379: Argument of type '{ id: number; version: number; endDate: string | undefined; }' is not assignable to parameter of type '{ id: number; version: number; endDate?: string; }' with 'exactOptionalPropertyTypes: true'. Consider adding 'undefined' to the types of the target's properties.
  Types of property 'endDate' are incompatible.
    Type 'string | undefined' is not assignable to type 'string'.
      Type 'undefined' is not assignable to type 'string'.
src/features/customer-items/hooks/useCustomerItemsPage.ts(177,47): error TS2379: Argument of type '{ id: number; version: number; endDate: string | undefined; }' is not assignable to parameter of type '{ id: number; version: number; endDate?: string; }' with 'exactOptionalPropertyTypes: true'. Consider adding 'undefined' to the types of the target's properties.
  Types of property 'endDate' are incompatible.
    Type 'string | undefined' is not assignable to type 'string'.
      Type 'undefined' is not assignable to type 'string'.
src/features/customer-items/pages/CustomerItemsListPage.tsx(168,55): error TS2532: Object is possibly 'undefined'.
src/features/customer-items/pages/CustomerItemsListPage.tsx(282,8): error TS2375: Type '{ items: CustomerItem[]; isLoading: boolean; onEdit: (item: CustomerItem) => void; onSoftDelete: (item: CustomerItem) => void; onPermanentDelete: (item: CustomerItem) => void; ... 5 more ...; isAdmin: boolean; }' is not assignable to type 'CustomerItemsTableProps' with 'exactOptionalPropertyTypes: true'. Consider adding 'undefined' to the types of the target's properties.
  Types of property 'selectedIds' are incompatible.
    Type 'Set<string | number> | undefined' is not assignable to type 'Set<string | number>'.
      Type 'undefined' is not assignable to type 'Set<string | number>'.
src/features/customer-items/pages/CustomerItemsListPage.tsx(320,8): error TS2375: Type '{ open: boolean; onOpenChange: Dispatch<SetStateAction<boolean>>; item: CustomerItem | undefined; onSubmit: (data: CreateCustomerItemRequest) => void; isSubmitting: boolean; mode: "edit"; }' is not assignable to type 'CustomerItemFormDialogProps' with 'exactOptionalPropertyTypes: true'. Consider adding 'undefined' to the types of the target's properties.
  Types of property 'item' are incompatible.
    Type 'CustomerItem | undefined' is not assignable to type 'CustomerItem'.
      Type 'undefined' is not assignable to type 'CustomerItem'.
src/features/customers/components/CustomerFormFields.tsx(18,8): error TS2375: Type '{ id: string; label: string; register: UseFormRegisterReturn<"customer_code">; error: FieldError | undefined; placeholder: string; required: true; }' is not assignable to type 'FormFieldProps' with 'exactOptionalPropertyTypes: true'. Consider adding 'undefined' to the types of the target's properties.
  Types of property 'error' are incompatible.
    Type 'FieldError | undefined' is not assignable to type 'FieldError'.
      Type 'undefined' is not assignable to type 'FieldError'.
src/features/customers/components/CustomerFormFields.tsx(26,8): error TS2375: Type '{ id: string; label: string; register: UseFormRegisterReturn<"customer_name">; error: FieldError | undefined; placeholder: string; required: true; }' is not assignable to type 'FormFieldProps' with 'exactOptionalPropertyTypes: true'. Consider adding 'undefined' to the types of the target's properties.
  Types of property 'error' are incompatible.
    Type 'FieldError | undefined' is not assignable to type 'FieldError'.
      Type 'undefined' is not assignable to type 'FieldError'.
src/features/customers/components/CustomerFormFields.tsx(34,8): error TS2375: Type '{ id: string; label: string; register: UseFormRegisterReturn<"short_name">; error: FieldError | undefined; placeholder: string; }' is not assignable to type 'FormFieldProps' with 'exactOptionalPropertyTypes: true'. Consider adding 'undefined' to the types of the target's properties.
  Types of property 'error' are incompatible.
    Type 'FieldError | undefined' is not assignable to type 'FieldError'.
      Type 'undefined' is not assignable to type 'FieldError'.
src/features/customers/components/CustomerFormFields.tsx(41,8): error TS2375: Type '{ id: string; label: string; register: UseFormRegisterReturn<"address">; error: FieldError | undefined; placeholder: string; }' is not assignable to type 'FormFieldProps' with 'exactOptionalPropertyTypes: true'. Consider adding 'undefined' to the types of the target's properties.
  Types of property 'error' are incompatible.
    Type 'FieldError | undefined' is not assignable to type 'FieldError'.
      Type 'undefined' is not assignable to type 'FieldError'.
src/features/customers/components/CustomerFormFields.tsx(48,8): error TS2375: Type '{ id: string; label: string; register: UseFormRegisterReturn<"contact_name">; error: FieldError | undefined; placeholder: string; }' is not assignable to type 'FormFieldProps' with 'exactOptionalPropertyTypes: true'. Consider adding 'undefined' to the types of the target's properties.
  Types of property 'error' are incompatible.
    Type 'FieldError | undefined' is not assignable to type 'FieldError'.
      Type 'undefined' is not assignable to type 'FieldError'.
src/features/customers/components/CustomerFormFields.tsx(55,8): error TS2375: Type '{ id: string; label: string; register: UseFormRegisterReturn<"phone">; error: FieldError | undefined; placeholder: string; }' is not assignable to type 'FormFieldProps' with 'exactOptionalPropertyTypes: true'. Consider adding 'undefined' to the types of the target's properties.
  Types of property 'error' are incompatible.
    Type 'FieldError | undefined' is not assignable to type 'FieldError'.
      Type 'undefined' is not assignable to type 'FieldError'.
src/features/customers/components/CustomerFormFields.tsx(62,8): error TS2375: Type '{ id: string; label: string; register: UseFormRegisterReturn<"email">; error: FieldError | undefined; placeholder: string; type: string; }' is not assignable to type 'FormFieldProps' with 'exactOptionalPropertyTypes: true'. Consider adding 'undefined' to the types of the target's properties.
  Types of property 'error' are incompatible.
    Type 'FieldError | undefined' is not assignable to type 'FieldError'.
      Type 'undefined' is not assignable to type 'FieldError'.
src/features/customers/components/CustomerTableColumns.tsx(15,21): error TS18048: 'today' is possibly 'undefined'.
src/features/customers/hooks/useCustomerDetail.ts(82,11): error TS2379: Argument of type '{ id: string; version: number; endDate: string | undefined; }' is not assignable to parameter of type '{ id: string | number; version: number; endDate?: string; }' with 'exactOptionalPropertyTypes: true'. Consider adding 'undefined' to the types of the target's properties.
  Types of property 'endDate' are incompatible.
    Type 'string | undefined' is not assignable to type 'string'.
      Type 'undefined' is not assignable to type 'string'.
src/features/customers/utils/customer-csv.ts(33,18): error TS2532: Object is possibly 'undefined'.
src/features/customers/utils/customer-csv.ts(47,43): error TS2345: Argument of type 'string | undefined' is not assignable to parameter of type 'string'.
  Type 'undefined' is not assignable to type 'string'.
src/features/customers/utils/customer-csv.ts(52,17): error TS2379: Argument of type '{ OPERATION: "ADD" | "UPD" | "DEL"; customer_code: string; customer_name: string; address: string | undefined; contact_name: string | undefined; phone: string | undefined; email: string | undefined; _rowNumber: number; }' is not assignable to parameter of type 'CustomerBulkRow' with 'exactOptionalPropertyTypes: true'. Consider adding 'undefined' to the types of the target's properties.
  Types of property 'address' are incompatible.
    Type 'string | undefined' is not assignable to type 'string'.
      Type 'undefined' is not assignable to type 'string'.
src/features/customers/utils/customer-csv.ts(54,24): error TS18048: 'customer_code' is possibly 'undefined'.
src/features/customers/utils/customer-csv.ts(55,24): error TS18048: 'customer_name' is possibly 'undefined'.
src/features/dashboard/components/Dashboard.tsx(27,19): error TS2375: Type '{ date: DateRange | undefined; onDateChange: Dispatch<SetStateAction<DateRange | undefined>>; }' is not assignable to type 'DateRangePickerProps' with 'exactOptionalPropertyTypes: true'. Consider adding 'undefined' to the types of the target's properties.
  Types of property 'date' are incompatible.
    Type 'DateRange | undefined' is not assignable to type 'DateRange'.
      Type 'undefined' is not assignable to type 'DateRange'.
src/features/dashboard/components/WarehouseDistributionChart.tsx(90,18): error TS2375: Type '{ key: string; fill: "#3b82f6" | "#10b981" | "#f59e0b" | "#06b6d4" | "#8b5cf6" | "#ec4899" | undefined; }' is not assignable to type 'Props' with 'exactOptionalPropertyTypes: true'. Consider adding 'undefined' to the types of the target's properties.
  Types of property 'fill' are incompatible.
    Type 'string | undefined' is not assignable to type 'string'.
      Type 'undefined' is not assignable to type 'string'.
src/features/debug-db/components/DbObjectDetail.tsx(279,14): error TS2375: Type '{ data: { __rowIndex: number; }[]; columns: Column<Record<string, unknown>>[]; sort: SortConfig | undefined; onSortChange: (sort?: SortConfig | undefined) => void; isLoading: boolean; emptyMessage: string; getRowId: (row: { ...; }) => number; rowActions: (row: { ...; }) => Element; }' is not assignable to type 'DataTableProps<{ __rowIndex: number; }>' with 'exactOptionalPropertyTypes: true'. Consider adding 'undefined' to the types of the target's properties.
  Types of property 'sort' are incompatible.
    Type 'SortConfig | undefined' is not assignable to type 'SortConfig'.
      Type 'undefined' is not assignable to type 'SortConfig'.
src/features/debug-db/pages/DbBrowserPage.tsx(97,26): error TS2345: Argument of type 'DbObject | undefined' is not assignable to parameter of type 'DbObject'.
  Type 'undefined' is not assignable to type 'DbObject'.
src/features/debug-db/pages/DbBrowserPage.tsx(119,5): error TS2379: Argument of type '{ limit: number; offset: number; order_by: string | undefined; order_dir: "desc" | "asc" | undefined; q: string | undefined; }' is not assignable to parameter of type 'DbRowsParams' with 'exactOptionalPropertyTypes: true'. Consider adding 'undefined' to the types of the target's properties.
  Types of property 'order_by' are incompatible.
    Type 'string | undefined' is not assignable to type 'string'.
      Type 'undefined' is not assignable to type 'string'.
src/features/debug-db/pages/DbBrowserPage.tsx(168,10): error TS2375: Type '{ selected: DbObject | null; activeTab: ActiveTab; onTabChange: (nextTab: string) => void; isSchemaLoading: boolean; schemaInfo: DbSchemaResponse | undefined; ... 11 more ...; onSortChange: Dispatch<...>; }' is not assignable to type 'DbObjectDetailProps' with 'exactOptionalPropertyTypes: true'. Consider adding 'undefined' to the types of the target's properties.
  Types of property 'schemaInfo' are incompatible.
    Type 'DbSchemaResponse | undefined' is not assignable to type 'DbSchemaResponse'.
      Type 'undefined' is not assignable to type 'DbSchemaResponse'.
src/features/delivery-places/components/DeliveryPlaceForm.tsx(83,14): error TS2379: Argument of type '{ jiku_code: string; jiku_match_pattern: string | undefined; delivery_place_code: string; delivery_place_name: string; customer_id: number; short_name?: string | undefined; }' is not assignable to parameter of type '{ delivery_place_code: string; delivery_place_name: string; customer_id: number; jiku_code: string; short_name?: string | undefined; jiku_match_pattern?: string | undefined; } & { jiku_code: string; jiku_match_pattern?: string; }' with 'exactOptionalPropertyTypes: true'. Consider adding 'undefined' to the types of the target's properties.
  Type '{ jiku_code: string; jiku_match_pattern: string | undefined; delivery_place_code: string; delivery_place_name: string; customer_id: number; short_name?: string | undefined; }' is not assignable to type '{ jiku_code: string; jiku_match_pattern?: string; }' with 'exactOptionalPropertyTypes: true'. Consider adding 'undefined' to the types of the target's properties.
    Types of property 'jiku_match_pattern' are incompatible.
      Type 'string | undefined' is not assignable to type 'string'.
        Type 'undefined' is not assignable to type 'string'.
src/features/delivery-places/components/DeliveryPlacesTable.tsx(27,21): error TS18048: 'today' is possibly 'undefined'.
src/features/delivery-places/hooks/useDeliveryPlaces.ts(26,19): error TS2769: No overload matches this call.
  Overload 1 of 3, '(options: DefinedInitialDataOptions<unknown, Error, unknown, readonly ["delivery-places"] | ("delivery-places" | { customerId?: number; includeInactive?: boolean; })[]>, queryClient?: QueryClient | undefined): DefinedUseQueryResult<...>', gave the following error.
    Argument of type '{ queryKey: readonly ["delivery-places"] | ["delivery-places", { customerId?: number; includeInactive?: boolean; }]; queryFn: () => Promise<{ jiku_code: string; jiku_match_pattern?: string | null; delivery_place_code: string; ... 7 more ...; version: number; }[]>; enabled: boolean | undefined; }' is not assignable to parameter of type 'DefinedInitialDataOptions<unknown, Error, unknown, readonly ["delivery-places"] | ("delivery-places" | { customerId?: number; includeInactive?: boolean; })[]>' with 'exactOptionalPropertyTypes: true'. Consider adding 'undefined' to the types of the target's properties.
      Type '{ queryKey: readonly ["delivery-places"] | ["delivery-places", { customerId?: number; includeInactive?: boolean; }]; queryFn: () => Promise<{ jiku_code: string; jiku_match_pattern?: string | null; delivery_place_code: string; ... 7 more ...; version: number; }[]>; enabled: boolean | undefined; }' is not assignable to type 'Omit<UseQueryOptions<unknown, Error, unknown, readonly ["delivery-places"] | ("delivery-places" | { customerId?: number; includeInactive?: boolean; })[]>, "queryFn">' with 'exactOptionalPropertyTypes: true'. Consider adding 'undefined' to the types of the target's properties.
        Types of property 'enabled' are incompatible.
          Type 'boolean | undefined' is not assignable to type 'Enabled<unknown, Error, unknown, readonly ["delivery-places"] | ("delivery-places" | { customerId?: number; includeInactive?: boolean; })[]>'.
            Type 'undefined' is not assignable to type 'Enabled<unknown, Error, unknown, readonly ["delivery-places"] | ("delivery-places" | { customerId?: number; includeInactive?: boolean; })[]>'.
  Overload 2 of 3, '(options: UndefinedInitialDataOptions<{ jiku_code: string; jiku_match_pattern?: string | null; delivery_place_code: string; delivery_place_name: string; short_name?: string | null; customer_id: number; id: number; created_at: string; updated_at: string; valid_to: string; version: number; }[], Error, { ...; }[], readonly [...] | ("delivery-places" | { ...; })[]>, queryClient?: QueryClient | undefined): UseQueryResult<...>', gave the following error.
    Argument of type '{ queryKey: readonly ["delivery-places"] | ["delivery-places", { customerId?: number; includeInactive?: boolean; }]; queryFn: () => Promise<{ jiku_code: string; jiku_match_pattern?: string | null; delivery_place_code: string; ... 7 more ...; version: number; }[]>; enabled: boolean | undefined; }' is not assignable to parameter of type 'UndefinedInitialDataOptions<{ jiku_code: string; jiku_match_pattern?: string | null; delivery_place_code: string; delivery_place_name: string; short_name?: string | null; customer_id: number; id: number; created_at: string; updated_at: string; valid_to: string; version: number; }[], Error, { ...; }[], readonly [...]...' with 'exactOptionalPropertyTypes: true'. Consider adding 'undefined' to the types of the target's properties.
      Type '{ queryKey: readonly ["delivery-places"] | ["delivery-places", { customerId?: number; includeInactive?: boolean; }]; queryFn: () => Promise<{ jiku_code: string; jiku_match_pattern?: string | null; delivery_place_code: string; ... 7 more ...; version: number; }[]>; enabled: boolean | undefined; }' is not assignable to type 'UseQueryOptions<{ jiku_code: string; jiku_match_pattern?: string | null; delivery_place_code: string; delivery_place_name: string; short_name?: string | null; customer_id: number; id: number; created_at: string; updated_at: string; valid_to: string; version: number; }[], Error, { ...; }[], readonly [...] | ("deliver...' with 'exactOptionalPropertyTypes: true'. Consider adding 'undefined' to the types of the target's properties.
        Types of property 'enabled' are incompatible.
          Type 'boolean | undefined' is not assignable to type 'Enabled<{ jiku_code: string; jiku_match_pattern?: string | null; delivery_place_code: string; delivery_place_name: string; short_name?: string | null; customer_id: number; id: number; created_at: string; updated_at: string; valid_to: string; version: number; }[], Error, { ...; }[], readonly [...] | ("delivery-places...'.
            Type 'undefined' is not assignable to type 'Enabled<{ jiku_code: string; jiku_match_pattern?: string | null; delivery_place_code: string; delivery_place_name: string; short_name?: string | null; customer_id: number; id: number; created_at: string; updated_at: string; valid_to: string; version: number; }[], Error, { ...; }[], readonly [...] | ("delivery-places...'.
  Overload 3 of 3, '(options: UseQueryOptions<{ jiku_code: string; jiku_match_pattern?: string | null; delivery_place_code: string; delivery_place_name: string; short_name?: string | null; customer_id: number; id: number; created_at: string; updated_at: string; valid_to: string; version: number; }[], Error, { ...; }[], readonly [...] | ("delivery-places" | { ...; })[]>, queryClient?: QueryClient | undefined): UseQueryResult<...>', gave the following error.
    Argument of type '{ queryKey: readonly ["delivery-places"] | ["delivery-places", { customerId?: number; includeInactive?: boolean; }]; queryFn: () => Promise<{ jiku_code: string; jiku_match_pattern?: string | null; delivery_place_code: string; ... 7 more ...; version: number; }[]>; enabled: boolean | undefined; }' is not assignable to parameter of type 'UseQueryOptions<{ jiku_code: string; jiku_match_pattern?: string | null; delivery_place_code: string; delivery_place_name: string; short_name?: string | null; customer_id: number; id: number; created_at: string; updated_at: string; valid_to: string; version: number; }[], Error, { ...; }[], readonly [...] | ("deliver...' with 'exactOptionalPropertyTypes: true'. Consider adding 'undefined' to the types of the target's properties.
      Types of property 'enabled' are incompatible.
        Type 'boolean | undefined' is not assignable to type 'Enabled<{ jiku_code: string; jiku_match_pattern?: string | null; delivery_place_code: string; delivery_place_name: string; short_name?: string | null; customer_id: number; id: number; created_at: string; updated_at: string; valid_to: string; version: number; }[], Error, { ...; }[], readonly [...] | ("delivery-places...'.
          Type 'undefined' is not assignable to type 'Enabled<{ jiku_code: string; jiku_match_pattern?: string | null; delivery_place_code: string; delivery_place_name: string; short_name?: string | null; customer_id: number; id: number; created_at: string; updated_at: string; valid_to: string; version: number; }[], Error, { ...; }[], readonly [...] | ("delivery-places...'.
src/features/delivery-places/hooks/useDeliveryPlacesPageState.ts(192,9): error TS2379: Argument of type '{ id: number; version: number; endDate: string | undefined; }' is not assignable to parameter of type '{ id: number; version: number; endDate?: string; }' with 'exactOptionalPropertyTypes: true'. Consider adding 'undefined' to the types of the target's properties.
  Types of property 'endDate' are incompatible.
    Type 'string | undefined' is not assignable to type 'string'.
      Type 'undefined' is not assignable to type 'string'.
src/features/delivery-places/hooks/useDeliveryPlacesPageState.ts(283,32): error TS2345: Argument of type 'unknown' is not assignable to parameter of type 'DeliveryPlaceWithValidTo[]'.
src/features/delivery-places/pages/DeliveryPlacesListPage.tsx(112,66): error TS18046: 'deliveryPlaces' is of type 'unknown'.
src/features/delivery-places/pages/DeliveryPlacesListPage.tsx(172,13): error TS2322: Type '(data: DeliveryPlaceCreate) => void' is not assignable to type '(data: { delivery_place_code: string; delivery_place_name: string; customer_id: number; jiku_code: string; short_name?: string | undefined; jiku_match_pattern?: string | undefined; } & { ...; }) => void'.
  Types of parameters 'data' and 'data' are incompatible.
    Type '{ delivery_place_code: string; delivery_place_name: string; customer_id: number; jiku_code: string; short_name?: string | undefined; jiku_match_pattern?: string | undefined; } & { jiku_code: string; jiku_match_pattern?: string; }' is not assignable to type '{ jiku_code: string; jiku_match_pattern?: string | null; delivery_place_code: string; delivery_place_name: string; short_name?: string | null; customer_id: number; }' with 'exactOptionalPropertyTypes: true'. Consider adding 'undefined' to the types of the target's properties.
      Types of property 'short_name' are incompatible.
        Type 'string | undefined' is not assignable to type 'string | null'.
          Type 'undefined' is not assignable to type 'string | null'.
src/features/delivery-places/pages/DeliveryPlacesListPage.tsx(189,15): error TS2322: Type '(data: Omit<DeliveryPlaceUpdate, "version">) => void' is not assignable to type '(data: { delivery_place_code: string; delivery_place_name: string; customer_id: number; jiku_code: string; short_name?: string | undefined; jiku_match_pattern?: string | undefined; } & { ...; }) => void'.
  Types of parameters 'data' and 'data' are incompatible.
    Type '{ delivery_place_code: string; delivery_place_name: string; customer_id: number; jiku_code: string; short_name?: string | undefined; jiku_match_pattern?: string | undefined; } & { jiku_code: string; jiku_match_pattern?: string; }' is not assignable to type 'Omit<{ version: number; delivery_place_code?: string | null; jiku_code?: string | null; jiku_match_pattern?: string | null; delivery_place_name?: string | null; short_name?: string | null; customer_id?: number | null; }, "version">' with 'exactOptionalPropertyTypes: true'. Consider adding 'undefined' to the types of the target's properties.
      Types of property 'short_name' are incompatible.
        Type 'string | undefined' is not assignable to type 'string | null'.
          Type 'undefined' is not assignable to type 'string | null'.
src/features/forecasts/components/AddForecastDialog.tsx(39,5): error TS2379: Argument of type '{ customerId: number | undefined; }' is not assignable to parameter of type '{ customerId?: number; includeInactive?: boolean; }' with 'exactOptionalPropertyTypes: true'. Consider adding 'undefined' to the types of the target's properties.
  Types of property 'customerId' are incompatible.
    Type 'number | undefined' is not assignable to type 'number'.
      Type 'undefined' is not assignable to type 'number'.
src/features/forecasts/components/AddForecastDialog.tsx(70,7): error TS18046: 'deliveryPlaces' is of type 'unknown'.
src/features/forecasts/components/AddForecastDialog.tsx(70,27): error TS7006: Parameter 'dp' implicitly has an 'any' type.
src/features/forecasts/components/ForecastDetailCard/ForecastCardHeader.tsx(38,10): error TS2375: Type '{ targetMonthLabel: string; customerDisplay: string; productName: string; productCode: string | null | undefined; deliveryPlaceDisplay: string; onToggle: (() => void) | undefined; }' is not assignable to type 'ForecastCardHeaderInfoProps' with 'exactOptionalPropertyTypes: true'. Consider adding 'undefined' to the types of the target's properties.
  Types of property 'onToggle' are incompatible.
    Type '(() => void) | undefined' is not assignable to type '() => void'.
      Type 'undefined' is not assignable to type '() => void'.
src/features/forecasts/components/ForecastDetailCard/ForecastCardHeader.tsx(47,10): error TS2375: Type '{ onAutoAllocate: (() => void) | undefined; onRegenerateSuggestions: (() => void) | undefined; onClearSuggestions: (() => void) | undefined; onDelete: ((forecastId: number) => void) | undefined; firstForecastId: number | undefined; isOpen: boolean; }' is not assignable to type 'ForecastCardHeaderActionsProps' with 'exactOptionalPropertyTypes: true'. Consider adding 'undefined' to the types of the target's properties.
  Types of property 'onDelete' are incompatible.
    Type '((forecastId: number) => void) | undefined' is not assignable to type '(forecastId: number) => void'.
      Type 'undefined' is not assignable to type '(forecastId: number) => void'.
src/features/forecasts/components/ForecastDetailCard/ForecastDailyGrid.tsx(41,14): error TS2375: Type '{ key: string; date: Date; quantity: number | undefined; forecastId: number | undefined; isToday: boolean; isPast: boolean; hoveredDate: string | null | undefined; onDateHover: ((date: string | null) => void) | undefined; onUpdateQuantity: ((forecastId: number, newQuantity: number) => Promise<...>) | undefined; onCr...' is not assignable to type 'DayCellProps' with 'exactOptionalPropertyTypes: true'. Consider adding 'undefined' to the types of the target's properties.
  Types of property 'hoveredDate' are incompatible.
    Type 'string | null | undefined' is not assignable to type 'string | null'.
      Type 'undefined' is not assignable to type 'string | null'.
src/features/forecasts/components/ForecastDetailCard/ForecastDetailCard.tsx(134,8): error TS2375: Type '{ targetMonthLabel: string; customerDisplay: string; productName: string; productCode: string | null | undefined; deliveryPlaceDisplay: string; groupKey: string; isActive: boolean; isOpen: boolean; ... 6 more ...; firstForecastId: number | undefined; }' is not assignable to type 'ForecastCardHeaderProps' with 'exactOptionalPropertyTypes: true'. Consider adding 'undefined' to the types of the target's properties.
  Types of property 'onToggle' are incompatible.
    Type '(() => void) | undefined' is not assignable to type '() => void'.
      Type 'undefined' is not assignable to type '() => void'.
src/features/forecasts/components/ForecastDetailCard/OrderAllocationInline.tsx(148,9): error TS2322: Type '{ lot_id: number; lot_number: string; available_quantity: number; expiry_date: string | null | undefined; product_code: string; warehouse_code: string; free_qty: number; current_quantity: number; ... 6 more ...; external_unit: null; }[]' is not assignable to type 'CandidateLotItem[]'.
  Type '{ lot_id: number; lot_number: string; available_quantity: number; expiry_date: string | null | undefined; product_code: string; warehouse_code: string; free_qty: number; current_quantity: number; ... 6 more ...; external_unit: null; }' is not assignable to type 'CandidateLotItem' with 'exactOptionalPropertyTypes: true'. Consider adding 'undefined' to the types of the target's properties.
    Types of property 'expiry_date' are incompatible.
      Type 'string | null | undefined' is not assignable to type 'string | null'.
        Type 'undefined' is not assignable to type 'string | null'.
src/features/forecasts/components/ForecastDetailCard/RelatedOrdersSection.tsx(140,6): error TS2375: Type '{ order: OrderWithLinesResponse; targetProductGroupId: number; targetDeliveryPlaceId: number; logic: { allocationsByLine: AllocationsByLine; ... 9 more ...; isOverAllocated: (lineId: number) => boolean; }; hoveredDate: string | ... 1 more ... | undefined; onDateHover: ((date: string | null) => void) | undefined; }' is not assignable to type 'OrderSummaryRowProps' with 'exactOptionalPropertyTypes: true'. Consider adding 'undefined' to the types of the target's properties.
  Types of property 'hoveredDate' are incompatible.
    Type 'string | null | undefined' is not assignable to type 'string | null'.
      Type 'undefined' is not assignable to type 'string | null'.
src/features/forecasts/components/ForecastDetailCard/RelatedOrdersSection.tsx(192,14): error TS2375: Type '{ key: number; order: { customer_id: number; order_date: string; id: number; status: string; created_at: string; updated_at: string; ocr_source_filename?: string | null; cancel_reason?: string | null; ... 4 more ...; lines?: { ...; }[]; }; targetProductGroupId: number; targetDeliveryPlaceId: number; hoveredDate: str...' is not assignable to type '{ order: OrderWithLinesResponse; targetProductGroupId: number; targetDeliveryPlaceId: number; hoveredDate?: string | null; onDateHover?: (date: string | null) => void; }' with 'exactOptionalPropertyTypes: true'. Consider adding 'undefined' to the types of the target's properties.
  Types of property 'hoveredDate' are incompatible.
    Type 'string | null | undefined' is not assignable to type 'string | null'.
      Type 'undefined' is not assignable to type 'string | null'.
src/features/forecasts/components/ForecastDetailCard/utils/aggregation-utils.test.ts(58,14): error TS2532: Object is possibly 'undefined'.
src/features/forecasts/components/ForecastDetailCard/utils/aggregation-utils.test.ts(59,14): error TS2532: Object is possibly 'undefined'.
src/features/forecasts/components/ForecastDetailCard/utils/aggregation-utils.test.ts(73,14): error TS2532: Object is possibly 'undefined'.
src/features/forecasts/components/ForecastDetailCard/utils/aggregation-utils.test.ts(82,14): error TS2532: Object is possibly 'undefined'.
src/features/forecasts/components/ForecastDetailCard/utils/aggregation-utils.test.ts(83,14): error TS2532: Object is possibly 'undefined'.
src/features/forecasts/components/ForecastListCard.tsx(23,10): error TS2375: Type '{ group: { group_key: { customer_id: number; delivery_place_id: number; supplier_item_id: number; customer_code?: string | null; customer_name?: string | null; delivery_place_code?: string | null; delivery_place_name?: string | null; product_code?: string | null; product_name?: string | null; }; forecasts?: { ...; }...' is not assignable to type 'ForecastDetailCardProps' with 'exactOptionalPropertyTypes: true'. Consider adding 'undefined' to the types of the target's properties.
  Types of property 'isFocused' are incompatible.
    Type 'boolean | undefined' is not assignable to type 'boolean'.
      Type 'undefined' is not assignable to type 'boolean'.
src/features/forecasts/hooks/useSAPRegistration.ts(26,20): error TS18048: 'result' is possibly 'undefined'.
src/features/forecasts/hooks/useSAPRegistration.ts(27,23): error TS18048: 'result' is possibly 'undefined'.
src/features/forecasts/pages/ForecastListPage.tsx(49,72): error TS2379: Argument of type '{ customer_id: number | undefined; delivery_place_id: number | undefined; supplier_item_id: number | undefined; }' is not assignable to parameter of type '{ skip?: number; limit?: number; customer_id?: number | null; delivery_place_id?: number | null; supplier_item_id?: number | null; }' with 'exactOptionalPropertyTypes: true'. Consider adding 'undefined' to the types of the target's properties.
  Types of property 'customer_id' are incompatible.
    Type 'number | undefined' is not assignable to type 'number | null'.
      Type 'undefined' is not assignable to type 'number | null'.
src/features/help/components/DynamicERDiagram.tsx(165,9): error TS2322: Type '{ id: string; type: string; data: TableData; position: { x: number; y: number; }; style: { border: string; } | undefined; }[]' is not assignable to type 'Node[]'.
  Type '{ id: string; type: string; data: TableData; position: { x: number; y: number; }; style: { border: string; } | undefined; }' is not assignable to type 'Node' with 'exactOptionalPropertyTypes: true'. Consider adding 'undefined' to the types of the target's properties.
    Type '{ id: string; type: string; data: TableData; position: { x: number; y: number; }; style: { border: string; } | undefined; }' is not assignable to type '{ style?: CSSProperties; className?: string; resizing?: boolean; focusable?: boolean; ariaRole?: AriaRole; domAttributes?: Omit<HTMLAttributes<HTMLDivElement>, "style" | ... 6 more ... | keyof DOMAttributes<...>>; }' with 'exactOptionalPropertyTypes: true'. Consider adding 'undefined' to the types of the target's properties.
      Types of property 'style' are incompatible.
        Type '{ border: string; } | undefined' is not assignable to type 'CSSProperties'.
          Type 'undefined' is not assignable to type 'Properties<string | number, string & {}>'.
src/features/help/components/DynamicERDiagram.tsx(262,24): error TS2375: Type '{ className: string | undefined; }' is not assignable to type '{ className?: string; }' with 'exactOptionalPropertyTypes: true'. Consider adding 'undefined' to the types of the target's properties.
  Types of property 'className' are incompatible.
    Type 'string | undefined' is not assignable to type 'string'.
      Type 'undefined' is not assignable to type 'string'.
src/features/help/components/DynamicERDiagram.tsx(263,22): error TS2375: Type '{ className: string | undefined; error: string; }' is not assignable to type '{ className?: string; error: string; }' with 'exactOptionalPropertyTypes: true'. Consider adding 'undefined' to the types of the target's properties.
  Types of property 'className' are incompatible.
    Type 'string | undefined' is not assignable to type 'string'.
      Type 'undefined' is not assignable to type 'string'.
src/features/help/pages/FlowMapHelpPage.tsx(278,51): error TS2375: Type '{ label: string | undefined; }' is not assignable to type '{ label?: string; }' with 'exactOptionalPropertyTypes: true'. Consider adding 'undefined' to the types of the target's properties.
  Types of property 'label' are incompatible.
    Type 'string | undefined' is not assignable to type 'string'.
      Type 'undefined' is not assignable to type 'string'.
src/features/inbound-plans/components/InboundPlanEditDialog.tsx(55,18): error TS2345: Argument of type '{ planned_arrival_date: string | undefined; notes: string; }' is not assignable to parameter of type '{ planned_arrival_date: string; notes?: string | undefined; } | { planned_arrival_date?: string; notes?: string | undefined; } | ResetAction<{ planned_arrival_date: string; notes?: string | undefined; }> | undefined'.
  Type '{ planned_arrival_date: string | undefined; notes: string; }' is not assignable to type '{ planned_arrival_date?: string; notes?: string | undefined; }' with 'exactOptionalPropertyTypes: true'. Consider adding 'undefined' to the types of the target's properties.
    Types of property 'planned_arrival_date' are incompatible.
      Type 'string | undefined' is not assignable to type 'string'.
        Type 'undefined' is not assignable to type 'string'.
src/features/inbound-plans/hooks/useInboundPlanDetail.ts(82,40): error TS2379: Argument of type '{ planned_arrival_date: string; notes: string | undefined; }' is not assignable to parameter of type 'UpdateInboundPlanRequest' with 'exactOptionalPropertyTypes: true'. Consider adding 'undefined' to the types of the target's properties.
  Types of property 'notes' are incompatible.
    Type 'string | undefined' is not assignable to type 'string'.
      Type 'undefined' is not assignable to type 'string'.
src/features/inbound-plans/pages/InboundPlanDetailPage.tsx(95,9): error TS2322: Type '(data: { planned_arrival_date: string; notes?: string; }) => Promise<void>' is not assignable to type '(data: { planned_arrival_date: string; notes?: string | undefined; }) => Promise<void>'.
  Types of parameters 'data' and 'data' are incompatible.
    Type '{ planned_arrival_date: string; notes?: string | undefined; }' is not assignable to type '{ planned_arrival_date: string; notes?: string; }' with 'exactOptionalPropertyTypes: true'. Consider adding 'undefined' to the types of the target's properties.
      Types of property 'notes' are incompatible.
        Type 'string | undefined' is not assignable to type 'string'.
          Type 'undefined' is not assignable to type 'string'.
src/features/inbound-plans/pages/InboundPlansListPage.tsx(43,3): error TS2375: Type '{ supplier_id: number | undefined; supplier_item_id: number | undefined; status: "cancelled" | "received" | "planned" | "partially_received" | undefined; date_from: string | undefined; date_to: string | undefined; prioritize_assigned: true | undefined; }' is not assignable to type 'InboundPlansListParams' with 'exactOptionalPropertyTypes: true'. Consider adding 'undefined' to the types of the target's properties.
  Types of property 'supplier_id' are incompatible.
    Type 'number | undefined' is not assignable to type 'number'.
      Type 'undefined' is not assignable to type 'number'.
src/features/inbound-plans/pages/InboundPlansListPage.tsx(164,8): error TS2375: Type '{ plans: InboundPlan[] | undefined; isLoading: boolean; isError: boolean; filters: InboundPlansFilters; onFilterChange: Dispatch<SetStateAction<InboundPlansFilters>>; ... 4 more ...; onToggleFilter: (enabled: boolean) => void; }' is not assignable to type 'InboundPlansListProps' with 'exactOptionalPropertyTypes: true'. Consider adding 'undefined' to the types of the target's properties.
  Types of property 'plans' are incompatible.
    Type 'InboundPlan[] | undefined' is not assignable to type 'InboundPlan[]'.
      Type 'undefined' is not assignable to type 'InboundPlan[]'.
src/features/intake-history/components/IntakeHistoryCalendar.tsx(241,81): error TS2379: Argument of type '{ year: number; month: number; supplier_id: number | undefined; warehouse_id: number | undefined; supplier_item_id: number | undefined; }' is not assignable to parameter of type '{ year: number; month: number; warehouse_id?: number; supplier_item_id?: number; supplier_id?: number; }' with 'exactOptionalPropertyTypes: true'. Consider adding 'undefined' to the types of the target's properties.
  Types of property 'warehouse_id' are incompatible.
    Type 'number | undefined' is not assignable to type 'number'.
      Type 'undefined' is not assignable to type 'number'.
src/features/intake-history/components/IntakeHistoryList.tsx(42,73): error TS2379: Argument of type '{ supplier_id: number | undefined; warehouse_id: number | undefined; supplier_item_id: number | undefined; search: string | undefined; start_date: string | undefined; end_date: string | undefined; skip: number; limit: number; }' is not assignable to parameter of type 'IntakeHistoryListParams' with 'exactOptionalPropertyTypes: true'. Consider adding 'undefined' to the types of the target's properties.
  Types of property 'supplier_id' are incompatible.
    Type 'number | undefined' is not assignable to type 'number'.
      Type 'undefined' is not assignable to type 'number'.
src/features/inventory/components/AdhocLotCreateForm.test.tsx(144,22): error TS2345: Argument of type 'HTMLElement | undefined' is not assignable to parameter of type 'Element | Node | Document | Window'.
  Type 'undefined' is not assignable to type 'Element | Node | Document | Window'.
src/features/inventory/components/AdhocLotCreateForm.tsx(124,11): error TS2375: Type '{ lot_number: string; supplier_item_id: number; warehouse_id: number; origin_type: "adhoc" | "sample" | "safety_stock"; origin_reference: string | undefined; supplier_code: string | undefined; ... 4 more ...; shipping_date: string | undefined; }' is not assignable to type 'AdhocLotCreateData' with 'exactOptionalPropertyTypes: true'. Consider adding 'undefined' to the types of the target's properties.
  Types of property 'supplier_code' are incompatible.
    Type 'string | undefined' is not assignable to type 'string'.
      Type 'undefined' is not assignable to type 'string'.
src/features/inventory/components/adhocLotCreateSchema.ts(54,3): error TS2322: Type 'string | undefined' is not assignable to type 'string'.
  Type 'undefined' is not assignable to type 'string'.
src/features/inventory/components/excel-view/LotSection.tsx(121,35): error TS2379: Argument of type '{ status: string | undefined; current_quantity: number; inspection_status: string | undefined; expiry_date: string | null | undefined; received_date: string | null | undefined; }' is not assignable to parameter of type 'LotLike' with 'exactOptionalPropertyTypes: true'. Consider adding 'undefined' to the types of the target's properties.
  Types of property 'status' are incompatible.
    Type 'string | undefined' is not assignable to type 'string'.
      Type 'undefined' is not assignable to type 'string'.
src/features/inventory/components/excel-view/LotSection.tsx(129,36): error TS2345: Argument of type 'LotStatus | undefined' is not assignable to parameter of type 'LotStatus'.
  Type 'undefined' is not assignable to type 'LotStatus'.
src/features/inventory/components/excel-view/LotSection.tsx(130,35): error TS2345: Argument of type 'LotStatus | undefined' is not assignable to parameter of type 'LotStatus'.
  Type 'undefined' is not assignable to type 'LotStatus'.
src/features/inventory/components/excel-view/LotSection.tsx(204,16): error TS2375: Type '{ lotInfo: LotInfo; lotId: number; isEditing: boolean; onFieldChange: ((lotId: number, field: string, value: string) => void) | undefined; warehouseName: string | undefined; warehouseCode: string | undefined; }' is not assignable to type 'Props' with 'exactOptionalPropertyTypes: true'. Consider adding 'undefined' to the types of the target's properties.
  Types of property 'onFieldChange' are incompatible.
    Type '((lotId: number, field: string, value: string) => void) | undefined' is not assignable to type '(lotId: number, field: string, value: string) => void'.
      Type 'undefined' is not assignable to type '(lotId: number, field: string, value: string) => void'.
src/features/inventory/components/excel-view/LotSection.tsx(222,16): error TS2375: Type '{ destinations: DestinationRowData[]; dateColumns: string[]; totalShipment: number; lotId: number; onCoaDateChange: ((lotId: number, dpId: number, date: string, coaDate: string | null) => void) | undefined; onAddDestination: () => void | undefined; onReorderDestination: ((fromId: number, toId: number) => void) | und...' is not assignable to type 'Props' with 'exactOptionalPropertyTypes: true'. Consider adding 'undefined' to the types of the target's properties.
  Types of property 'onCoaDateChange' are incompatible.
    Type '((lotId: number, dpId: number, date: string, coaDate: string | null) => void) | undefined' is not assignable to type '(lotId: number, dpId: number, date: string, coaDate: string | null) => void'.
      Type 'undefined' is not assignable to type '(lotId: number, dpId: number, date: string, coaDate: string | null) => void'.
src/features/inventory/components/excel-view/LotSection.tsx(241,16): error TS2375: Type '{ dateColumns: string[]; destinations: DestinationRowData[]; lotId: number; onQtyChange: ((lotId: number, dpId: number, date: string, value: number) => void) | undefined; onAddColumn: ((date: Date) => void) | undefined; onCommentChange: ((lotId: number, dpId: number, date: string, comment: string | null) => void) | ...' is not assignable to type 'Props' with 'exactOptionalPropertyTypes: true'. Consider adding 'undefined' to the types of the target's properties.
  Types of property 'onQtyChange' are incompatible.
    Type '((lotId: number, dpId: number, date: string, value: number) => void) | undefined' is not assignable to type '(lotId: number, dpId: number, date: string, value: number) => void'.
      Type 'undefined' is not assignable to type '(lotId: number, dpId: number, date: string, value: number) => void'.
src/features/inventory/components/excel-view/subcomponents/DateGrid.tsx(341,18): error TS2375: Type '{ key: string; date: string; lotId: number; dest: DestinationRowData; currentValue: number; isConfirmed: false; onQtyChange: ((lotId: number, dpId: number, date: string, value: number) => void) | undefined; comment: string | undefined; onCommentChange: ((lotId: number, dpId: number, date: string, comment: string | n...' is not assignable to type 'CellProps' with 'exactOptionalPropertyTypes: true'. Consider adding 'undefined' to the types of the target's properties.
  Types of property 'onQtyChange' are incompatible.
    Type '((lotId: number, dpId: number, date: string, value: number) => void) | undefined' is not assignable to type '(lotId: number, dpId: number, date: string, value: number) => void'.
      Type 'undefined' is not assignable to type '(lotId: number, dpId: number, date: string, value: number) => void'.
src/features/inventory/components/excel-view/subcomponents/LotInfoGroups.tsx(37,8): error TS2375: Type '{ lotInfo: LotInfo; isEditing: boolean | undefined; onChange: (field: string, value: string) => void; warehouseName: string | undefined; warehouseCode: string | undefined; }' is not assignable to type '{ lotInfo: LotInfo; isEditing?: boolean; onChange: (field: string, value: string) => void; warehouseName?: string; warehouseCode?: string; }' with 'exactOptionalPropertyTypes: true'. Consider adding 'undefined' to the types of the target's properties.
  Types of property 'isEditing' are incompatible.
    Type 'boolean | undefined' is not assignable to type 'boolean'.
      Type 'undefined' is not assignable to type 'boolean'.
src/features/inventory/components/excel-view/useExcelViewData.ts(126,3): error TS2375: Type '{ deliveryPlaceId: number; customerId: number; destination: DestinationInfo; shipmentQtyByDate: Record<string, number>; totalShipmentQty: number; coaIssueDate: string | undefined; commentByDate: Record<...> | undefined; manualShipmentDateByDate: Record<...> | undefined; }' is not assignable to type 'DestinationRowData' with 'exactOptionalPropertyTypes: true'. Consider adding 'undefined' to the types of the target's properties.
  Types of property 'coaIssueDate' are incompatible.
    Type 'string | undefined' is not assignable to type 'string'.
      Type 'undefined' is not assignable to type 'string'.
src/features/inventory/components/excel-view/useExcelViewData.ts(226,5): error TS2345: Argument of type '{ supplier_item_id: number; customer_id: number | undefined; } | undefined' is not assignable to parameter of type '{ supplier_item_id?: number; forecast_period?: string; customer_id?: number; } | undefined'.
  Type '{ supplier_item_id: number; customer_id: number | undefined; }' is not assignable to type '{ supplier_item_id?: number; forecast_period?: string; customer_id?: number; }' with 'exactOptionalPropertyTypes: true'. Consider adding 'undefined' to the types of the target's properties.
    Types of property 'customer_id' are incompatible.
      Type 'number | undefined' is not assignable to type 'number'.
        Type 'undefined' is not assignable to type 'number'.
src/features/inventory/components/excel-view/useExcelViewData.ts(357,46): error TS2345: Argument of type '() => { header: { supplierCode: string; supplierName: string; warehouseCode: string; warehouseName: string; productCode: string; productName: string; unit: string; capacity: string; warrantyPeriod: string; customerName: string | undefined; customerCode: string | undefined; customerPartNo: string | undefined; }; ... ...' is not assignable to parameter of type '() => ExcelViewData | null'.
  Type '{ header: { supplierCode: string; supplierName: string; warehouseCode: string; warehouseName: string; productCode: string; productName: string; unit: string; capacity: string; warrantyPeriod: string; customerName: string | undefined; customerCode: string | undefined; customerPartNo: string | undefined; }; ... 5 more...' is not assignable to type 'ExcelViewData | null'.
    Type '{ header: { supplierCode: string; supplierName: string; warehouseCode: string; warehouseName: string; productCode: string; productName: string; unit: string; capacity: string; warrantyPeriod: string; customerName: string | undefined; customerCode: string | undefined; customerPartNo: string | undefined; }; ... 5 more...' is not assignable to type 'ExcelViewData'.
      The types of 'header.customerName' are incompatible between these types.
        Type 'string | undefined' is not assignable to type 'string'.
          Type 'undefined' is not assignable to type 'string'.
src/features/inventory/components/IntakeHistoryTab.tsx(114,82): error TS2379: Argument of type '{ supplier_item_id: string | undefined; supplier_id: string | undefined; warehouse_id: string | undefined; mode: "master"; }' is not assignable to parameter of type 'UseFilterOptionsParams' with 'exactOptionalPropertyTypes: true'. Consider adding 'undefined' to the types of the target's properties.
  Types of property 'supplier_item_id' are incompatible.
    Type 'string | undefined' is not assignable to type 'string'.
      Type 'undefined' is not assignable to type 'string'.
src/features/inventory/components/IntakeHistoryTab.tsx(185,12): error TS2375: Type '{ supplierId: number | undefined; warehouseId: number | undefined; productId: number | undefined; }' is not assignable to type 'IntakeHistoryListProps' with 'exactOptionalPropertyTypes: true'. Consider adding 'undefined' to the types of the target's properties.
  Types of property 'supplierId' are incompatible.
    Type 'number | undefined' is not assignable to type 'number'.
      Type 'undefined' is not assignable to type 'number'.
src/features/inventory/components/IntakeHistoryTab.tsx(191,12): error TS2375: Type '{ supplierId: number | undefined; warehouseId: number | undefined; productId: number | undefined; }' is not assignable to type 'IntakeHistoryCalendarProps' with 'exactOptionalPropertyTypes: true'. Consider adding 'undefined' to the types of the target's properties.
  Types of property 'supplierId' are incompatible.
    Type 'number | undefined' is not assignable to type 'number'.
      Type 'undefined' is not assignable to type 'number'.
src/features/inventory/components/InventoryByProductTable.tsx(118,6): error TS2375: Type '{ data: InventoryByProductResponse[]; columns: Column<InventoryByProductResponse>[]; getRowId: (row: InventoryByProductResponse) => number; onRowClick: ((row: InventoryByProductResponse) => void) | undefined; rowActions: ((row: InventoryByProductResponse) => Element) | undefined; emptyMessage: string; }' is not assignable to type 'DataTableProps<InventoryByProductResponse>' with 'exactOptionalPropertyTypes: true'. Consider adding 'undefined' to the types of the target's properties.
  Types of property 'onRowClick' are incompatible.
    Type '((row: InventoryByProductResponse) => void) | undefined' is not assignable to type '(row: InventoryByProductResponse) => void'.
      Type 'undefined' is not assignable to type '(row: InventoryByProductResponse) => void'.
src/features/inventory/components/InventoryBySupplierTable.tsx(104,6): error TS2375: Type '{ data: InventoryBySupplierResponse[]; columns: Column<InventoryBySupplierResponse>[]; getRowId: (row: InventoryBySupplierResponse) => number; onRowClick: ((row: InventoryBySupplierResponse) => void) | undefined; rowActions: ((row: InventoryBySupplierResponse) => Element) | undefined; emptyMessage: string; }' is not assignable to type 'DataTableProps<InventoryBySupplierResponse>' with 'exactOptionalPropertyTypes: true'. Consider adding 'undefined' to the types of the target's properties.
  Types of property 'onRowClick' are incompatible.
    Type '((row: InventoryBySupplierResponse) => void) | undefined' is not assignable to type '(row: InventoryBySupplierResponse) => void'.
      Type 'undefined' is not assignable to type '(row: InventoryBySupplierResponse) => void'.
src/features/inventory/components/InventoryByWarehouseTable.tsx(100,6): error TS2375: Type '{ data: InventoryByWarehouseResponse[]; columns: Column<InventoryByWarehouseResponse>[]; getRowId: (row: InventoryByWarehouseResponse) => number; onRowClick: ((row: InventoryByWarehouseResponse) => void) | undefined; rowActions: ((row: InventoryByWarehouseResponse) => Element) | undefined; emptyMessage: string; }' is not assignable to type 'DataTableProps<InventoryByWarehouseResponse>' with 'exactOptionalPropertyTypes: true'. Consider adding 'undefined' to the types of the target's properties.
  Types of property 'onRowClick' are incompatible.
    Type '((row: InventoryByWarehouseResponse) => void) | undefined' is not assignable to type '(row: InventoryByWarehouseResponse) => void'.
      Type 'undefined' is not assignable to type '(row: InventoryByWarehouseResponse) => void'.
src/features/inventory/components/InventoryLotActions.tsx(41,43): error TS2379: Argument of type '{ warehouse_name: string | null | undefined; id: number; lot_id: number; lot_number: string | null; order_no: string | null; maker_part_no: string | null; customer_part_no: string | null; ... 37 more ...; is_assigned_supplier?: boolean; }' is not assignable to parameter of type 'LotUI' with 'exactOptionalPropertyTypes: true'. Consider adding 'undefined' to the types of the target's properties.
  Types of property 'warehouse_name' are incompatible.
    Type 'string | null | undefined' is not assignable to type 'string | null'.
      Type 'undefined' is not assignable to type 'string | null'.
src/features/inventory/components/InventoryLotActions.tsx(45,35): error TS2379: Argument of type '{ warehouse_name: string | null | undefined; id: number; lot_id: number; lot_number: string | null; order_no: string | null; maker_part_no: string | null; customer_part_no: string | null; ... 37 more ...; is_assigned_supplier?: boolean; }' is not assignable to parameter of type 'LotUI' with 'exactOptionalPropertyTypes: true'. Consider adding 'undefined' to the types of the target's properties.
  Types of property 'warehouse_name' are incompatible.
    Type 'string | null | undefined' is not assignable to type 'string | null'.
      Type 'undefined' is not assignable to type 'string | null'.
src/features/inventory/components/InventoryLotActions.tsx(50,45): error TS2379: Argument of type '{ warehouse_name: string | null | undefined; id: number; lot_id: number; lot_number: string | null; order_no: string | null; maker_part_no: string | null; customer_part_no: string | null; ... 37 more ...; is_assigned_supplier?: boolean; }' is not assignable to parameter of type 'LotUI' with 'exactOptionalPropertyTypes: true'. Consider adding 'undefined' to the types of the target's properties.
  Types of property 'warehouse_name' are incompatible.
    Type 'string | null | undefined' is not assignable to type 'string | null'.
      Type 'undefined' is not assignable to type 'string | null'.
src/features/inventory/components/InventoryLotActions.tsx(54,35): error TS2379: Argument of type '{ warehouse_name: string | null | undefined; id: number; lot_id: number; lot_number: string | null; order_no: string | null; maker_part_no: string | null; customer_part_no: string | null; ... 37 more ...; is_assigned_supplier?: boolean; }' is not assignable to parameter of type 'LotUI' with 'exactOptionalPropertyTypes: true'. Consider adding 'undefined' to the types of the target's properties.
  Types of property 'warehouse_name' are incompatible.
    Type 'string | null | undefined' is not assignable to type 'string | null'.
      Type 'undefined' is not assignable to type 'string | null'.
src/features/inventory/components/InventoryLotActions.tsx(60,46): error TS2379: Argument of type '{ warehouse_name: string | null | undefined; id: number; lot_id: number; lot_number: string | null; order_no: string | null; maker_part_no: string | null; customer_part_no: string | null; ... 37 more ...; is_assigned_supplier?: boolean; }' is not assignable to parameter of type 'LotUI' with 'exactOptionalPropertyTypes: true'. Consider adding 'undefined' to the types of the target's properties.
  Types of property 'warehouse_name' are incompatible.
    Type 'string | null | undefined' is not assignable to type 'string | null'.
      Type 'undefined' is not assignable to type 'string | null'.
src/features/inventory/components/InventoryLotActions.tsx(64,40): error TS2379: Argument of type '{ warehouse_name: string | null | undefined; id: number; lot_id: number; lot_number: string | null; order_no: string | null; maker_part_no: string | null; customer_part_no: string | null; ... 37 more ...; is_assigned_supplier?: boolean; }' is not assignable to parameter of type 'LotUI' with 'exactOptionalPropertyTypes: true'. Consider adding 'undefined' to the types of the target's properties.
  Types of property 'warehouse_name' are incompatible.
    Type 'string | null | undefined' is not assignable to type 'string | null'.
      Type 'undefined' is not assignable to type 'string | null'.
src/features/inventory/components/InventoryLotActions.tsx(71,38): error TS2379: Argument of type '{ warehouse_name: string | null | undefined; id: number; lot_id: number; lot_number: string | null; order_no: string | null; maker_part_no: string | null; customer_part_no: string | null; ... 37 more ...; is_assigned_supplier?: boolean; }' is not assignable to parameter of type 'LotUI' with 'exactOptionalPropertyTypes: true'. Consider adding 'undefined' to the types of the target's properties.
  Types of property 'warehouse_name' are incompatible.
    Type 'string | null | undefined' is not assignable to type 'string | null'.
      Type 'undefined' is not assignable to type 'string | null'.
src/features/inventory/components/InventoryLotList.tsx(155,12): error TS2375: Type '{ lot: LotUI; warehouseNameFallback: string | null | undefined; onEdit: (lot: LotUI) => void; onUnlock: (lot: LotUI) => void; onLock: (lot: LotUI) => void; onWithdraw: (lot: LotUI) => void; onHistory: (lot: LotUI) => void; onArchive: ((lot: LotUI) => void) | undefined; onUnarchive: ((lot: LotUI) => void) | undefined...' is not assignable to type 'InventoryLotActionsProps' with 'exactOptionalPropertyTypes: true'. Consider adding 'undefined' to the types of the target's properties.
  Types of property 'warehouseNameFallback' are incompatible.
    Type 'string | null | undefined' is not assignable to type 'string | null'.
      Type 'undefined' is not assignable to type 'string | null'.
src/features/inventory/components/InventoryTable.tsx(104,6): error TS2375: Type '{ lots: LotUI[]; isLoading: boolean; warehouseNameFallback: string | null | undefined; onEdit: (lot: LotUI) => void; onUnlock: (lot: LotUI) => Promise<void>; ... 4 more ...; onUnarchive: (lot: LotUI) => Promise<...>; }' is not assignable to type 'InventoryLotListProps' with 'exactOptionalPropertyTypes: true'. Consider adding 'undefined' to the types of the target's properties.
  Types of property 'warehouseNameFallback' are incompatible.
    Type 'string | null | undefined' is not assignable to type 'string | null'.
      Type 'undefined' is not assignable to type 'string | null'.
src/features/inventory/components/InventoryTable.tsx(123,8): error TS2375: Type '{ data: InventoryItem[]; columns: Column<InventoryItem>[]; getRowId: (item: InventoryItem) => string; onRowClick: ((item: InventoryItem) => void) | undefined; ... 8 more ...; scrollAreaHeight: string; }' is not assignable to type 'DataTableProps<InventoryItem>' with 'exactOptionalPropertyTypes: true'. Consider adding 'undefined' to the types of the target's properties.
  Types of property 'onRowClick' are incompatible.
    Type '((item: InventoryItem) => void) | undefined' is not assignable to type '(row: InventoryItem) => void'.
      Type 'undefined' is not assignable to type '(row: InventoryItem) => void'.
src/features/inventory/components/InventoryTableComponents.tsx(216,20): error TS2375: Type '{ key: number; lot: LotUI; onEdit: (lot: LotUI) => void; onLock: (lot: LotUI) => void; onUnlock: (lot: LotUI) => void; onWithdraw: ((lot: LotUI) => void) | undefined; onHistory: ((lot: LotUI) => void) | undefined; }' is not assignable to type 'LotTableRowProps' with 'exactOptionalPropertyTypes: true'. Consider adding 'undefined' to the types of the target's properties.
  Types of property 'onWithdraw' are incompatible.
    Type '((lot: LotUI) => void) | undefined' is not assignable to type '(lot: LotUI) => void'.
      Type 'undefined' is not assignable to type '(lot: LotUI) => void'.
src/features/inventory/components/InventoryTableComponents.tsx(344,10): error TS2375: Type '{ lots: LotUI[]; onEditLot: (lot: LotUI) => void; onLockLot: (lot: LotUI) => void; onUnlockLot: (lot: LotUI) => void; onWithdrawLot: ((lot: LotUI) => void) | undefined; onHistoryLot: ((lot: LotUI) => void) | undefined; }' is not assignable to type 'ExpandedLotDetailsProps' with 'exactOptionalPropertyTypes: true'. Consider adding 'undefined' to the types of the target's properties.
  Types of property 'onWithdrawLot' are incompatible.
    Type '((lot: LotUI) => void) | undefined' is not assignable to type '(lot: LotUI) => void'.
      Type 'undefined' is not assignable to type '(lot: LotUI) => void'.
src/features/inventory/components/InventoryTableComponents.tsx(347,23): error TS2379: Argument of type '{ warehouse_name: string | null | undefined; id: number; lot_id: number; lot_number: string | null; order_no: string | null; maker_part_no: string | null; customer_part_no: string | null; ... 37 more ...; is_assigned_supplier?: boolean; }' is not assignable to parameter of type 'LotUI' with 'exactOptionalPropertyTypes: true'. Consider adding 'undefined' to the types of the target's properties.
  Types of property 'warehouse_name' are incompatible.
    Type 'string | null | undefined' is not assignable to type 'string | null'.
      Type 'undefined' is not assignable to type 'string | null'.
src/features/inventory/components/InventoryTableComponents.tsx(353,23): error TS2379: Argument of type '{ warehouse_name: string | null | undefined; id: number; lot_id: number; lot_number: string | null; order_no: string | null; maker_part_no: string | null; customer_part_no: string | null; ... 37 more ...; is_assigned_supplier?: boolean; }' is not assignable to parameter of type 'LotUI' with 'exactOptionalPropertyTypes: true'. Consider adding 'undefined' to the types of the target's properties.
  Types of property 'warehouse_name' are incompatible.
    Type 'string | null | undefined' is not assignable to type 'string | null'.
      Type 'undefined' is not assignable to type 'string | null'.
src/features/inventory/components/InventoryTableComponents.tsx(359,25): error TS2379: Argument of type '{ warehouse_name: string | null | undefined; id: number; lot_id: number; lot_number: string | null; order_no: string | null; maker_part_no: string | null; customer_part_no: string | null; ... 37 more ...; is_assigned_supplier?: boolean; }' is not assignable to parameter of type 'LotUI' with 'exactOptionalPropertyTypes: true'. Consider adding 'undefined' to the types of the target's properties.
  Types of property 'warehouse_name' are incompatible.
    Type 'string | null | undefined' is not assignable to type 'string | null'.
      Type 'undefined' is not assignable to type 'string | null'.
src/features/inventory/components/InventoryTableComponents.tsx(367,33): error TS2379: Argument of type '{ warehouse_name: string | null | undefined; id: number; lot_id: number; lot_number: string | null; order_no: string | null; maker_part_no: string | null; customer_part_no: string | null; ... 37 more ...; is_assigned_supplier?: boolean; }' is not assignable to parameter of type 'LotUI' with 'exactOptionalPropertyTypes: true'. Consider adding 'undefined' to the types of the target's properties.
  Types of property 'warehouse_name' are incompatible.
    Type 'string | null | undefined' is not assignable to type 'string | null'.
      Type 'undefined' is not assignable to type 'string | null'.
src/features/inventory/components/InventoryTableComponents.tsx(377,32): error TS2379: Argument of type '{ warehouse_name: string | null | undefined; id: number; lot_id: number; lot_number: string | null; order_no: string | null; maker_part_no: string | null; customer_part_no: string | null; ... 37 more ...; is_assigned_supplier?: boolean; }' is not assignable to parameter of type 'LotUI' with 'exactOptionalPropertyTypes: true'. Consider adding 'undefined' to the types of the target's properties.
  Types of property 'warehouse_name' are incompatible.
    Type 'string | null | undefined' is not assignable to type 'string | null'.
      Type 'undefined' is not assignable to type 'string | null'.
src/features/inventory/components/InventoryTableDialogs.tsx(51,45): error TS2379: Argument of type '{ id: number; reason: string; quantity: number | undefined; }' is not assignable to parameter of type '{ id: number; reason: string; quantity?: number; }' with 'exactOptionalPropertyTypes: true'. Consider adding 'undefined' to the types of the target's properties.
  Types of property 'quantity' are incompatible.
    Type 'number | undefined' is not assignable to type 'number'.
      Type 'undefined' is not assignable to type 'number'.
src/features/inventory/components/LotCreateForm.tsx(41,11): error TS2375: Type '{ lot_number: string; product_code: string; supplier_code: string; delivery_place_code: string | undefined; delivery_place_name: string | undefined; quantity: number; lot_unit: string; receipt_date: string; expiry_date: string | undefined; origin_reference: string | undefined; }' is not assignable to type 'LotCreateData' with 'exactOptionalPropertyTypes: true'. Consider adding 'undefined' to the types of the target's properties.
  Types of property 'delivery_place_code' are incompatible.
    Type 'string | undefined' is not assignable to type 'string'.
      Type 'undefined' is not assignable to type 'string'.
src/features/inventory/components/LotDialogs.tsx(66,55): error TS2379: Argument of type '{ id: number; reason: string; quantity: number | undefined; }' is not assignable to parameter of type '{ id: number; reason: string; quantity?: number; }' with 'exactOptionalPropertyTypes: true'. Consider adding 'undefined' to the types of the target's properties.
  Types of property 'quantity' are incompatible.
    Type 'number | undefined' is not assignable to type 'number'.
      Type 'undefined' is not assignable to type 'number'.
src/features/inventory/components/LotEditForm.tsx(46,11): error TS2375: Type '{ lot_unit: string; receipt_date: string; expiry_date: string | undefined; }' is not assignable to type 'LotUpdateData' with 'exactOptionalPropertyTypes: true'. Consider adding 'undefined' to the types of the target's properties.
  Types of property 'expiry_date' are incompatible.
    Type 'string | undefined' is not assignable to type 'string'.
      Type 'undefined' is not assignable to type 'string'.
src/features/inventory/components/LotGroupedView.tsx(46,16): error TS2375: Type '{ data: LotUI[]; columns: Column<LotUI>[]; sort: { column: string; direction: "desc" | "asc"; } | undefined; isLoading: boolean; emptyMessage: string; getRowClassName: (lot: LotUI) => string; }' is not assignable to type 'DataTableProps<LotUI>' with 'exactOptionalPropertyTypes: true'. Consider adding 'undefined' to the types of the target's properties.
  Types of property 'sort' are incompatible.
    Type '{ column: string; direction: "desc" | "asc"; } | undefined' is not assignable to type 'SortConfig'.
      Type 'undefined' is not assignable to type 'SortConfig'.
src/features/inventory/components/LotSearchPanel.tsx(25,51): error TS2379: Argument of type '{ q: string; page: number; size: number; sort_by: string; sort_order: "desc" | "asc"; status: string | undefined; with_stock: false | undefined; }' is not assignable to parameter of type 'LotSearchParams' with 'exactOptionalPropertyTypes: true'. Consider adding 'undefined' to the types of the target's properties.
  Types of property 'status' are incompatible.
    Type 'string | undefined' is not assignable to type 'string'.
      Type 'undefined' is not assignable to type 'string'.
src/features/inventory/components/LotTable.tsx(89,8): error TS2375: Type '{ data: LotUI[]; columns: Column<LotUI>[]; sort: { column: string; direction: "desc" | "asc"; } | undefined; onSortChange: (sort: SortConfig) => void | undefined; ... 7 more ...; emptyMessage: string; }' is not assignable to type 'DataTableProps<LotUI>' with 'exactOptionalPropertyTypes: true'. Consider adding 'undefined' to the types of the target's properties.
  Types of property 'sort' are incompatible.
    Type '{ column: string; direction: "desc" | "asc"; } | undefined' is not assignable to type 'SortConfig'.
      Type 'undefined' is not assignable to type 'SortConfig'.
src/features/inventory/components/SmartLotSplitDialog.tsx(76,7): error TS2532: Object is possibly 'undefined'.
src/features/inventory/components/SmartLotSplitDialog.tsx(77,7): error TS2532: Object is possibly 'undefined'.
src/features/inventory/components/WithdrawalHistoryTab.tsx(50,55): error TS2379: Argument of type '{ skip: number; limit: number; withdrawal_type: WithdrawalType | undefined; search: string | undefined; }' is not assignable to parameter of type 'WithdrawalListParams' with 'exactOptionalPropertyTypes: true'. Consider adding 'undefined' to the types of the target's properties.
  Types of property 'withdrawal_type' are incompatible.
    Type 'WithdrawalType | undefined' is not assignable to type 'WithdrawalType'.
      Type 'undefined' is not assignable to type 'WithdrawalType'.
src/features/inventory/hooks/useFilterOptions.ts(41,24): error TS2379: Argument of type '{ supplier_item_id: number | undefined; supplier_id: number | undefined; warehouse_id: number | undefined; tab: string | undefined; assigned_staff_only: boolean | undefined; mode: "stock" | "master"; }' is not assignable to parameter of type '{ supplier_item_id?: number; warehouse_id?: number; supplier_id?: number; tab?: string; assigned_staff_only?: boolean; mode?: "stock" | "master"; }' with 'exactOptionalPropertyTypes: true'. Consider adding 'undefined' to the types of the target's properties.
  Types of property 'supplier_item_id' are incompatible.
    Type 'number | undefined' is not assignable to type 'number'.
      Type 'undefined' is not assignable to type 'number'.
src/features/inventory/hooks/useFilterOptions.ts(55,37): error TS2532: Object is possibly 'undefined'.
src/features/inventory/hooks/useFilterOptions.ts(62,36): error TS2532: Object is possibly 'undefined'.
src/features/inventory/hooks/useInventoryTableLogic.ts(16,11): error TS2322: Type 'number | undefined' is not assignable to type 'number'.
  Type 'undefined' is not assignable to type 'number'.
src/features/inventory/hooks/useInventoryTableLogic.ts(16,22): error TS2322: Type 'number | undefined' is not assignable to type 'number'.
  Type 'undefined' is not assignable to type 'number'.
src/features/inventory/hooks/useLotColumns.tsx(103,5): error TS2322: Type 'Column<LotUI> | undefined' is not assignable to type 'Column<LotUI>'.
  Type 'undefined' is not assignable to type 'Column<LotUI>'.
src/features/inventory/hooks/useLotFilters.test.ts(168,14): error TS2532: Object is possibly 'undefined'.
src/features/inventory/hooks/useLotFilters.test.ts(184,14): error TS2532: Object is possibly 'undefined'.
src/features/inventory/hooks/useLotFilters.test.ts(192,14): error TS2532: Object is possibly 'undefined'.
src/features/inventory/hooks/useLotFilters.test.ts(241,14): error TS2532: Object is possibly 'undefined'.
src/features/inventory/pages/AdhocLotCreatePage.tsx(92,17): error TS2379: Argument of type '{ lot_number: string; supplier_item_id: number; warehouse_id: number; supplier_code: string | undefined; received_date: string; expiry_date: string | undefined; current_quantity: number; ... 8 more ...; inspection_status: string; }' is not assignable to parameter of type '{ lot_number: string; order_no?: string | null; supplier_item_id: number; warehouse_id: number; supplier_id?: number | null; expected_lot_id?: number | null; received_date: string; expiry_date?: string | null; ... 21 more ...; warehouse_code?: string | null; }' with 'exactOptionalPropertyTypes: true'. Consider adding 'undefined' to the types of the target's properties.
  Types of property 'expiry_date' are incompatible.
    Type 'string | undefined' is not assignable to type 'string | null'.
      Type 'undefined' is not assignable to type 'string | null'.
src/features/inventory/pages/ExcelPortalPage.tsx(274,74): error TS2345: Argument of type 'number | undefined' is not assignable to parameter of type 'number'.
  Type 'undefined' is not assignable to type 'number'.
src/features/inventory/pages/ExcelPortalPage.tsx(285,50): error TS2532: Object is possibly 'undefined'.
src/features/inventory/pages/ExcelPortalPage.tsx(287,34): error TS2532: Object is possibly 'undefined'.
src/features/inventory/pages/InventoryItemDetailPage.tsx(76,20): error TS2379: Argument of type '{ supplier_item_id: number; warehouse_id: number; status: string | undefined; with_stock: boolean; skip: number; limit: number; }' is not assignable to parameter of type '{ skip?: number; limit?: number; supplier_item_id?: number | null; product_code?: string | null; supplier_code?: string | null; warehouse_id?: number | null; warehouse_code?: string | null; ... 4 more ...; prioritize_assigned?: boolean; } & { ...; }' with 'exactOptionalPropertyTypes: true'. Consider adding 'undefined' to the types of the target's properties.
  Type '{ supplier_item_id: number; warehouse_id: number; status: string | undefined; with_stock: boolean; skip: number; limit: number; }' is not assignable to type '{ skip?: number; limit?: number; supplier_item_id?: number | null; product_code?: string | null; supplier_code?: string | null; warehouse_id?: number | null; warehouse_code?: string | null; ... 4 more ...; prioritize_assigned?: boolean; }' with 'exactOptionalPropertyTypes: true'. Consider adding 'undefined' to the types of the target's properties.
    Types of property 'status' are incompatible.
      Type 'string | undefined' is not assignable to type 'string | null'.
        Type 'undefined' is not assignable to type 'string | null'.
src/features/inventory/pages/InventoryItemDetailPage.tsx(103,33): error TS2345: Argument of type '{ warehouse_name: string | null | undefined; id: number; lot_id: number; lot_number: string | null; order_no: string | null; maker_part_no: string | null; customer_part_no: string | null; ... 37 more ...; is_assigned_supplier?: boolean; }' is not assignable to parameter of type 'SetStateAction<LotUI | null>'.
  Type '{ warehouse_name: string | null | undefined; id: number; lot_id: number; lot_number: string | null; order_no: string | null; maker_part_no: string | null; customer_part_no: string | null; ... 37 more ...; is_assigned_supplier?: boolean; }' is not assignable to type 'LotUI' with 'exactOptionalPropertyTypes: true'. Consider adding 'undefined' to the types of the target's properties.
    Types of property 'warehouse_name' are incompatible.
      Type 'string | null | undefined' is not assignable to type 'string | null'.
        Type 'undefined' is not assignable to type 'string | null'.
src/features/inventory/pages/InventoryItemDetailPage.tsx(112,30): error TS2345: Argument of type '{ warehouse_name: string | null | undefined; id: number; lot_id: number; lot_number: string | null; order_no: string | null; maker_part_no: string | null; customer_part_no: string | null; ... 37 more ...; is_assigned_supplier?: boolean; }' is not assignable to parameter of type 'SetStateAction<LotUI | null>'.
  Type '{ warehouse_name: string | null | undefined; id: number; lot_id: number; lot_number: string | null; order_no: string | null; maker_part_no: string | null; customer_part_no: string | null; ... 37 more ...; is_assigned_supplier?: boolean; }' is not assignable to type 'LotUI' with 'exactOptionalPropertyTypes: true'. Consider adding 'undefined' to the types of the target's properties.
    Types of property 'warehouse_name' are incompatible.
      Type 'string | null | undefined' is not assignable to type 'string | null'.
        Type 'undefined' is not assignable to type 'string | null'.
src/features/inventory/pages/InventoryItemDetailPage.tsx(574,10): error TS2375: Type '{ open: boolean; onClose: () => void; onConfirm: (reason: string, quantity: number | undefined) => Promise<void>; isSubmitting: boolean; lotNumber: string | undefined; availableQuantity: number; }' is not assignable to type 'LotLockDialogProps' with 'exactOptionalPropertyTypes: true'. Consider adding 'undefined' to the types of the target's properties.
  Types of property 'lotNumber' are incompatible.
    Type 'string | undefined' is not assignable to type 'string'.
      Type 'undefined' is not assignable to type 'string'.
src/features/inventory/pages/InventoryItemDetailPage.tsx(578,47): error TS2379: Argument of type '{ id: number; reason: string; quantity: number | undefined; }' is not assignable to parameter of type '{ id: number; reason: string; quantity?: number; }' with 'exactOptionalPropertyTypes: true'. Consider adding 'undefined' to the types of the target's properties.
  Types of property 'quantity' are incompatible.
    Type 'number | undefined' is not assignable to type 'number'.
      Type 'undefined' is not assignable to type 'number'.
src/features/inventory/pages/InventoryItemDetailPage.tsx(598,30): error TS2379: Argument of type '{ id: number; lotNumber: string | undefined; }' is not assignable to parameter of type '{ id: number; lotNumber?: string; }' with 'exactOptionalPropertyTypes: true'. Consider adding 'undefined' to the types of the target's properties.
  Types of property 'lotNumber' are incompatible.
    Type 'string | undefined' is not assignable to type 'string'.
      Type 'undefined' is not assignable to type 'string'.
src/features/inventory/pages/InventoryPage.tsx(79,25): error TS2379: Argument of type '{ skip: number; limit: number; supplier_item_id: number | undefined; warehouse_id: number | undefined; supplier_id: number | undefined; tab: InventoryTab; assigned_staff_only: boolean; }' is not assignable to parameter of type 'InventoryItemsListParams' with 'exactOptionalPropertyTypes: true'. Consider adding 'undefined' to the types of the target's properties.
  Types of property 'supplier_item_id' are incompatible.
    Type 'number | undefined' is not assignable to type 'number | null'.
      Type 'undefined' is not assignable to type 'number | null'.
src/features/inventory/pages/InventoryPage.tsx(93,82): error TS2379: Argument of type '{ supplier_item_id: string | undefined; supplier_id: string | undefined; warehouse_id: string | undefined; tab: InventoryTab; assigned_staff_only: boolean; mode: "stock" | "master"; onAutoSelectSupplier: (id: string) => void; onAutoSelectProduct: (id: string) => void; }' is not assignable to parameter of type 'UseFilterOptionsParams' with 'exactOptionalPropertyTypes: true'. Consider adding 'undefined' to the types of the target's properties.
  Types of property 'supplier_item_id' are incompatible.
    Type 'string | undefined' is not assignable to type 'string'.
      Type 'undefined' is not assignable to type 'string'.
src/features/inventory/pages/InventoryPage.tsx(400,16): error TS2375: Type '{ data: InventoryItem[]; isLoading: boolean; onRefresh: (options?: RefetchOptions | undefined) => Promise<QueryObserverResult<InventoryListResponse, Error>>; filterSupplierId: number | undefined; headerContent: string; }' is not assignable to type 'InventoryTableProps' with 'exactOptionalPropertyTypes: true'. Consider adding 'undefined' to the types of the target's properties.
  Types of property 'filterSupplierId' are incompatible.
    Type 'number | undefined' is not assignable to type 'number'.
      Type 'undefined' is not assignable to type 'number'.
src/features/inventory/pages/LotDetailPage.tsx(177,10): error TS2375: Type '{ title: string; subtitle: string | undefined; actions: Element; }' is not assignable to type 'PageHeaderProps' with 'exactOptionalPropertyTypes: true'. Consider adding 'undefined' to the types of the target's properties.
  Types of property 'subtitle' are incompatible.
    Type 'string | undefined' is not assignable to type 'string'.
      Type 'undefined' is not assignable to type 'string'.
src/features/inventory/state/atoms.ts(43,67): error TS2769: No overload matches this call.
  Overload 1 of 5, '(read: Read<LotsQueryParams, never>): Atom<LotsQueryParams>', gave the following error.
    Argument of type '(get: Getter) => { with_stock: true | undefined; product_code: string | undefined; delivery_place_code: string | undefined; }' is not assignable to parameter of type 'Read<LotsQueryParams, never>'.
      Type '{ with_stock: true | undefined; product_code: string | undefined; delivery_place_code: string | undefined; }' is not assignable to type 'LotsQueryParams' with 'exactOptionalPropertyTypes: true'. Consider adding 'undefined' to the types of the target's properties.
        Type '{ with_stock: true | undefined; product_code: string | undefined; delivery_place_code: string | undefined; }' is not assignable to type 'LotsGetParams' with 'exactOptionalPropertyTypes: true'. Consider adding 'undefined' to the types of the target's properties.
          Types of property 'product_code' are incompatible.
            Type 'string | undefined' is not assignable to type 'string | null'.
              Type 'undefined' is not assignable to type 'string | null'.
  Overload 2 of 5, '(initialValue: LotsQueryParams): PrimitiveAtom<LotsQueryParams> & WithInitialValue<LotsQueryParams>', gave the following error.
    Type '(get: Getter) => { with_stock: true | undefined; product_code: string | undefined; delivery_place_code: string | undefined; }' has no properties in common with type 'LotsQueryParams'.
src/features/makers/components/MakerDialogs.tsx(43,13): error TS2322: Type '(data: { maker_code: string; maker_name: string; display_name?: string | null; short_name?: string | null; notes?: string | null; }) => void' is not assignable to type '(data: { maker_code: string; maker_name: string; display_name?: string | null | undefined; short_name?: string | null | undefined; notes?: string | null | undefined; }) => void'.
  Types of parameters 'data' and 'data' are incompatible.
    Type '{ maker_code: string; maker_name: string; display_name?: string | null | undefined; short_name?: string | null | undefined; notes?: string | null | undefined; }' is not assignable to type '{ maker_code: string; maker_name: string; display_name?: string | null; short_name?: string | null; notes?: string | null; }' with 'exactOptionalPropertyTypes: true'. Consider adding 'undefined' to the types of the target's properties.
      Types of property 'display_name' are incompatible.
        Type 'string | null | undefined' is not assignable to type 'string | null'.
          Type 'undefined' is not assignable to type 'string | null'.
src/features/makers/components/MakerDialogs.tsx(61,15): error TS2322: Type '(data: MakerUpdateInput) => void' is not assignable to type '(data: { maker_code: string; maker_name: string; display_name?: string | null | undefined; short_name?: string | null | undefined; notes?: string | null | undefined; }) => void'.
  Types of parameters 'data' and 'data' are incompatible.
    Type '{ maker_code: string; maker_name: string; display_name?: string | null | undefined; short_name?: string | null | undefined; notes?: string | null | undefined; }' is not assignable to type 'MakerUpdateInput' with 'exactOptionalPropertyTypes: true'. Consider adding 'undefined' to the types of the target's properties.
      Types of property 'short_name' are incompatible.
        Type 'string | null | undefined' is not assignable to type 'string | null'.
          Type 'undefined' is not assignable to type 'string | null'.
src/features/makers/components/MakerForm.tsx(127,10): error TS2375: Type '{ control: Control<{ maker_code: string; maker_name: string; display_name?: string | null | undefined; short_name?: string | null | undefined; notes?: string | null | undefined; }, any, { maker_code: string; maker_name: string; display_name?: string | ... 1 more ... | undefined; short_name?: string | ... 1 more ... ...' is not assignable to type '{ control: Control<{ maker_code: string; maker_name: string; display_name?: string | null | undefined; short_name?: string | null | undefined; notes?: string | null | undefined; }>; name: "short_name" | ... 2 more ... | "maker_code"; label: string; placeholder?: string; disabled?: boolean; }' with 'exactOptionalPropertyTypes: true'. Consider adding 'undefined' to the types of the target's properties.
  Types of property 'disabled' are incompatible.
    Type 'boolean | undefined' is not assignable to type 'boolean'.
      Type 'undefined' is not assignable to type 'boolean'.
src/features/makers/components/MakerForm.tsx(136,12): error TS2375: Type '{ control: Control<{ maker_code: string; maker_name: string; display_name?: string | null | undefined; short_name?: string | null | undefined; notes?: string | null | undefined; }, any, { maker_code: string; maker_name: string; display_name?: string | ... 1 more ... | undefined; short_name?: string | ... 1 more ... ...' is not assignable to type '{ control: Control<{ maker_code: string; maker_name: string; display_name?: string | null | undefined; short_name?: string | null | undefined; notes?: string | null | undefined; }>; name: "short_name" | ... 2 more ... | "maker_code"; label: string; placeholder?: string; disabled?: boolean; }' with 'exactOptionalPropertyTypes: true'. Consider adding 'undefined' to the types of the target's properties.
  Types of property 'disabled' are incompatible.
    Type 'boolean | undefined' is not assignable to type 'boolean'.
      Type 'undefined' is not assignable to type 'boolean'.
src/features/makers/components/MakerForm.tsx(143,12): error TS2375: Type '{ control: Control<{ maker_code: string; maker_name: string; display_name?: string | null | undefined; short_name?: string | null | undefined; notes?: string | null | undefined; }, any, { maker_code: string; maker_name: string; display_name?: string | ... 1 more ... | undefined; short_name?: string | ... 1 more ... ...' is not assignable to type '{ control: Control<{ maker_code: string; maker_name: string; display_name?: string | null | undefined; short_name?: string | null | undefined; notes?: string | null | undefined; }>; name: "short_name" | ... 2 more ... | "maker_code"; label: string; placeholder?: string; disabled?: boolean; }' with 'exactOptionalPropertyTypes: true'. Consider adding 'undefined' to the types of the target's properties.
  Types of property 'disabled' are incompatible.
    Type 'boolean | undefined' is not assignable to type 'boolean'.
      Type 'undefined' is not assignable to type 'boolean'.
src/features/makers/components/MakerForm.tsx(151,10): error TS2375: Type '{ control: Control<{ maker_code: string; maker_name: string; display_name?: string | null | undefined; short_name?: string | null | undefined; notes?: string | null | undefined; }, any, { maker_code: string; maker_name: string; display_name?: string | ... 1 more ... | undefined; short_name?: string | ... 1 more ... ...' is not assignable to type '{ control: Control<{ maker_code: string; maker_name: string; display_name?: string | null | undefined; short_name?: string | null | undefined; notes?: string | null | undefined; }>; disabled?: boolean; }' with 'exactOptionalPropertyTypes: true'. Consider adding 'undefined' to the types of the target's properties.
  Types of property 'disabled' are incompatible.
    Type 'boolean | undefined' is not assignable to type 'boolean'.
      Type 'undefined' is not assignable to type 'boolean'.
src/features/makers/pages/MakersPage.tsx(24,22): error TS6133: 'sorted' is declared but its value is never read.
src/features/material-order-forecasts/components/ForecastTable.tsx(221,6): error TS2375: Type '{ data: { id: number; target_month: string; customer_item_id?: number | null; warehouse_id?: number | null; maker_id?: number | null; material_code?: string | null; unit?: string | null; ... 20 more ...; updated_at: string; }[]; ... 4 more ...; emptyMessage: string; }' is not assignable to type 'DataTableProps<{ id: number; target_month: string; customer_item_id?: number | null; warehouse_id?: number | null; maker_id?: number | null; material_code?: string | null; unit?: string | null; warehouse_code?: string | null; ... 19 more ...; updated_at: string; }>' with 'exactOptionalPropertyTypes: true'. Consider adding 'undefined' to the types of the target's properties.
  Types of property 'isLoading' are incompatible.
    Type 'boolean | undefined' is not assignable to type 'boolean'.
      Type 'undefined' is not assignable to type 'boolean'.
src/features/material-order-forecasts/pages/MaterialOrderForecastsPage.tsx(89,82): error TS2379: Argument of type '{ target_month: string; maker_code: string | undefined; }' is not assignable to parameter of type 'GetForecastsParams' with 'exactOptionalPropertyTypes: true'. Consider adding 'undefined' to the types of the target's properties.
  Types of property 'maker_code' are incompatible.
    Type 'string | undefined' is not assignable to type 'string'.
      Type 'undefined' is not assignable to type 'string'.
src/features/notifications/hooks/useNotifications.ts(33,28): error TS2345: Argument of type 'Notification | undefined' is not assignable to parameter of type 'Notification'.
  Type 'undefined' is not assignable to type 'Notification'.
src/features/notifications/hooks/useNotifications.ts(142,31): error TS18048: 'latest' is possibly 'undefined'.
src/features/notifications/hooks/useNotifications.ts(143,15): error TS18048: 'latest' is possibly 'undefined'.
src/features/ocr-results/hooks/useOcrData.ts(15,44): error TS2379: Argument of type '{ task_date: string | undefined; }' is not assignable to parameter of type 'OcrResultListParams' with 'exactOptionalPropertyTypes: true'. Consider adding 'undefined' to the types of the target's properties.
  Types of property 'task_date' are incompatible.
    Type 'string | undefined' is not assignable to type 'string'.
      Type 'undefined' is not assignable to type 'string'.
src/features/ocr-results/hooks/useOcrData.ts(19,33): error TS2379: Argument of type '{ task_date: string | undefined; status: string | undefined; has_error: true | undefined; }' is not assignable to parameter of type 'OcrResultListParams' with 'exactOptionalPropertyTypes: true'. Consider adding 'undefined' to the types of the target's properties.
  Types of property 'task_date' are incompatible.
    Type 'string | undefined' is not assignable to type 'string'.
      Type 'undefined' is not assignable to type 'string'.
src/features/ocr-results/hooks/useOcrExportOperations.ts(39,39): error TS2379: Argument of type '{ task_date: string | undefined; status: string | undefined; has_error: true | undefined; ids: number[] | undefined; }' is not assignable to parameter of type '{ task_date?: string; status?: string; has_error?: boolean; ids?: number[]; }' with 'exactOptionalPropertyTypes: true'. Consider adding 'undefined' to the types of the target's properties.
  Types of property 'task_date' are incompatible.
    Type 'string | undefined' is not assignable to type 'string'.
      Type 'undefined' is not assignable to type 'string'.
src/features/ocr-results/pages/OcrResultsListPage.tsx(235,12): error TS2375: Type '{ dataTotal: number | undefined; errorCount: number; selectedCount: number; }' is not assignable to type '{ dataTotal?: number; errorCount: number; selectedCount: number; }' with 'exactOptionalPropertyTypes: true'. Consider adding 'undefined' to the types of the target's properties.
  Types of property 'dataTotal' are incompatible.
    Type 'number | undefined' is not assignable to type 'number'.
      Type 'undefined' is not assignable to type 'number'.
src/features/operation-logs/pages/OperationLogsPage.tsx(93,11): error TS2375: Type '{ user_id: number | undefined; operation_type: string | undefined; target_table: string | undefined; }' is not assignable to type 'OperationLogsListParams' with 'exactOptionalPropertyTypes: true'. Consider adding 'undefined' to the types of the target's properties.
  Types of property 'user_id' are incompatible.
    Type 'number | undefined' is not assignable to type 'number'.
      Type 'undefined' is not assignable to type 'number'.
src/features/operation-logs/pages/OperationLogsPage.tsx(286,16): error TS2375: Type '{ date: Date | undefined; setDate: (date: Date | undefined) => void; className: string; }' is not assignable to type 'DateTimePickerProps' with 'exactOptionalPropertyTypes: true'. Consider adding 'undefined' to the types of the target's properties.
  Types of property 'date' are incompatible.
    Type 'Date | undefined' is not assignable to type 'Date'.
      Type 'undefined' is not assignable to type 'Date'.
src/features/operation-logs/pages/OperationLogsPage.tsx(294,16): error TS2375: Type '{ date: Date | undefined; setDate: (date: Date | undefined) => void; className: string; }' is not assignable to type 'DateTimePickerProps' with 'exactOptionalPropertyTypes: true'. Consider adding 'undefined' to the types of the target's properties.
  Types of property 'date' are incompatible.
    Type 'Date | undefined' is not assignable to type 'Date'.
      Type 'undefined' is not assignable to type 'Date'.
src/features/orders/components/allocation/ForecastSection.tsx(19,20): error TS2379: Argument of type '{ supplier_item_id: number | undefined; customer_id: number | undefined; }' is not assignable to parameter of type '{ skip?: number; limit?: number; customer_id?: number | null; delivery_place_id?: number | null; supplier_item_id?: number | null; }' with 'exactOptionalPropertyTypes: true'. Consider adding 'undefined' to the types of the target's properties.
  Types of property 'customer_id' are incompatible.
    Type 'number | undefined' is not assignable to type 'number | null'.
      Type 'undefined' is not assignable to type 'number | null'.
src/features/orders/components/display/OrderCard.tsx(125,8): error TS2375: Type '{ displayCode: string; order: OrderWithLinesResponse; onReMatch: (() => void) | undefined; }' is not assignable to type 'OrderCardHeaderProps' with 'exactOptionalPropertyTypes: true'. Consider adding 'undefined' to the types of the target's properties.
  Types of property 'onReMatch' are incompatible.
    Type '(() => void) | undefined' is not assignable to type '() => void'.
      Type 'undefined' is not assignable to type '() => void'.
src/features/orders/components/display/OrderCard.tsx(127,8): error TS2375: Type '{ lines: OrderLine[] | undefined; onSelectLine: ((orderLineId: number) => void) | undefined; }' is not assignable to type 'OrderLinesTableProps' with 'exactOptionalPropertyTypes: true'. Consider adding 'undefined' to the types of the target's properties.
  Types of property 'onSelectLine' are incompatible.
    Type '((orderLineId: number) => void) | undefined' is not assignable to type '(orderLineId: number) => void'.
      Type 'undefined' is not assignable to type '(orderLineId: number) => void'.
src/features/orders/components/OrderLineCard/index.tsx(98,8): error TS2375: Type '{ productName: string; productCode: string | undefined; status: string | undefined; orderDate: string | undefined; }' is not assignable to type 'Props' with 'exactOptionalPropertyTypes: true'. Consider adding 'undefined' to the types of the target's properties.
  Types of property 'productCode' are incompatible.
    Type 'string | undefined' is not assignable to type 'string'.
      Type 'undefined' is not assignable to type 'string'.
src/features/orders/components/OrderLineCard/index.tsx(108,14): error TS2375: Type '{ lineId: number | undefined; progressPct: number; allocatedTotal: number; totalQty: number; unit: string; remainingQty: number; }' is not assignable to type 'Props' with 'exactOptionalPropertyTypes: true'. Consider adding 'undefined' to the types of the target's properties.
  Types of property 'lineId' are incompatible.
    Type 'number | undefined' is not assignable to type 'number'.
      Type 'undefined' is not assignable to type 'number'.
src/features/orders/components/OrderLineCard/index.tsx(177,12): error TS2375: Type '{ productGroupId: number | undefined; customerId: number | undefined; fullWidth: true; }' is not assignable to type 'Props' with 'exactOptionalPropertyTypes: true'. Consider adding 'undefined' to the types of the target's properties.
  Types of property 'productGroupId' are incompatible.
    Type 'number | undefined' is not assignable to type 'number'.
      Type 'undefined' is not assignable to type 'number'.
src/features/orders/components/OrderLineColumns.tsx(78,39): error TS18048: 'todayStr' is possibly 'undefined'.
src/features/orders/components/OrderLineColumns.tsx(294,39): error TS18048: 'todayStr' is possibly 'undefined'.
src/features/orders/components/warehouse/WarehouseSelector.tsx(19,25): error TS2345: Argument of type 'string | undefined' is not assignable to parameter of type 'string'.
  Type 'undefined' is not assignable to type 'string'.
src/features/orders/hooks/useOrderLineAllocation.ts(92,26): error TS2345: Argument of type '{ lot_id: number; lot_number: string; available_quantity: number; expiry_date: string | null | undefined; product_code: string; warehouse_code: string; free_qty: number; current_quantity: number; ... 6 more ...; external_unit: null; }[]' is not assignable to parameter of type 'SetStateAction<CandidateLotItem[]>'.
  Type '{ lot_id: number; lot_number: string; available_quantity: number; expiry_date: string | null | undefined; product_code: string; warehouse_code: string; free_qty: number; current_quantity: number; ... 6 more ...; external_unit: null; }[]' is not assignable to type 'CandidateLotItem[]'.
    Type '{ lot_id: number; lot_number: string; available_quantity: number; expiry_date: string | null | undefined; product_code: string; warehouse_code: string; free_qty: number; current_quantity: number; ... 6 more ...; external_unit: null; }' is not assignable to type 'CandidateLotItem' with 'exactOptionalPropertyTypes: true'. Consider adding 'undefined' to the types of the target's properties.
      Types of property 'expiry_date' are incompatible.
        Type 'string | null | undefined' is not assignable to type 'string | null'.
          Type 'undefined' is not assignable to type 'string | null'.
src/features/orders/hooks/useOrderLines.ts(23,21): error TS2379: Argument of type '{ customer_code: string | undefined; status: string | undefined; product_code: string | undefined; order_type: string | undefined; }' is not assignable to parameter of type '{ skip?: number; limit?: number; status?: string | null; customer_code?: string | null; date_from?: string | null; date_to?: string | null; order_type?: string | null; prioritize_assigned?: boolean; } & { ...; }' with 'exactOptionalPropertyTypes: true'. Consider adding 'undefined' to the types of the target's properties.
  Type '{ customer_code: string | undefined; status: string | undefined; product_code: string | undefined; order_type: string | undefined; }' is not assignable to type '{ skip?: number; limit?: number; status?: string | null; customer_code?: string | null; date_from?: string | null; date_to?: string | null; order_type?: string | null; prioritize_assigned?: boolean; }' with 'exactOptionalPropertyTypes: true'. Consider adding 'undefined' to the types of the target's properties.
    Types of property 'status' are incompatible.
      Type 'string | undefined' is not assignable to type 'string | null'.
        Type 'undefined' is not assignable to type 'string | null'.
src/features/orders/hooks/useOrdersListLogic.ts(67,36): error TS18048: 'todayStr' is possibly 'undefined'.
src/features/orders/hooks/useOrdersListLogic.ts(102,21): error TS2379: Argument of type '{ customer_code: string | undefined; status: string | undefined; order_type: string | undefined; }' is not assignable to parameter of type '{ customer_code?: string; status?: string; product_code?: string; order_type?: string; }' with 'exactOptionalPropertyTypes: true'. Consider adding 'undefined' to the types of the target's properties.
  Types of property 'customer_code' are incompatible.
    Type 'string | undefined' is not assignable to type 'string'.
      Type 'undefined' is not assignable to type 'string'.
src/features/orders/utils/groupOrders.ts(67,7): error TS2375: Type '{ deliveryPlaceCode: string | undefined; deliveryPlaceName: string | undefined; lines: never[]; }' is not assignable to type 'GroupedOrderLine' with 'exactOptionalPropertyTypes: true'. Consider adding 'undefined' to the types of the target's properties.
  Types of property 'deliveryPlaceCode' are incompatible.
    Type 'string | undefined' is not assignable to type 'string'.
      Type 'undefined' is not assignable to type 'string'.
src/features/orders/utils/groupOrders.ts(73,5): error TS2532: Object is possibly 'undefined'.
src/features/orders/utils/groupOrders.ts(89,7): error TS2375: Type '{ orderNumber: string | undefined; customerName: string | undefined; orderDate: string | undefined; status: string | undefined; lines: never[]; }' is not assignable to type 'GroupedOrderLine' with 'exactOptionalPropertyTypes: true'. Consider adding 'undefined' to the types of the target's properties.
  Types of property 'orderNumber' are incompatible.
    Type 'string | undefined' is not assignable to type 'string'.
      Type 'undefined' is not assignable to type 'string'.
src/features/orders/utils/groupOrders.ts(97,5): error TS2532: Object is possibly 'undefined'.
src/features/reports/components/MonthlyReportPage.tsx(152,28): error TS2532: Object is possibly 'undefined'.
src/features/reports/components/MonthlyReportPage.tsx(158,30): error TS2532: Object is possibly 'undefined'.
src/features/rpa/components/ConfigDialog.tsx(34,46): error TS2339: Property 'config_value' does not exist on type '{}'.
src/features/rpa/components/ConfigDialog.tsx(38,46): error TS2339: Property 'config_value' does not exist on type '{}'.
src/features/rpa/components/RpaSettingsModal.tsx(60,66): error TS2339: Property 'config_value' does not exist on type '{}'.
src/features/rpa/components/RpaSettingsModal.tsx(61,78): error TS2339: Property 'config_value' does not exist on type '{}'.
src/features/rpa/components/RpaSettingsModal.tsx(62,66): error TS2339: Property 'config_value' does not exist on type '{}'.
src/features/rpa/components/RpaSettingsModal.tsx(63,78): error TS2339: Property 'config_value' does not exist on type '{}'.
src/features/rpa/hooks.ts(70,19): error TS2769: No overload matches this call.
  Overload 1 of 3, '(options: DefinedInitialDataOptions<unknown, Error, unknown, string[]>, queryClient?: QueryClient | undefined): DefinedUseQueryResult<unknown, Error>', gave the following error.
    Argument of type '{ queryKey: string[]; queryFn: () => Promise<CloudFlowConfigResponse>; enabled: boolean | undefined; }' is not assignable to parameter of type 'DefinedInitialDataOptions<unknown, Error, unknown, string[]>' with 'exactOptionalPropertyTypes: true'. Consider adding 'undefined' to the types of the target's properties.
      Type '{ queryKey: string[]; queryFn: () => Promise<CloudFlowConfigResponse>; enabled: boolean | undefined; }' is not assignable to type 'Omit<UseQueryOptions<unknown, Error, unknown, string[]>, "queryFn">' with 'exactOptionalPropertyTypes: true'. Consider adding 'undefined' to the types of the target's properties.
        Types of property 'enabled' are incompatible.
          Type 'boolean | undefined' is not assignable to type 'Enabled<unknown, Error, unknown, string[]>'.
            Type 'undefined' is not assignable to type 'Enabled<unknown, Error, unknown, string[]>'.
  Overload 2 of 3, '(options: UndefinedInitialDataOptions<CloudFlowConfigResponse, Error, CloudFlowConfigResponse, string[]>, queryClient?: QueryClient | undefined): UseQueryResult<...>', gave the following error.
    Argument of type '{ queryKey: string[]; queryFn: () => Promise<CloudFlowConfigResponse>; enabled: boolean | undefined; }' is not assignable to parameter of type 'UndefinedInitialDataOptions<CloudFlowConfigResponse, Error, CloudFlowConfigResponse, string[]>' with 'exactOptionalPropertyTypes: true'. Consider adding 'undefined' to the types of the target's properties.
      Type '{ queryKey: string[]; queryFn: () => Promise<CloudFlowConfigResponse>; enabled: boolean | undefined; }' is not assignable to type 'UseQueryOptions<CloudFlowConfigResponse, Error, CloudFlowConfigResponse, string[]>' with 'exactOptionalPropertyTypes: true'. Consider adding 'undefined' to the types of the target's properties.
        Types of property 'enabled' are incompatible.
          Type 'boolean | undefined' is not assignable to type 'Enabled<CloudFlowConfigResponse, Error, CloudFlowConfigResponse, string[]>'.
            Type 'undefined' is not assignable to type 'Enabled<CloudFlowConfigResponse, Error, CloudFlowConfigResponse, string[]>'.
  Overload 3 of 3, '(options: UseQueryOptions<CloudFlowConfigResponse, Error, CloudFlowConfigResponse, string[]>, queryClient?: QueryClient | undefined): UseQueryResult<...>', gave the following error.
    Argument of type '{ queryKey: string[]; queryFn: () => Promise<CloudFlowConfigResponse>; enabled: boolean | undefined; }' is not assignable to parameter of type 'UseQueryOptions<CloudFlowConfigResponse, Error, CloudFlowConfigResponse, string[]>' with 'exactOptionalPropertyTypes: true'. Consider adding 'undefined' to the types of the target's properties.
      Types of property 'enabled' are incompatible.
        Type 'boolean | undefined' is not assignable to type 'Enabled<CloudFlowConfigResponse, Error, CloudFlowConfigResponse, string[]>'.
          Type 'undefined' is not assignable to type 'Enabled<CloudFlowConfigResponse, Error, CloudFlowConfigResponse, string[]>'.
src/features/rpa/hooks.ts(78,19): error TS2769: No overload matches this call.
  Overload 1 of 3, '(options: DefinedInitialDataOptions<unknown, Error, unknown, string[]>, queryClient?: QueryClient | undefined): DefinedUseQueryResult<unknown, Error>', gave the following error.
    Argument of type '{ queryKey: string[]; queryFn: () => Promise<CloudFlowConfigResponse | null>; enabled: boolean | undefined; }' is not assignable to parameter of type 'DefinedInitialDataOptions<unknown, Error, unknown, string[]>' with 'exactOptionalPropertyTypes: true'. Consider adding 'undefined' to the types of the target's properties.
      Type '{ queryKey: string[]; queryFn: () => Promise<CloudFlowConfigResponse | null>; enabled: boolean | undefined; }' is not assignable to type 'Omit<UseQueryOptions<unknown, Error, unknown, string[]>, "queryFn">' with 'exactOptionalPropertyTypes: true'. Consider adding 'undefined' to the types of the target's properties.
        Types of property 'enabled' are incompatible.
          Type 'boolean | undefined' is not assignable to type 'Enabled<unknown, Error, unknown, string[]>'.
            Type 'undefined' is not assignable to type 'Enabled<unknown, Error, unknown, string[]>'.
  Overload 2 of 3, '(options: UndefinedInitialDataOptions<CloudFlowConfigResponse | null, Error, CloudFlowConfigResponse | null, string[]>, queryClient?: QueryClient | undefined): UseQueryResult<...>', gave the following error.
    Argument of type '{ queryKey: string[]; queryFn: () => Promise<CloudFlowConfigResponse | null>; enabled: boolean | undefined; }' is not assignable to parameter of type 'UndefinedInitialDataOptions<CloudFlowConfigResponse | null, Error, CloudFlowConfigResponse | null, string[]>' with 'exactOptionalPropertyTypes: true'. Consider adding 'undefined' to the types of the target's properties.
      Type '{ queryKey: string[]; queryFn: () => Promise<CloudFlowConfigResponse | null>; enabled: boolean | undefined; }' is not assignable to type 'UseQueryOptions<CloudFlowConfigResponse | null, Error, CloudFlowConfigResponse | null, string[]>' with 'exactOptionalPropertyTypes: true'. Consider adding 'undefined' to the types of the target's properties.
        Types of property 'enabled' are incompatible.
          Type 'boolean | undefined' is not assignable to type 'Enabled<CloudFlowConfigResponse | null, Error, CloudFlowConfigResponse | null, string[]>'.
            Type 'undefined' is not assignable to type 'Enabled<CloudFlowConfigResponse | null, Error, CloudFlowConfigResponse | null, string[]>'.
  Overload 3 of 3, '(options: UseQueryOptions<CloudFlowConfigResponse | null, Error, CloudFlowConfigResponse | null, string[]>, queryClient?: QueryClient | undefined): UseQueryResult<...>', gave the following error.
    Argument of type '{ queryKey: string[]; queryFn: () => Promise<CloudFlowConfigResponse | null>; enabled: boolean | undefined; }' is not assignable to parameter of type 'UseQueryOptions<CloudFlowConfigResponse | null, Error, CloudFlowConfigResponse | null, string[]>' with 'exactOptionalPropertyTypes: true'. Consider adding 'undefined' to the types of the target's properties.
      Types of property 'enabled' are incompatible.
        Type 'boolean | undefined' is not assignable to type 'Enabled<CloudFlowConfigResponse | null, Error, CloudFlowConfigResponse | null, string[]>'.
          Type 'undefined' is not assignable to type 'Enabled<CloudFlowConfigResponse | null, Error, CloudFlowConfigResponse | null, string[]>'.
src/features/rpa/material-delivery-note/components/MaterialDeliveryRunProgress.tsx(145,14): error TS2375: Type '{ status: string | undefined; runState: { isSucceeded: boolean; isFailed: boolean; isRunning: boolean; }; }' is not assignable to type '{ status?: string; runState: { isSucceeded: boolean; isFailed: boolean; isRunning: boolean; }; }' with 'exactOptionalPropertyTypes: true'. Consider adding 'undefined' to the types of the target's properties.
  Types of property 'status' are incompatible.
    Type 'string | undefined' is not assignable to type 'string'.
      Type 'undefined' is not assignable to type 'string'.
src/features/rpa/material-delivery-note/pages/RunDetailPage.tsx(253,12): error TS2375: Type '{ value: number; indicatorClassName: string | undefined; }' is not assignable to type '{ indicatorClassName?: string; }' with 'exactOptionalPropertyTypes: true'. Consider adding 'undefined' to the types of the target's properties.
  Types of property 'indicatorClassName' are incompatible.
    Type 'string | undefined' is not assignable to type 'string'.
      Type 'undefined' is not assignable to type 'string'.
src/features/rpa/material-delivery-note/state.ts(137,3): error TS2769: No overload matches this call.
  Overload 1 of 2, '(key: string, initialValue: Step2Filters, storage: AsyncStorage<Step2Filters>, options?: { getOnInit?: boolean; } | undefined): WritableAtom<...>', gave the following error.
    Argument of type '{ issueOnly: false; search: string; layerCode: undefined; }' is not assignable to parameter of type 'Step2Filters' with 'exactOptionalPropertyTypes: true'. Consider adding 'undefined' to the types of the target's properties.
      Types of property 'layerCode' are incompatible.
        Type 'undefined' is not assignable to type 'string'.
  Overload 2 of 2, '(key: string, initialValue: Step2Filters, storage?: SyncStorage<Step2Filters> | undefined, options?: { getOnInit?: boolean; } | undefined): WritableAtom<...>', gave the following error.
    Argument of type '{ issueOnly: false; search: string; layerCode: undefined; }' is not assignable to parameter of type 'Step2Filters' with 'exactOptionalPropertyTypes: true'. Consider adding 'undefined' to the types of the target's properties.
      Types of property 'layerCode' are incompatible.
        Type 'undefined' is not assignable to type 'string'.
src/features/rpa/material-delivery-note/state.ts(225,18): error TS2339: Property 'issueOnly' does not exist on type 'Step2Filters | Promise<Step2Filters>'.
  Property 'issueOnly' does not exist on type 'Promise<Step2Filters>'.
src/features/rpa/material-delivery-note/state.ts(225,41): error TS2339: Property 'search' does not exist on type 'Step2Filters | Promise<Step2Filters>'.
  Property 'search' does not exist on type 'Promise<Step2Filters>'.
src/features/rpa/material-delivery-note/state.ts(225,61): error TS2339: Property 'layerCode' does not exist on type 'Step2Filters | Promise<Step2Filters>'.
  Property 'layerCode' does not exist on type 'Promise<Step2Filters>'.
src/features/rpa/material-delivery-note/utils/grouping.ts(152,82): error TS18048: 'groupItems' is possibly 'undefined'.
src/features/rpa/material-delivery-note/utils/grouping.ts(153,31): error TS2345: Argument of type 'RpaRunItem[] | undefined' is not assignable to parameter of type 'RpaRunItem[]'.
  Type 'undefined' is not assignable to type 'RpaRunItem[]'.
src/features/rpa/material-delivery-note/utils/run-steps.ts(39,55): error TS2532: Object is possibly 'undefined'.
src/features/rpa/smartread/components/SmartReadCsvTable.tsx(28,49): error TS2769: No overload matches this call.
  Overload 1 of 2, '(o: {}): string[]', gave the following error.
    Argument of type 'Record<string, unknown> | undefined' is not assignable to parameter of type '{}'.
      Type 'undefined' is not assignable to type '{}'.
  Overload 2 of 2, '(o: object): string[]', gave the following error.
    Argument of type 'Record<string, unknown> | undefined' is not assignable to parameter of type 'object'.
      Type 'undefined' is not assignable to type 'object'.
src/features/rpa/smartread/components/SmartReadManagedTaskList.tsx(194,14): error TS2375: Type '{ tasks: SmartReadTaskDetail[]; onToggleSkipToday: (taskId: string, currentValue: boolean) => Promise<void>; updatingTaskId: string | null; selectedTaskId: string | ... 1 more ... | undefined; onSelectTask: ((taskId: string) => void) | undefined; }' is not assignable to type 'TaskTableProps' with 'exactOptionalPropertyTypes: true'. Consider adding 'undefined' to the types of the target's properties.
  Types of property 'selectedTaskId' are incompatible.
    Type 'string | null | undefined' is not assignable to type 'string | null'.
      Type 'undefined' is not assignable to type 'string | null'.
src/features/rpa/smartread/components/SmartReadSavedDataList.tsx(75,19): error TS2532: Object is possibly 'undefined'.
src/features/rpa/smartread/components/SmartReadSettingsModal.test.tsx(55,48): error TS2769: No overload matches this call.
  The last overload gave the following error.
    Argument of type '{ onValueChange: ((value: string) => void) | undefined; value: string | undefined; }' is not assignable to parameter of type 'Partial<SelectTriggerProps> & Attributes' with 'exactOptionalPropertyTypes: true'. Consider adding 'undefined' to the types of the target's properties.
      Type '{ onValueChange: ((value: string) => void) | undefined; value: string | undefined; }' is not assignable to type 'Partial<SelectTriggerProps>' with 'exactOptionalPropertyTypes: true'. Consider adding 'undefined' to the types of the target's properties.
        Types of property 'value' are incompatible.
          Type 'string | undefined' is not assignable to type 'string | (readonly string[] & string)'.
            Type 'undefined' is not assignable to type 'string | (readonly string[] & string)'.
src/features/rpa/smartread/components/SmartReadSettingsModal.test.tsx(160,21): error TS2345: Argument of type 'HTMLButtonElement | undefined' is not assignable to parameter of type 'Element | Node | Document | Window'.
  Type 'undefined' is not assignable to type 'Element | Node | Document | Window'.
src/features/rpa/smartread/components/SmartReadSettingsModal.tsx(164,9): error TS2375: Type '{ template_ids: string | null; aggregation_type: string | null; watch_dir: string | null; export_dir: string | null; input_exts: string | null; description: string | null; name: string; ... 4 more ...; api_key?: string | undefined; }' is not assignable to type 'SmartReadConfigUpdate' with 'exactOptionalPropertyTypes: true'. Consider adding 'undefined' to the types of the target's properties.
  Types of property 'api_key' are incompatible.
    Type 'string | undefined' is not assignable to type 'string'.
      Type 'undefined' is not assignable to type 'string'.
src/features/rpa/smartread/db/export-cache.ts(176,13): error TS2375: Type '{ id: string; config_id: number; task_id: string; export_id: string; wide_data: SmartReadRow[]; long_data: SmartReadRow[]; errors: TransformError[]; ... 4 more ...; saved_to_db: boolean; }' is not assignable to type 'CachedExport' with 'exactOptionalPropertyTypes: true'. Consider adding 'undefined' to the types of the target's properties.
  Types of property 'task_date' are incompatible.
    Type 'string | undefined' is not assignable to type 'string'.
      Type 'undefined' is not assignable to type 'string'.
src/features/rpa/smartread/hooks/download-helpers.ts(28,31): error TS2769: No overload matches this call.
  Overload 1 of 2, '(o: {}): string[]', gave the following error.
    Argument of type 'Record<string, unknown> | undefined' is not assignable to parameter of type '{}'.
      Type 'undefined' is not assignable to type '{}'.
  Overload 2 of 2, '(o: object): string[]', gave the following error.
    Argument of type 'Record<string, unknown> | undefined' is not assignable to parameter of type 'object'.
      Type 'undefined' is not assignable to type 'object'.
src/features/rpa/smartread/hooks/export-hooks.ts(129,49): error TS2379: Argument of type '{ configId: number; taskId: string; exportId: string; saveToDb: boolean; taskDate: string | undefined; }' is not assignable to parameter of type '{ configId: number; taskId: string; exportId: string; saveToDb?: boolean; taskDate?: string; }' with 'exactOptionalPropertyTypes: true'. Consider adding 'undefined' to the types of the target's properties.
  Types of property 'taskDate' are incompatible.
    Type 'string | undefined' is not assignable to type 'string'.
      Type 'undefined' is not assignable to type 'string'.
src/features/rpa/smartread/hooks/export-hooks.ts(146,31): error TS2379: Argument of type '{ config_id: number; task_id: string; export_id: string; wide_data: Record<string, unknown>[]; long_data: SmartReadRow[]; errors: ValidationError[]; filename: string | null; task_date: string | undefined; saved_to_db: boolean; }' is not assignable to parameter of type '{ config_id: number; task_id: string; export_id: string; wide_data: SmartReadRow[]; long_data: SmartReadRow[]; errors: TransformError[]; filename: string | null; task_date?: string; data_version?: number; saved_to_db?: boolean; }' with 'exactOptionalPropertyTypes: true'. Consider adding 'undefined' to the types of the target's properties.
  Types of property 'task_date' are incompatible.
    Type 'string | undefined' is not assignable to type 'string'.
      Type 'undefined' is not assignable to type 'string'.
src/features/rpa/smartread/hooks/sync-hooks.ts(136,27): error TS2379: Argument of type '{ config_id: number; task_id: string; export_id: string; wide_data: Record<string, unknown>[]; long_data: Record<string, unknown>[]; errors: SmartReadValidationError[]; filename: string | null; task_date: string | undefined; data_version: number | undefined; saved_to_db: true; }' is not assignable to parameter of type '{ config_id: number; task_id: string; export_id: string; wide_data: SmartReadRow[]; long_data: SmartReadRow[]; errors: TransformError[]; filename: string | null; task_date?: string; data_version?: number; saved_to_db?: boolean; }' with 'exactOptionalPropertyTypes: true'. Consider adding 'undefined' to the types of the target's properties.
  Types of property 'task_date' are incompatible.
    Type 'string | undefined' is not assignable to type 'string'.
      Type 'undefined' is not assignable to type 'string'.
src/features/rpa/smartread/hooks/sync-hooks.ts(237,13): error TS2375: Type '{ wide_data: never[]; long_data: never[]; errors: never[]; filename: null; data_version: null; source: "server"; state: "PENDING"; message: string; requests_status: { total: number; completed: number; running: number; failed: number; } | undefined; }' is not assignable to type 'SyncResult' with 'exactOptionalPropertyTypes: true'. Consider adding 'undefined' to the types of the target's properties.
  Types of property 'requests_status' are incompatible.
    Type '{ total: number; completed: number; running: number; failed: number; } | undefined' is not assignable to type '{ total: number; completed: number; running: number; failed: number; }'.
      Type 'undefined' is not assignable to type '{ total: number; completed: number; running: number; failed: number; }'.
src/features/rpa/smartread/hooks/useResultDataLoader.ts(57,7): error TS2375: Type '{ wideData: SmartReadRow[]; longData: SmartReadRow[]; errors: TransformError[]; filename: string | null; dataVersion: number | null; taskDate: string | undefined; cacheId: string; savedToDb: boolean; }' is not assignable to type 'LoadDataResult' with 'exactOptionalPropertyTypes: true'. Consider adding 'undefined' to the types of the target's properties.
  Types of property 'taskDate' are incompatible.
    Type 'string | undefined' is not assignable to type 'string'.
      Type 'undefined' is not assignable to type 'string'.
src/features/rpa/smartread/hooks/useResultDataLoader.ts(96,7): error TS2322: Type 'string | undefined' is not assignable to type 'string'.
  Type 'undefined' is not assignable to type 'string'.
src/features/rpa/smartread/hooks/useResultDataLoader.ts(144,38): error TS2379: Argument of type '{ configId: number; taskId: string; wideData: Record<string, unknown>[]; longData: Record<string, unknown>[]; filename: string | null; taskDate: string | undefined; dataVersion: number | null; cacheId: string; }' is not assignable to parameter of type '{ configId: number; taskId: string; wideData: Record<string, unknown>[]; longData: Record<string, unknown>[]; filename: string | null; taskDate?: string; dataVersion: number | null; cacheId: string; }' with 'exactOptionalPropertyTypes: true'. Consider adding 'undefined' to the types of the target's properties.
  Types of property 'taskDate' are incompatible.
    Type 'string | undefined' is not assignable to type 'string'.
      Type 'undefined' is not assignable to type 'string'.
src/features/rpa/smartread/hooks/useTransformToLong.ts(64,5): error TS2322: Type 'string | undefined' is not assignable to type 'string'.
  Type 'undefined' is not assignable to type 'string'.
src/features/rpa/smartread/pages/SmartReadPage.tsx(154,45): error TS2345: Argument of type 'string | undefined' is not assignable to parameter of type 'string'.
  Type 'undefined' is not assignable to type 'string'.
src/features/rpa/smartread/pages/SmartReadPage.tsx(196,17): error TS2532: Object is possibly 'undefined'.
src/features/rpa/smartread/state.ts(145,3): error TS2769: No overload matches this call.
  Overload 1 of 2, '(key: string, initialValue: SmartReadTaskFilters, storage: AsyncStorage<SmartReadTaskFilters>, options?: { getOnInit?: boolean; } | undefined): WritableAtom<...>', gave the following error.
    Argument of type '{ state: undefined; excludeSkipped: false; dateFrom: undefined; dateTo: undefined; }' is not assignable to parameter of type 'SmartReadTaskFilters' with 'exactOptionalPropertyTypes: true'. Consider adding 'undefined' to the types of the target's properties.
      Types of property 'state' are incompatible.
        Type 'undefined' is not assignable to type 'string'.
  Overload 2 of 2, '(key: string, initialValue: SmartReadTaskFilters, storage?: SyncStorage<SmartReadTaskFilters> | undefined, options?: { ...; } | undefined): WritableAtom<...>', gave the following error.
    Argument of type '{ state: undefined; excludeSkipped: false; dateFrom: undefined; dateTo: undefined; }' is not assignable to parameter of type 'SmartReadTaskFilters' with 'exactOptionalPropertyTypes: true'. Consider adding 'undefined' to the types of the target's properties.
      Types of property 'state' are incompatible.
        Type 'undefined' is not assignable to type 'string'.
src/features/rpa/smartread/utils/column-order.ts(40,7): error TS2322: Type 'string | undefined' is not assignable to type 'string'.
  Type 'undefined' is not assignable to type 'string'.
src/features/rpa/smartread/utils/column-order.ts(41,26): error TS2345: Argument of type 'string | undefined' is not assignable to parameter of type 'string'.
  Type 'undefined' is not assignable to type 'string'.
src/features/rpa/smartread/utils/column-order.ts(41,55): error TS2345: Argument of type 'string | undefined' is not assignable to parameter of type 'string'.
  Type 'undefined' is not assignable to type 'string'.
src/features/rpa/smartread/utils/column-order.ts(49,7): error TS2322: Type 'string | undefined' is not assignable to type 'string'.
  Type 'undefined' is not assignable to type 'string'.
src/features/rpa/smartread/utils/column-order.ts(50,26): error TS2345: Argument of type 'string | undefined' is not assignable to parameter of type 'string'.
  Type 'undefined' is not assignable to type 'string'.
src/features/rpa/smartread/utils/csv-transformer.test.ts(18,14): error TS2532: Object is possibly 'undefined'.
src/features/rpa/smartread/utils/csv-transformer.test.ts(26,14): error TS2532: Object is possibly 'undefined'.
src/features/rpa/smartread/utils/csv-transformer.test.ts(74,14): error TS2532: Object is possibly 'undefined'.
src/features/rpa/smartread/utils/csv-transformer.test.ts(115,14): error TS2532: Object is possibly 'undefined'.
src/features/rpa/smartread/utils/csv-transformer.test.ts(116,14): error TS2532: Object is possibly 'undefined'.
src/features/rpa/smartread/utils/csv-transformer.test.ts(143,14): error TS2532: Object is possibly 'undefined'.
src/features/rpa/smartread/utils/csv-transformer.test.ts(158,14): error TS2532: Object is possibly 'undefined'.
src/features/rpa/smartread/utils/csv-transformer.test.ts(172,14): error TS2532: Object is possibly 'undefined'.
src/features/rpa/smartread/utils/csv-transformer.test.ts(173,14): error TS2532: Object is possibly 'undefined'.
src/features/rpa/smartread/utils/csv-transformer.ts(61,52): error TS2769: No overload matches this call.
  Overload 1 of 2, '(o: {}): string[]', gave the following error.
    Argument of type 'SmartReadRow | undefined' is not assignable to parameter of type '{}'.
      Type 'undefined' is not assignable to type '{}'.
  Overload 2 of 2, '(o: object): string[]', gave the following error.
    Argument of type 'SmartReadRow | undefined' is not assignable to parameter of type 'object'.
      Type 'undefined' is not assignable to type 'object'.
src/features/rpa/smartread/utils/csv-transformer.ts(71,45): error TS2345: Argument of type 'SmartReadRow | undefined' is not assignable to parameter of type 'SmartReadRow'.
  Type 'undefined' is not assignable to type 'SmartReadRow'.
src/features/rpa/smartread/utils/csv-transformer.ts(79,43): error TS2345: Argument of type 'SmartReadRow | undefined' is not assignable to parameter of type 'SmartReadRow'.
  Type 'undefined' is not assignable to type 'SmartReadRow'.
src/features/rpa/smartread/utils/csv-transformer.ts(85,45): error TS2345: Argument of type 'SmartReadRow | undefined' is not assignable to parameter of type 'SmartReadRow'.
  Type 'undefined' is not assignable to type 'SmartReadRow'.
src/features/rpa/smartread/utils/csv-transformer.ts(90,69): error TS2345: Argument of type 'SmartReadRow | undefined' is not assignable to parameter of type 'SmartReadRow'.
  Type 'undefined' is not assignable to type 'SmartReadRow'.
src/features/rpa/smartread/utils/csv-transformer.ts(407,27): error TS2345: Argument of type 'string | undefined' is not assignable to parameter of type 'string'.
  Type 'undefined' is not assignable to type 'string'.
src/features/rpa/smartread/utils/csv-transformer.ts(408,41): error TS2345: Argument of type 'string | undefined' is not assignable to parameter of type 'string'.
  Type 'undefined' is not assignable to type 'string'.
src/features/rpa/smartread/utils/csv-transformer.ts(409,39): error TS2345: Argument of type 'string | undefined' is not assignable to parameter of type 'string'.
  Type 'undefined' is not assignable to type 'string'.
src/features/sap-integration/components/DataFetchTab.tsx(74,19): error TS2379: Argument of type '{ connection_id: number | null; kunnr: string | undefined; zkdmat_b_search: string | undefined; page: number; page_size: number; }' is not assignable to parameter of type '{ connection_id?: number | null; kunnr?: string | null; zkdmat_b_search?: string | null; page?: number; page_size?: number; }' with 'exactOptionalPropertyTypes: true'. Consider adding 'undefined' to the types of the target's properties.
  Types of property 'kunnr' are incompatible.
    Type 'string | undefined' is not assignable to type 'string | null'.
      Type 'undefined' is not assignable to type 'string | null'.
src/features/sap-integration/components/DataFetchTab.tsx(115,26): error TS2379: Argument of type '{ connection_id: number | null; kunnr_f: string | undefined; kunnr_t: string | undefined; }' is not assignable to parameter of type 'SapMaterialFetchRequest' with 'exactOptionalPropertyTypes: true'. Consider adding 'undefined' to the types of the target's properties.
  Types of property 'kunnr_f' are incompatible.
    Type 'string | undefined' is not assignable to type 'string | null'.
      Type 'undefined' is not assignable to type 'string | null'.
src/features/sap-integration/components/DataFetchTab.tsx(124,28): error TS2379: Argument of type '{ connection_id: number | null; kunnr: string | undefined; }' is not assignable to parameter of type '{ connection_id?: number | null; kunnr?: string | null; }' with 'exactOptionalPropertyTypes: true'. Consider adding 'undefined' to the types of the target's properties.
  Types of property 'kunnr' are incompatible.
    Type 'string | undefined' is not assignable to type 'string | null'.
      Type 'undefined' is not assignable to type 'string | null'.
src/features/shipping-master/components/ShippingMasterEditDialog.tsx(165,22): error TS2345: Argument of type 'string | undefined' is not assignable to parameter of type 'string'.
  Type 'undefined' is not assignable to type 'string'.
src/features/shipping-master/components/ShippingMasterTable.tsx(33,47): error TS2379: Argument of type '{ onEdit: ((row: ShippingMasterCurated) => void) | undefined; onDelete: ((row: ShippingMasterCurated) => void) | undefined; }' is not assignable to parameter of type 'ShippingMasterColumnsOptions' with 'exactOptionalPropertyTypes: true'. Consider adding 'undefined' to the types of the target's properties.
  Types of property 'onEdit' are incompatible.
    Type '((row: { customer_code: string; material_code: string; jiku_code: string; jiku_match_pattern?: string | null; warehouse_code?: string | null; customer_name?: string | null; delivery_note_product_name?: string | null; ... 22 more ...; version: number; }) => void) | undefined' is not assignable to type '(row: { customer_code: string; material_code: string; jiku_code: string; jiku_match_pattern?: string | null; warehouse_code?: string | null; customer_name?: string | null; delivery_note_product_name?: string | null; ... 22 more ...; version: number; }) => void'.
      Type 'undefined' is not assignable to type '(row: { customer_code: string; material_code: string; jiku_code: string; jiku_match_pattern?: string | null; warehouse_code?: string | null; customer_name?: string | null; delivery_note_product_name?: string | null; ... 22 more ...; version: number; }) => void'.
src/features/shipping-master/components/ShippingMasterTable.tsx(36,6): error TS2375: Type '{ data: { customer_code: string; material_code: string; jiku_code: string; jiku_match_pattern?: string | null; warehouse_code?: string | null; customer_name?: string | null; delivery_note_product_name?: string | null; ... 22 more ...; version: number; }[]; columns: Column<...>[]; isLoading: boolean | undefined; empt...' is not assignable to type 'DataTableProps<{ customer_code: string; material_code: string; jiku_code: string; jiku_match_pattern?: string | null; warehouse_code?: string | null; customer_name?: string | null; delivery_note_product_name?: string | null; ... 22 more ...; version: number; }>' with 'exactOptionalPropertyTypes: true'. Consider adding 'undefined' to the types of the target's properties.
  Types of property 'isLoading' are incompatible.
    Type 'boolean | undefined' is not assignable to type 'boolean'.
      Type 'undefined' is not assignable to type 'boolean'.
src/features/shipping-master/pages/ShippingMasterListPage.tsx(41,30): error TS2379: Argument of type '{ customer_code: string | undefined; material_code: string | undefined; jiku_code: string | undefined; }' is not assignable to parameter of type 'ShippingMasterListParams' with 'exactOptionalPropertyTypes: true'. Consider adding 'undefined' to the types of the target's properties.
  Types of property 'customer_code' are incompatible.
    Type 'string | undefined' is not assignable to type 'string'.
      Type 'undefined' is not assignable to type 'string'.
src/features/supplier-products/components/SupplierProductForm.tsx(97,16): error TS2375: Type '{ children: Element[]; value: string | undefined; onValueChange: (v: string) => void; disabled: boolean; }' is not assignable to type '{ value?: string; defaultValue?: string; onValueChange?(value: string): void; }' with 'exactOptionalPropertyTypes: true'. Consider adding 'undefined' to the types of the target's properties.
  Types of property 'value' are incompatible.
    Type 'string | undefined' is not assignable to type 'string'.
      Type 'undefined' is not assignable to type 'string'.
src/features/supplier-products/components/SupplierProductsTable.tsx(27,21): error TS18048: 'today' is possibly 'undefined'.
src/features/supplier-products/hooks/useSupplierProductsPageState.ts(189,9): error TS2379: Argument of type '{ id: number; version: number; endDate: string | undefined; }' is not assignable to parameter of type '{ id: string | number; version: number; endDate?: string; }' with 'exactOptionalPropertyTypes: true'. Consider adding 'undefined' to the types of the target's properties.
  Types of property 'endDate' are incompatible.
    Type 'string | undefined' is not assignable to type 'string'.
      Type 'undefined' is not assignable to type 'string'.
src/features/supplier-products/utils/supplier-product-csv.ts(33,18): error TS2532: Object is possibly 'undefined'.
src/features/supplier-products/utils/supplier-product-csv.ts(65,35): error TS2345: Argument of type 'string | undefined' is not assignable to parameter of type 'string'.
  Type 'undefined' is not assignable to type 'string'.
src/features/supplier-products/utils/supplier-product-csv.ts(75,5): error TS2375: Type '{ OPERATION: BulkOperationType; supplier_code: string; supplier_name: string; maker_part_no: string; display_name: string; base_unit: string; lead_time_days: number | undefined; notes: string | undefined; _rowNumber: number; }' is not assignable to type 'SupplierProductBulkRow' with 'exactOptionalPropertyTypes: true'. Consider adding 'undefined' to the types of the target's properties.
  Types of property 'lead_time_days' are incompatible.
    Type 'number | undefined' is not assignable to type 'number'.
      Type 'undefined' is not assignable to type 'number'.
src/features/supplier-products/utils/supplier-product-csv.ts(77,22): error TS18048: 'supplier_code' is possibly 'undefined'.
src/features/supplier-products/utils/supplier-product-csv.ts(78,22): error TS18048: 'supplier_name' is possibly 'undefined'.
src/features/supplier-products/utils/supplier-product-csv.ts(79,22): error TS18048: 'maker_part_no' is possibly 'undefined'.
src/features/supplier-products/utils/supplier-product-csv.ts(80,21): error TS18048: 'display_name' is possibly 'undefined'.
src/features/supplier-products/utils/supplier-product-csv.ts(81,18): error TS18048: 'base_unit' is possibly 'undefined'.
src/features/suppliers/components/SupplierDetailDialog.tsx(96,11): error TS2379: Argument of type '{ id: string; version: number; endDate: string | undefined; }' is not assignable to parameter of type '{ id: string | number; version: number; endDate?: string; }' with 'exactOptionalPropertyTypes: true'. Consider adding 'undefined' to the types of the target's properties.
  Types of property 'endDate' are incompatible.
    Type 'string | undefined' is not assignable to type 'string'.
      Type 'undefined' is not assignable to type 'string'.
src/features/suppliers/components/SupplierForm.tsx(89,8): error TS2375: Type '{ id: "supplier_code"; label: string; placeholder: string; required: true; register: UseFormRegister<{ supplier_code: string; supplier_name: string; short_name?: string | undefined; }>; error: string | undefined; }' is not assignable to type 'SupplierInputFieldProps' with 'exactOptionalPropertyTypes: true'. Consider adding 'undefined' to the types of the target's properties.
  Types of property 'error' are incompatible.
    Type 'string | undefined' is not assignable to type 'string'.
      Type 'undefined' is not assignable to type 'string'.
src/features/suppliers/components/SupplierForm.tsx(98,8): error TS2375: Type '{ id: "supplier_name"; label: string; placeholder: string; required: true; register: UseFormRegister<{ supplier_code: string; supplier_name: string; short_name?: string | undefined; }>; error: string | undefined; }' is not assignable to type 'SupplierInputFieldProps' with 'exactOptionalPropertyTypes: true'. Consider adding 'undefined' to the types of the target's properties.
  Types of property 'error' are incompatible.
    Type 'string | undefined' is not assignable to type 'string'.
      Type 'undefined' is not assignable to type 'string'.
src/features/suppliers/components/SupplierForm.tsx(107,8): error TS2375: Type '{ id: "short_name"; label: string; placeholder: string; register: UseFormRegister<{ supplier_code: string; supplier_name: string; short_name?: string | undefined; }>; error: string | undefined; }' is not assignable to type 'SupplierInputFieldProps' with 'exactOptionalPropertyTypes: true'. Consider adding 'undefined' to the types of the target's properties.
  Types of property 'error' are incompatible.
    Type 'string | undefined' is not assignable to type 'string'.
      Type 'undefined' is not assignable to type 'string'.
src/features/suppliers/components/SupplierTableColumns.tsx(14,21): error TS18048: 'today' is possibly 'undefined'.
src/features/uom-conversions/components/UomConversionsTable.tsx(17,21): error TS18048: 'today' is possibly 'undefined'.
src/features/uom-conversions/hooks/useUomConversionsPageState.ts(161,9): error TS2379: Argument of type '{ id: number; version: number; endDate: string | undefined; }' is not assignable to parameter of type '{ id: string | number; version: number; endDate?: string; }' with 'exactOptionalPropertyTypes: true'. Consider adding 'undefined' to the types of the target's properties.
  Types of property 'endDate' are incompatible.
    Type 'string | undefined' is not assignable to type 'string'.
      Type 'undefined' is not assignable to type 'string'.
src/features/uom-conversions/utils/uom-conversion-csv.ts(50,38): error TS2375: Type '{ error: string | undefined; }' is not assignable to type '{ row?: UomConversionBulkRow; error?: string; }' with 'exactOptionalPropertyTypes: true'. Consider adding 'undefined' to the types of the target's properties.
  Types of property 'error' are incompatible.
    Type 'string | undefined' is not assignable to type 'string'.
      Type 'undefined' is not assignable to type 'string'.
src/features/users/components/UserEditForm.tsx(56,11): error TS2375: Type '{ email: string; display_name: string; is_active: boolean; password: string | undefined; }' is not assignable to type 'UpdateUserRequest' with 'exactOptionalPropertyTypes: true'. Consider adding 'undefined' to the types of the target's properties.
  Types of property 'password' are incompatible.
    Type 'string | undefined' is not assignable to type 'string'.
      Type 'undefined' is not assignable to type 'string'.
src/features/users/pages/UsersListPage.tsx(41,56): error TS2379: Argument of type '{ is_active: boolean | undefined; }' is not assignable to parameter of type 'UsersListParams' with 'exactOptionalPropertyTypes: true'. Consider adding 'undefined' to the types of the target's properties.
  Types of property 'is_active' are incompatible.
    Type 'boolean | undefined' is not assignable to type 'boolean'.
      Type 'undefined' is not assignable to type 'boolean'.
src/features/warehouse-delivery-routes/pages/WarehouseDeliveryRoutesListPage.tsx(83,7): error TS18046: 'deliveryPlacesRaw' is of type 'unknown'.
src/features/warehouse-delivery-routes/pages/WarehouseDeliveryRoutesListPage.tsx(83,30): error TS7006: Parameter 'd' implicitly has an 'any' type.
src/features/warehouse-delivery-routes/pages/WarehouseDeliveryRoutesListPage.tsx(162,11): error TS2375: Type '{ transport_lead_time_days: number; is_active: boolean; notes: string | null | undefined; version: number; }' is not assignable to type '{ version: number; transport_lead_time_days?: number | null; is_active?: boolean | null; notes?: string | null; }' with 'exactOptionalPropertyTypes: true'. Consider adding 'undefined' to the types of the target's properties.
  Types of property 'notes' are incompatible.
    Type 'string | null | undefined' is not assignable to type 'string | null'.
      Type 'undefined' is not assignable to type 'string | null'.
src/features/warehouse-delivery-routes/pages/WarehouseDeliveryRoutesListPage.tsx(279,13): error TS2322: Type '(data: WarehouseDeliveryRouteCreate) => void' is not assignable to type '(data: { warehouse_id: number; delivery_place_id: number; transport_lead_time_days: number; is_active: boolean; supplier_item_id?: number | null | undefined; notes?: string | null | undefined; }) => void'.
  Types of parameters 'data' and 'data' are incompatible.
    Type '{ warehouse_id: number; delivery_place_id: number; transport_lead_time_days: number; is_active: boolean; supplier_item_id?: number | null | undefined; notes?: string | null | undefined; }' is not assignable to type '{ warehouse_id: number; delivery_place_id: number; supplier_item_id?: number | null; transport_lead_time_days: number; is_active: boolean; notes?: string | null; }' with 'exactOptionalPropertyTypes: true'. Consider adding 'undefined' to the types of the target's properties.
      Types of property 'supplier_item_id' are incompatible.
        Type 'number | null | undefined' is not assignable to type 'number | null'.
          Type 'undefined' is not assignable to type 'number | null'.
src/features/warehouse-delivery-routes/pages/WarehouseDeliveryRoutesListPage.tsx(297,15): error TS2322: Type '(data: WarehouseDeliveryRouteCreate) => void' is not assignable to type '(data: { warehouse_id: number; delivery_place_id: number; transport_lead_time_days: number; is_active: boolean; supplier_item_id?: number | null | undefined; notes?: string | null | undefined; }) => void'.
  Types of parameters 'data' and 'data' are incompatible.
    Type '{ warehouse_id: number; delivery_place_id: number; transport_lead_time_days: number; is_active: boolean; supplier_item_id?: number | null | undefined; notes?: string | null | undefined; }' is not assignable to type '{ warehouse_id: number; delivery_place_id: number; supplier_item_id?: number | null; transport_lead_time_days: number; is_active: boolean; notes?: string | null; }' with 'exactOptionalPropertyTypes: true'. Consider adding 'undefined' to the types of the target's properties.
      Types of property 'supplier_item_id' are incompatible.
        Type 'number | null | undefined' is not assignable to type 'number | null'.
          Type 'undefined' is not assignable to type 'number | null'.
src/features/warehouses/components/WarehouseDetailDialog.tsx(84,11): error TS2379: Argument of type '{ id: string; version: number; endDate: string | undefined; }' is not assignable to parameter of type '{ id: string | number; version: number; endDate?: string; }' with 'exactOptionalPropertyTypes: true'. Consider adding 'undefined' to the types of the target's properties.
  Types of property 'endDate' are incompatible.
    Type 'string | undefined' is not assignable to type 'string'.
      Type 'undefined' is not assignable to type 'string'.
src/features/warehouses/pages/columns.tsx(23,21): error TS18048: 'today' is possibly 'undefined'.
src/features/withdrawals/components/QuickMappingSetupDialog.tsx(142,60): error TS2532: Object is possibly 'undefined'.
src/features/withdrawals/components/QuickWithdrawalDialog.test.tsx(96,92): error TS2769: No overload matches this call.
  The last overload gave the following error.
    Argument of type '{ value: string | undefined; }' is not assignable to parameter of type 'Partial<SelectTriggerProps> & Attributes' with 'exactOptionalPropertyTypes: true'. Consider adding 'undefined' to the types of the target's properties.
      Type '{ value: string | undefined; }' is not assignable to type 'Partial<SelectTriggerProps>' with 'exactOptionalPropertyTypes: true'. Consider adding 'undefined' to the types of the target's properties.
        Types of property 'value' are incompatible.
          Type 'string | undefined' is not assignable to type 'string'.
            Type 'undefined' is not assignable to type 'string'.
src/features/withdrawals/components/QuickWithdrawalDialog.test.tsx(129,46): error TS2769: No overload matches this call.
  The last overload gave the following error.
    Argument of type '{ onSelect: ((value: string) => void) | undefined; }' is not assignable to parameter of type 'Partial<SelectItemProps> & Attributes' with 'exactOptionalPropertyTypes: true'. Consider adding 'undefined' to the types of the target's properties.
      Type '{ onSelect: ((value: string) => void) | undefined; }' is not assignable to type 'Partial<SelectItemProps>' with 'exactOptionalPropertyTypes: true'. Consider adding 'undefined' to the types of the target's properties.
        Types of property 'onSelect' are incompatible.
          Type '((value: string) => void) | undefined' is not assignable to type '(value: string) => void'.
            Type 'undefined' is not assignable to type '(value: string) => void'.
src/features/withdrawals/components/QuickWithdrawalDialog.tsx(80,5): error TS2322: Type 'string | undefined' is not assignable to type 'string'.
  Type 'undefined' is not assignable to type 'string'.
src/features/withdrawals/components/QuickWithdrawalDialog.tsx(100,7): error TS2322: Type 'string | undefined' is not assignable to type 'string'.
  Type 'undefined' is not assignable to type 'string'.
src/features/withdrawals/components/QuickWithdrawalDialog.tsx(290,13): error TS2375: Type '{ lot_id: number; quantity: number; withdrawal_type: "order_manual"; customer_id: number; delivery_place_id: number | undefined; ship_date: string | undefined; due_date: string; reason: string | undefined; reference_number: string | undefined; }' is not assignable to type 'WithdrawalCreateRequest' with 'exactOptionalPropertyTypes: true'. Consider adding 'undefined' to the types of the target's properties.
  Types of property 'delivery_place_id' are incompatible.
    Type 'number | undefined' is not assignable to type 'number'.
      Type 'undefined' is not assignable to type 'number'.
src/features/withdrawals/components/QuickWithdrawalDialog.tsx(433,56): error TS2345: Argument of type 'string | undefined' is not assignable to parameter of type 'string'.
  Type 'undefined' is not assignable to type 'string'.
src/features/withdrawals/components/WithdrawalCalendar.tsx(122,10): error TS2375: Type '{ day: Date; stat: DailyStat; warehouseName: string | undefined; }' is not assignable to type '{ day: Date; stat: DailyStat; warehouseName?: string; }' with 'exactOptionalPropertyTypes: true'. Consider adding 'undefined' to the types of the target's properties.
  Types of property 'warehouseName' are incompatible.
    Type 'string | undefined' is not assignable to type 'string'.
      Type 'undefined' is not assignable to type 'string'.
src/features/withdrawals/components/WithdrawalCalendar.tsx(388,16): error TS2375: Type '{ key: string; day: Date; stat: DailyStat | undefined; isCurrentMonth: boolean; isToday: boolean; isHovered: boolean; showWithdrawButton: boolean; warehouseName: string | undefined; onHover: Dispatch<...>; onDateClick: (date: Date) => void | undefined; }' is not assignable to type 'CalendarDayProps' with 'exactOptionalPropertyTypes: true'. Consider adding 'undefined' to the types of the target's properties.
  Types of property 'warehouseName' are incompatible.
    Type 'string | undefined' is not assignable to type 'string'.
      Type 'undefined' is not assignable to type 'string'.
src/features/withdrawals/components/WithdrawalForm.tsx(57,25): error TS2379: Argument of type '{ preselectedLot: LotUI | null | undefined; lots: LotUI[]; }' is not assignable to parameter of type 'UseWithdrawalFormProps' with 'exactOptionalPropertyTypes: true'. Consider adding 'undefined' to the types of the target's properties.
  Types of property 'preselectedLot' are incompatible.
    Type 'LotUI | null | undefined' is not assignable to type 'LotUI | null'.
      Type 'undefined' is not assignable to type 'LotUI | null'.
src/features/withdrawals/components/WithdrawalForm.tsx(73,20): error TS2379: Argument of type '{ lot_id: number; quantity: number; withdrawal_type: WithdrawalType; customer_id: number; delivery_place_id: number; ship_date: string | undefined; due_date: string; reason: string | undefined; reference_number: string | undefined; }' is not assignable to parameter of type 'WithdrawalCreateRequest' with 'exactOptionalPropertyTypes: true'. Consider adding 'undefined' to the types of the target's properties.
  Types of property 'ship_date' are incompatible.
    Type 'string | undefined' is not assignable to type 'string'.
      Type 'undefined' is not assignable to type 'string'.
src/features/withdrawals/components/WithdrawalForm.tsx(88,8): error TS2375: Type '{ control: Control<{ lot_id: number; quantity: number; withdrawal_type: WithdrawalType; customer_id: number; delivery_place_id: number; due_date: string; ship_date?: string | undefined; reason?: string | undefined; reference_number?: string | undefined; }, any, { ...; }>; ... 5 more ...; availableQuantity: number; }' is not assignable to type 'WithdrawalLotSelectionProps' with 'exactOptionalPropertyTypes: true'. Consider adding 'undefined' to the types of the target's properties.
  Types of property 'preselectedLot' are incompatible.
    Type 'LotUI | null | undefined' is not assignable to type 'LotUI | null'.
      Type 'undefined' is not assignable to type 'LotUI | null'.
src/features/withdrawals/components/WithdrawalForm.tsx(98,8): error TS2375: Type '{ control: Control<{ lot_id: number; quantity: number; withdrawal_type: WithdrawalType; customer_id: number; delivery_place_id: number; due_date: string; ship_date?: string | undefined; reason?: string | undefined; reference_number?: string | undefined; }, any, { ...; }>; ... 8 more ...; quantityError: string | unde...' is not assignable to type 'WithdrawalBasicInfoProps' with 'exactOptionalPropertyTypes: true'. Consider adding 'undefined' to the types of the target's properties.
  Types of property 'quantityError' are incompatible.
    Type 'string | undefined' is not assignable to type 'string'.
      Type 'undefined' is not assignable to type 'string'.
src/features/withdrawals/components/WithdrawalFormFiltered.tsx(46,40): error TS2379: Argument of type '{ preselectedLot: LotUI | null | undefined; lots: LotUI[]; onSubmit: (data: WithdrawalCreateRequest) => Promise<void>; }' is not assignable to parameter of type 'UseWithdrawalFormStateProps' with 'exactOptionalPropertyTypes: true'. Consider adding 'undefined' to the types of the target's properties.
  Types of property 'preselectedLot' are incompatible.
    Type 'LotUI | null | undefined' is not assignable to type 'LotUI | null'.
      Type 'undefined' is not assignable to type 'LotUI | null'.
src/features/withdrawals/components/WithdrawalFormFiltered.tsx(68,8): error TS2375: Type '{ preselectedLot: LotUI | null | undefined; filteredLots: LotUI[]; selectedLotId: number; availableQuantity: number; isLoading: boolean; error: string | undefined; onLotChange: (id: number) => void; }' is not assignable to type 'LotSelectorProps' with 'exactOptionalPropertyTypes: true'. Consider adding 'undefined' to the types of the target's properties.
  Types of property 'preselectedLot' are incompatible.
    Type 'LotUI | null | undefined' is not assignable to type 'LotUI | null'.
      Type 'undefined' is not assignable to type 'LotUI | null'.
src/features/withdrawals/components/withdrawalFormSchema.ts(43,3): error TS2322: Type 'string | undefined' is not assignable to type 'string'.
  Type 'undefined' is not assignable to type 'string'.
src/features/withdrawals/components/WithdrawalHistoryDialog.tsx(64,14): error TS2375: Type '{ lotId: number; onDateSelect: (date: string) => void; showWithdrawButton: true; warehouseName: string | undefined; }' is not assignable to type 'WithdrawalCalendarProps' with 'exactOptionalPropertyTypes: true'. Consider adding 'undefined' to the types of the target's properties.
  Types of property 'warehouseName' are incompatible.
    Type 'string | undefined' is not assignable to type 'string'.
      Type 'undefined' is not assignable to type 'string'.
src/features/withdrawals/components/WithdrawalHistoryDialog.tsx(75,8): error TS2375: Type '{ lot: LotUI; open: boolean; onOpenChange: Dispatch<SetStateAction<boolean>>; onSuccess: () => void; initialShipDate: string | undefined; }' is not assignable to type 'QuickWithdrawalDialogProps' with 'exactOptionalPropertyTypes: true'. Consider adding 'undefined' to the types of the target's properties.
  Types of property 'initialShipDate' are incompatible.
    Type 'string | undefined' is not assignable to type 'string'.
      Type 'undefined' is not assignable to type 'string'.
src/features/withdrawals/hooks/useWithdrawalFormState.ts(85,5): error TS2322: Type 'number | undefined' is not assignable to type 'number'.
  Type 'undefined' is not assignable to type 'number'.
src/features/withdrawals/hooks/useWithdrawalFormState.ts(99,5): error TS2322: Type 'string | undefined' is not assignable to type 'string'.
  Type 'undefined' is not assignable to type 'string'.
src/features/withdrawals/hooks/useWithdrawalFormState.ts(130,18): error TS2345: Argument of type '(prev: FilterState) => { supplier_id: number | undefined; customer_id: number; delivery_place_id: number; supplier_item_id: number; }' is not assignable to parameter of type 'SetStateAction<FilterState>'.
  Type '(prev: FilterState) => { supplier_id: number | undefined; customer_id: number; delivery_place_id: number; supplier_item_id: number; }' is not assignable to type '(prevState: FilterState) => FilterState'.
    Call signature return types '{ supplier_id: number | undefined; customer_id: number; delivery_place_id: number; supplier_item_id: number; }' and 'FilterState' are incompatible.
      The types of 'supplier_id' are incompatible between these types.
        Type 'number | undefined' is not assignable to type 'number'.
          Type 'undefined' is not assignable to type 'number'.
src/features/withdrawals/hooks/useWithdrawalFormState.ts(312,13): error TS2375: Type '{ lot_id: number; quantity: number; withdrawal_type: WithdrawalType; customer_id: number | undefined; delivery_place_id: number | undefined; ship_date: string; due_date: string; reason: string | undefined; reference_number: string | undefined; }' is not assignable to type 'WithdrawalCreateRequest' with 'exactOptionalPropertyTypes: true'. Consider adding 'undefined' to the types of the target's properties.
  Types of property 'customer_id' are incompatible.
    Type 'number | undefined' is not assignable to type 'number'.
      Type 'undefined' is not assignable to type 'number'.
src/features/withdrawals/pages/WithdrawalCreatePage.tsx(70,12): error TS2375: Type '{ preselectedLot: LotUI | undefined; lots: LotUI[]; isLoadingLots: boolean; onSubmit: (data: WithdrawalCreateRequest) => Promise<void>; onCancel: () => void; isSubmitting: boolean; }' is not assignable to type 'WithdrawalFormFilteredProps' with 'exactOptionalPropertyTypes: true'. Consider adding 'undefined' to the types of the target's properties.
  Types of property 'preselectedLot' are incompatible.
    Type 'LotUI | undefined' is not assignable to type 'LotUI | null'.
      Type 'undefined' is not assignable to type 'LotUI | null'.
src/features/withdrawals/pages/WithdrawalsListPage.tsx(56,55): error TS2379: Argument of type '{ skip: number; limit: number; withdrawal_type: WithdrawalType | undefined; search: string | undefined; }' is not assignable to parameter of type 'WithdrawalListParams' with 'exactOptionalPropertyTypes: true'. Consider adding 'undefined' to the types of the target's properties.
  Types of property 'withdrawal_type' are incompatible.
    Type 'WithdrawalType | undefined' is not assignable to type 'WithdrawalType'.
      Type 'undefined' is not assignable to type 'WithdrawalType'.
src/mocks/handlers/lot-handlers.ts(89,5): error TS2375: Type '{ updated_at: string; created_at?: string; lot_number?: string | null; order_no?: string | null; supplier_item_id?: number; warehouse_id?: number; supplier_id?: number | null; expected_lot_id?: number | null; ... 41 more ...; lot_no?: string | null; }' is not assignable to type 'LotResponse' with 'exactOptionalPropertyTypes: true'. Consider adding 'undefined' to the types of the target's properties.
  Type '{ updated_at: string; created_at?: string; lot_number?: string | null; order_no?: string | null; supplier_item_id?: number; warehouse_id?: number; supplier_id?: number | null; expected_lot_id?: number | null; ... 41 more ...; lot_no?: string | null; }' is not assignable to type '{ created_at: string; updated_at?: string | null; lot_number?: string | null; order_no?: string | null; supplier_item_id: number; warehouse_id: number; supplier_id?: number | null; expected_lot_id?: number | null; ... 36 more ...; mapping_status?: string | null; }' with 'exactOptionalPropertyTypes: true'. Consider adding 'undefined' to the types of the target's properties.
    Property 'created_at' is optional in type '{ updated_at: string; created_at?: string; lot_number?: string | null; order_no?: string | null; supplier_item_id?: number; warehouse_id?: number; supplier_id?: number | null; expected_lot_id?: number | null; ... 41 more ...; lot_no?: string | null; }' but required in type '{ created_at: string; updated_at?: string | null; lot_number?: string | null; order_no?: string | null; supplier_item_id: number; warehouse_id: number; supplier_id?: number | null; expected_lot_id?: number | null; ... 36 more ...; mapping_status?: string | null; }'.
src/mocks/handlers/order-handlers.ts(83,5): error TS2375: Type '{ status: string; updated_at: string; id?: number; created_at?: string; order_date?: string; customer_id?: number; ocr_source_filename?: string | null; cancel_reason?: string | null; locked_by_user_id?: number | null; ... 16 more ...; lines?: OrderLine[]; }' is not assignable to type 'OrderWithLinesResponse' with 'exactOptionalPropertyTypes: true'. Consider adding 'undefined' to the types of the target's properties.
  Type '{ status: string; updated_at: string; id?: number; created_at?: string; order_date?: string; customer_id?: number; ocr_source_filename?: string | null; cancel_reason?: string | null; locked_by_user_id?: number | null; ... 16 more ...; lines?: OrderLine[]; }' is not assignable to type 'Omit<{ customer_id: number; order_date: string; id: number; status: string; created_at: string; updated_at: string; ocr_source_filename?: string | null; cancel_reason?: string | null; locked_by_user_id?: number | null; locked_by_user_name?: string | null; locked_at?: string | null; lock_expires_at?: string | null; l...' with 'exactOptionalPropertyTypes: true'. Consider adding 'undefined' to the types of the target's properties.
    Property 'id' is optional in type '{ status: string; updated_at: string; id?: number; created_at?: string; order_date?: string; customer_id?: number; ocr_source_filename?: string | null; cancel_reason?: string | null; locked_by_user_id?: number | null; ... 16 more ...; lines?: OrderLine[]; }' but required in type 'Omit<{ customer_id: number; order_date: string; id: number; status: string; created_at: string; updated_at: string; ocr_source_filename?: string | null; cancel_reason?: string | null; locked_by_user_id?: number | null; locked_by_user_name?: string | null; locked_at?: string | null; lock_expires_at?: string | null; l...'.
src/services/error-logger.ts(53,11): error TS2375: Type '{ timestamp: string; level: "error" | "info" | "warning"; source: string; message: string; stack: string | undefined; context: Record<string, unknown> | undefined; userAgent: string; url: string; }' is not assignable to type 'ErrorLogEntry' with 'exactOptionalPropertyTypes: true'. Consider adding 'undefined' to the types of the target's properties.
  Types of property 'stack' are incompatible.
    Type 'string | undefined' is not assignable to type 'string'.
      Type 'undefined' is not assignable to type 'string'.
src/shared/components/data/DataTable.test.tsx(77,21): error TS2345: Argument of type 'HTMLElement | undefined' is not assignable to parameter of type 'Element | Node | Document | Window'.
  Type 'undefined' is not assignable to type 'Element | Node | Document | Window'.
src/shared/components/data/DataTable/DataTableHeader.tsx(112,14): error TS2375: Type '{ key: string; header: Header<T, unknown>; dense: boolean | undefined; }' is not assignable to type 'HeaderCellProps<T>' with 'exactOptionalPropertyTypes: true'. Consider adding 'undefined' to the types of the target's properties.
  Types of property 'dense' are incompatible.
    Type 'boolean | undefined' is not assignable to type 'boolean'.
      Type 'undefined' is not assignable to type 'boolean'.
src/shared/components/data/DataTable/useDataTable.ts(110,15): error TS2379: Argument of type '{ cell: (info: CellContext<T, unknown>) => any; size: number; minSize: number | undefined; enableSorting: any; enableHiding: any; meta: { align: any; className: any; sticky: any; }; accessorFn?: (row: T) => any; id: any; header: any; }' is not assignable to parameter of type 'ColumnDef<T>' with 'exactOptionalPropertyTypes: true'. Consider adding 'undefined' to the types of the target's properties.
  Type '{ cell: (info: CellContext<T, unknown>) => any; size: number; minSize: number | undefined; enableSorting: any; enableHiding: any; meta: { align: any; className: any; sticky: any; }; accessorFn?: (row: T) => any; id: any; header: any; }' is not assignable to type 'AccessorFnColumnDefBase<T, unknown> & IdIdentifier<T, unknown>' with 'exactOptionalPropertyTypes: true'. Consider adding 'undefined' to the types of the target's properties.
    Type '{ cell: (info: CellContext<T, unknown>) => any; size: number; minSize: number | undefined; enableSorting: any; enableHiding: any; meta: { align: any; className: any; sticky: any; }; accessorFn?: (row: T) => any; id: any; header: any; }' is not assignable to type 'AccessorFnColumnDefBase<T, unknown>' with 'exactOptionalPropertyTypes: true'. Consider adding 'undefined' to the types of the target's properties.
      Property 'accessorFn' is optional in type '{ cell: (info: CellContext<T, unknown>) => any; size: number; minSize: number | undefined; enableSorting: any; enableHiding: any; meta: { align: any; className: any; sticky: any; }; accessorFn?: (row: T) => any; id: any; header: any; }' but required in type 'AccessorFnColumnDefBase<T, unknown>'.
src/shared/components/data/DataTable/useDataTable.ts(227,30): error TS2532: Object is possibly 'undefined'.
src/shared/components/data/DataTable/useDataTable.ts(227,53): error TS2532: Object is possibly 'undefined'.
src/shared/components/data/DataTable/useDataTable.ts(244,30): error TS2345: Argument of type '(string | undefined)[]' is not assignable to parameter of type '(string | number)[]'.
  Type 'string | undefined' is not assignable to type 'string | number'.
    Type 'undefined' is not assignable to type 'string | number'.
src/shared/components/data/filter-fields/SelectFilterField.tsx(43,8): error TS2375: Type '{ children: Element[]; value: string; onValueChange: (value: string) => void; disabled: boolean | undefined; }' is not assignable to type 'SelectSharedProps' with 'exactOptionalPropertyTypes: true'. Consider adding 'undefined' to the types of the target's properties.
  Types of property 'disabled' are incompatible.
    Type 'boolean | undefined' is not assignable to type 'boolean'.
      Type 'undefined' is not assignable to type 'boolean'.
src/shared/components/data/FilterContainer.tsx(195,6): error TS2375: Type '{ children: ReactNode; searchValue: string; onSearchChange: ((value: string) => void) | undefined; searchPlaceholder: string; onReset: (() => void) | undefined; collapsible: false; className: string | undefined; hideSearch: boolean; }' is not assignable to type 'FilterContainerProps' with 'exactOptionalPropertyTypes: true'. Consider adding 'undefined' to the types of the target's properties.
  Types of property 'onSearchChange' are incompatible.
    Type '((value: string) => void) | undefined' is not assignable to type '(value: string) => void'.
      Type 'undefined' is not assignable to type '(value: string) => void'.
src/shared/components/layout/MasterDialogContainer.tsx(7,8): error TS2459: Module '"@/features/masters/components/MasterImportDialog"' declares 'TemplateGroup' locally, but it is not exported.
